user@u16041:~/dev/project/jibrel/jibrel-contracts$ ./node_modules/.bin/truffle migrate --network main_hd
Using network 'main_hd'.

Running migration: 7_deploy_jjod.js
  Start migration 7
  Network:  main_hd
  Accounts: 0xc96d0e18859c0f505063999e2b032dad49681a86
            0xa6e6b05d3155f921e90afd4b2349ad93136dcebc
            0xef76fd85eed2d0d2fbfae0c01914e850294270ac
            0x760a0dff349cbfadc740ad23d840ad7bfbf711d1
            0x16a9037eb49a985ab305b497c5efedba346d1243
            0x04c2a7a285f179aa4892ec0324dfe57ee15a1091
            0x7058aada274d7c560632dec66c7d36ae534a1bea
            0x2d34da65b147254b28894d8a626fe8564086ebc9
            0x6521778a8b891ffd05b9f0cd6b888ee566df3f32
            0xb8db6a1e8907932eae13eee92a8a0d5dc5580354
            0x585379119afa7c96b8dad499ff8f038762ff1ac5
            0x57e5be404933ec8cfa33f57500b3ddf8fbc6d12e
            0x2e13d0d47117e2ea9d6dce635197b190762413f8
            0xc5619e73ea95d812b3fc2558220d50adbc079b68
            0x7e4cb2d692077a95a309261b74af5018213840de
            0xf6f01084c729ecefeafd8005cd67355493689860
            0x6ac7f96cfdeb52fd3b2edec12c6b4b09e6703d10
            0x87d3636889a5f478691c2bf01b877dd96d9c974f
            0x6d4c8847d40d7687e361ad11d73fa8e05ee59a81
            0xfaf586e84df8eb329f6151daac7315e637278fe7
            0xe3468ac78591549a00be9820868fdff6bb047520
            0xc62447030b5d1f92d692a688ec1a49cd357c591a
            0xadabf64a843378ed14896870a6d1b657ccdbdda0
            0xa6c5690f1d6e3c3fe79649be452efac0f47b94da
            0x2432020b59aa5f9a031199a171612356524d45a4
            0x8a62def020e76cf85f1d889d128506baff9a5ae7
            0xa513afa4517ed0fc6801c14574ff67649e28e912
            0x6034e003bf68c2e6e0c49c857ea0b8f43408637a
            0xc8eb0539b10293626aa1d051c8a8b2b2d29a5f5e
            0x2c710039f4f4a18eb0691869db126d18e36e44e9
            0x90035f18f697420fd7bb2c2b92750964fcc6c1bc
            0xa03c4babe401497a14fd913aa9d4dbac17135f39
            0x1043e3e4bf3e312e188da08ecfa69c425b25c8da
            0x65256c773c2cbfd36f9743f768ab0d29bf33eb27
            0x00bc98139ceadce10758d2a6816a590b94a6dc1f
            0xa1a9cc77d007c4f59c4a3ad911605203075a41ec
            0x042c90fd2ac49ded820edc2219ce1d79bc110bed
            0xe0890bc0ad1ee1814c984a21849b2c4d0c130782
            0xe8d65b445aed950bed1906cb7cd18b21ad1c033c
            0x67cff51ac5077053a5af26c680b7c4b50d80f47f
            0xa7d7621672ee63bac987ef2e56f98bccd1f6f0ad
            0xc2fd1178f3053a2a6d71498d113cc21f4d632fd4
            0x5d7e69791e5f517e7a579e36dffad1082b8a20f9
            0x43dcbd4a57d40475d637c9080cc9b48cdbaa11e1
            0x5a564db001c24e2afa53aff8c7c64a39d92b1b3b
            0xb67aedc7c3c5965c30e56c0794c0e789baba47a2
            0x9e98e884e64106ea3b4c9d242c3879d2e0dec32f
            0x1802ef24766d0a61f2fcdcbcc9e02c4562b9764a
            0xe858367366ec027307c6ad337b572b3c82c0631e
            0x8a1aa83780d0150eba7ba87757cb90e5914cefa0
  Running step...
	Deploy and init licensed JCash crydr...
	Deploy and init JCash crydr...
		crydrViewApiStandardName - erc20
	Deploying and configure crydr storage
	Deploying storage of a crydr.
	Deploying contract and persist artifact to the hard drive.
		owner - 0xc96d0e18859c0f505063999e2b032dad49681a86
  Deploying JJODStorage...
  ... 0x1b3d0c6a8e1ea47b45ae723173cc2eed33f928d13948800a9cb124f28cfa04f0
  JJODStorage: 0xe127da95fe506913c39d8a23e8d2e858c1f15d98
		Contract successfully deployed: 0xe127da95fe506913c39d8a23e8d2e858c1f15d98
		ERROR. Failed to find tx data in recent blocks.
		ERROR. Failed to find tx data in recent blocks.
	Storage of a crydr successfully deployed: 0xe127da95fe506913c39d8a23e8d2e858c1f15d98
	Configuring managers of crydr storage...
		crydrStorageAddress - 0xe127da95fe506913c39d8a23e8d2e858c1f15d98
	Configuring manager permissions for pausable contract ...
		contractAddress - 0xe127da95fe506913c39d8a23e8d2e858c1f15d98
		ownerAddress - 0xc96d0e18859c0f505063999e2b032dad49681a86
		managerPauseAddress - 0xa6e6b05d3155f921e90afd4b2349ad93136dcebc
	Grant manager permissions:
		contractAddress - 0xe127da95fe506913c39d8a23e8d2e858c1f15d98
		ownerAddress - 0xc96d0e18859c0f505063999e2b032dad49681a86
		managerAddress - 0xa6e6b05d3155f921e90afd4b2349ad93136dcebc
		permissions - ["pause_contract","unpause_contract"]
	Enable manager of a contract:
		contractAddress - 0xe127da95fe506913c39d8a23e8d2e858c1f15d98
		ownerAddress - 0xc96d0e18859c0f505063999e2b032dad49681a86
		managerAddress - 0xa6e6b05d3155f921e90afd4b2349ad93136dcebc
	Configuring manager permissions for crydr storage ...
		crydrControllerAddress - 0xe127da95fe506913c39d8a23e8d2e858c1f15d98
		ownerAddress - 0xc96d0e18859c0f505063999e2b032dad49681a86
		manager - 0xef76fd85eed2d0d2fbfae0c01914e850294270ac
	Grant manager permissions:
		contractAddress - 0xe127da95fe506913c39d8a23e8d2e858c1f15d98
		ownerAddress - 0xc96d0e18859c0f505063999e2b032dad49681a86
		managerAddress - 0xef76fd85eed2d0d2fbfae0c01914e850294270ac
		permissions - ["set_crydr_controller"]
	Enable manager of a contract:
		contractAddress - 0xe127da95fe506913c39d8a23e8d2e858c1f15d98
		ownerAddress - 0xc96d0e18859c0f505063999e2b032dad49681a86
		managerAddress - 0xef76fd85eed2d0d2fbfae0c01914e850294270ac
		Address's "0xc96d0e18859c0f505063999e2b032dad49681a86" nonce adjusted by 1: 304 -> 305
		Address's "0xc96d0e18859c0f505063999e2b032dad49681a86" nonce adjusted by 1: 305 -> 306
		Address's "0xc96d0e18859c0f505063999e2b032dad49681a86" nonce adjusted by 1: 306 -> 307
		Address's "0xc96d0e18859c0f505063999e2b032dad49681a86" nonce adjusted by 1: 307 -> 308
		Address's "0xc96d0e18859c0f505063999e2b032dad49681a86" nonce adjusted by 1: 308 -> 309
  ... 0x8798e52538a4f6b20291b43e4e2c9d11c21eacd8e7080b94534226efc2185003
	TX submitted: 0x8798e52538a4f6b20291b43e4e2c9d11c21eacd8e7080b94534226efc2185003
  ... 0x624b229e70d9e2550e160ac82b2d645a0cfcf286ab63a052369c7bff15939064
	TX submitted: 0x624b229e70d9e2550e160ac82b2d645a0cfcf286ab63a052369c7bff15939064
  ... 0x4affdafbee3b25c07802bcf30d991ce7546d9c1ae65bb4c76fee934e9e33519f
	TX submitted: 0x4affdafbee3b25c07802bcf30d991ce7546d9c1ae65bb4c76fee934e9e33519f
  ... 0x28fcc36360a36bd7b06760134f3f3c98c1382c46f44246b9fcd3f9f15bd58d8e
	TX submitted: 0x28fcc36360a36bd7b06760134f3f3c98c1382c46f44246b9fcd3f9f15bd58d8e
  ... 0x648bec2cc575af829c0a50feb7586286ac885c9d6456df0ef22a757ecdc8c3ef
	TX submitted: 0x648bec2cc575af829c0a50feb7586286ac885c9d6456df0ef22a757ecdc8c3ef
	Permissions to the manager successfully granted
	Permissions to the manager of pausable contract granted
	Manager successfully enabled
	Permissions to the manager successfully granted
	Permissions to the manager of crydr storage granted
	Manager successfully enabled
	Managers of crydr storage successfully configured
	Crydr storage successfully deployed and configured
	Deploying and configure crydr controller
	Deploying controller of a crydr
	Deploying contract and persist artifact to the hard drive.
		owner - 0xc96d0e18859c0f505063999e2b032dad49681a86
  Deploying JJODController...
  ... 0xdea6435758b139e104501cac6f0e5bba1f7a5e2557f04d6fd8f71e4d7c8da82e
  JJODController: 0x3cb784fe2b4fcc0ff372430857a2aca63b96f397
		Contract successfully deployed: 0x3cb784fe2b4fcc0ff372430857a2aca63b96f397
		ERROR. Failed to find tx data in recent blocks.
		ERROR. Failed to find tx data in recent blocks.
	Controller of a crydr successfully deployed: 0x3cb784fe2b4fcc0ff372430857a2aca63b96f397
	Configuring managers of crydr controller...
		crydrControllerAddress - 0x3cb784fe2b4fcc0ff372430857a2aca63b96f397
	Configuring manager permissions for pausable contract ...
		contractAddress - 0x3cb784fe2b4fcc0ff372430857a2aca63b96f397
		ownerAddress - 0xc96d0e18859c0f505063999e2b032dad49681a86
		managerPauseAddress - 0xa6e6b05d3155f921e90afd4b2349ad93136dcebc
	Grant manager permissions:
		contractAddress - 0x3cb784fe2b4fcc0ff372430857a2aca63b96f397
		ownerAddress - 0xc96d0e18859c0f505063999e2b032dad49681a86
		managerAddress - 0xa6e6b05d3155f921e90afd4b2349ad93136dcebc
		permissions - ["pause_contract","unpause_contract"]
	Enable manager of a contract:
		contractAddress - 0x3cb784fe2b4fcc0ff372430857a2aca63b96f397
		ownerAddress - 0xc96d0e18859c0f505063999e2b032dad49681a86
		managerAddress - 0xa6e6b05d3155f921e90afd4b2349ad93136dcebc
	Configuring manager permissions for crydr controller ...
		crydrControllerAddress - 0x3cb784fe2b4fcc0ff372430857a2aca63b96f397
		ownerAddress - 0xc96d0e18859c0f505063999e2b032dad49681a86
		managerAddress - 0xef76fd85eed2d0d2fbfae0c01914e850294270ac
	Grant manager permissions:
		contractAddress - 0x3cb784fe2b4fcc0ff372430857a2aca63b96f397
		ownerAddress - 0xc96d0e18859c0f505063999e2b032dad49681a86
		managerAddress - 0xef76fd85eed2d0d2fbfae0c01914e850294270ac
		permissions - ["set_crydr_storage","set_crydr_view","remove_crydr_view"]
	Enable manager of a contract:
		contractAddress - 0x3cb784fe2b4fcc0ff372430857a2aca63b96f397
		ownerAddress - 0xc96d0e18859c0f505063999e2b032dad49681a86
		managerAddress - 0xef76fd85eed2d0d2fbfae0c01914e850294270ac
	Configuring manager permissions for crydr controller ...
		crydrControllerAddress - 0x3cb784fe2b4fcc0ff372430857a2aca63b96f397
		ownerAddress - 0xc96d0e18859c0f505063999e2b032dad49681a86
		manager - 0x760a0dff349cbfadc740ad23d840ad7bfbf711d1
	Grant manager permissions:
		contractAddress - 0x3cb784fe2b4fcc0ff372430857a2aca63b96f397
		ownerAddress - 0xc96d0e18859c0f505063999e2b032dad49681a86
		managerAddress - 0x760a0dff349cbfadc740ad23d840ad7bfbf711d1
		permissions - ["block_account","unblock_account","block_account_funds","unblock_account_funds"]
	Enable manager of a contract:
		contractAddress - 0x3cb784fe2b4fcc0ff372430857a2aca63b96f397
		ownerAddress - 0xc96d0e18859c0f505063999e2b032dad49681a86
		managerAddress - 0x760a0dff349cbfadc740ad23d840ad7bfbf711d1
	Configuring manager permissions for mintable crydr controller ...
		crydrControllerAddress - 0x3cb784fe2b4fcc0ff372430857a2aca63b96f397
		ownerAddress - 0xc96d0e18859c0f505063999e2b032dad49681a86
		manager - 0x16a9037eb49a985ab305b497c5efedba346d1243
	Grant manager permissions:
		contractAddress - 0x3cb784fe2b4fcc0ff372430857a2aca63b96f397
		ownerAddress - 0xc96d0e18859c0f505063999e2b032dad49681a86
		managerAddress - 0x16a9037eb49a985ab305b497c5efedba346d1243
		permissions - ["mint_crydr","burn_crydr"]
	Enable manager of a contract:
		contractAddress - 0x3cb784fe2b4fcc0ff372430857a2aca63b96f397
		ownerAddress - 0xc96d0e18859c0f505063999e2b032dad49681a86
		managerAddress - 0x16a9037eb49a985ab305b497c5efedba346d1243
	Configuring manager permissions for mintable crydr controller ...
		crydrControllerAddress - 0x3cb784fe2b4fcc0ff372430857a2aca63b96f397
		ownerAddress - 0xc96d0e18859c0f505063999e2b032dad49681a86
		managerAddress - 0x2d34da65b147254b28894d8a626fe8564086ebc9
	Grant manager permissions:
		contractAddress - 0x3cb784fe2b4fcc0ff372430857a2aca63b96f397
		ownerAddress - 0xc96d0e18859c0f505063999e2b032dad49681a86
		managerAddress - 0x2d34da65b147254b28894d8a626fe8564086ebc9
		permissions - ["forced_transfer"]
	Enable manager of a contract:
		contractAddress - 0x3cb784fe2b4fcc0ff372430857a2aca63b96f397
		ownerAddress - 0xc96d0e18859c0f505063999e2b032dad49681a86
		managerAddress - 0x2d34da65b147254b28894d8a626fe8564086ebc9
		Address's "0xc96d0e18859c0f505063999e2b032dad49681a86" nonce adjusted by 1: 310 -> 311
		Address's "0xc96d0e18859c0f505063999e2b032dad49681a86" nonce adjusted by 1: 311 -> 312
		Address's "0xc96d0e18859c0f505063999e2b032dad49681a86" nonce adjusted by 1: 312 -> 313
		Address's "0xc96d0e18859c0f505063999e2b032dad49681a86" nonce adjusted by 1: 313 -> 314
		Address's "0xc96d0e18859c0f505063999e2b032dad49681a86" nonce adjusted by 1: 314 -> 315
		Address's "0xc96d0e18859c0f505063999e2b032dad49681a86" nonce adjusted by 1: 315 -> 316
		Address's "0xc96d0e18859c0f505063999e2b032dad49681a86" nonce adjusted by 1: 316 -> 317
		Address's "0xc96d0e18859c0f505063999e2b032dad49681a86" nonce adjusted by 1: 317 -> 318
		Address's "0xc96d0e18859c0f505063999e2b032dad49681a86" nonce adjusted by 1: 318 -> 319
		Address's "0xc96d0e18859c0f505063999e2b032dad49681a86" nonce adjusted by 1: 319 -> 320
		Address's "0xc96d0e18859c0f505063999e2b032dad49681a86" nonce adjusted by 1: 320 -> 321
		Address's "0xc96d0e18859c0f505063999e2b032dad49681a86" nonce adjusted by 1: 321 -> 322
		Address's "0xc96d0e18859c0f505063999e2b032dad49681a86" nonce adjusted by 1: 322 -> 323
		Address's "0xc96d0e18859c0f505063999e2b032dad49681a86" nonce adjusted by 1: 323 -> 324
		Address's "0xc96d0e18859c0f505063999e2b032dad49681a86" nonce adjusted by 1: 324 -> 325
		Address's "0xc96d0e18859c0f505063999e2b032dad49681a86" nonce adjusted by 1: 325 -> 326
		Address's "0xc96d0e18859c0f505063999e2b032dad49681a86" nonce adjusted by 1: 326 -> 327
  ... 0xd7e6ff2cc549681ac3494b08228424eeda2ac9039279e87415f50391dbc688f7
	TX submitted: 0xd7e6ff2cc549681ac3494b08228424eeda2ac9039279e87415f50391dbc688f7
  ... 0xe93a38051176788823e0e509091ac23b547603e89e6d1247bac77fb4fa8f1335
	TX submitted: 0xe93a38051176788823e0e509091ac23b547603e89e6d1247bac77fb4fa8f1335
  ... 0x542b57086996c8b7d750dad398f257b043d527fd8813d601e3ca80f373075a8a
	TX submitted: 0x542b57086996c8b7d750dad398f257b043d527fd8813d601e3ca80f373075a8a
  ... 0x0b72611d4a4f36c8c4efa7272441dd5c2e6a0ba52b385897961835c7f910d83d
	TX submitted: 0x0b72611d4a4f36c8c4efa7272441dd5c2e6a0ba52b385897961835c7f910d83d
  ... 0xfe6e5b13eb03b37d6d06494dd96d87b77f10a6bbfb8c083f9726c2a136fdbc04
	TX submitted: 0xfe6e5b13eb03b37d6d06494dd96d87b77f10a6bbfb8c083f9726c2a136fdbc04
  ... 0xd5b0ec4da64c4f77efd3a2dba0e96ed5b6358d06c7f945075774880d4a82ae0f
	TX submitted: 0xd5b0ec4da64c4f77efd3a2dba0e96ed5b6358d06c7f945075774880d4a82ae0f
  ... 0xb159ec6b307c8c581b47e97bccbc04d86d48efc9fd83b2ca1f7be90f67eeff9c
	TX submitted: 0xb159ec6b307c8c581b47e97bccbc04d86d48efc9fd83b2ca1f7be90f67eeff9c
  ... 0xd8ffb3341d648800bde78cbd7dfe1813918d46d5bf3997280cb0c08b63b84ddb
	TX submitted: 0xd8ffb3341d648800bde78cbd7dfe1813918d46d5bf3997280cb0c08b63b84ddb
  ... 0x6e8b5bcaa37be558231451d47e6f170007142ab13d12dd4b9a851934f9721df4
	TX submitted: 0x6e8b5bcaa37be558231451d47e6f170007142ab13d12dd4b9a851934f9721df4
  ... 0xe9b0040ddf266cec415343459a4f9c50dd51dbd679492f71eafc5fdc10f4fb3f
	TX submitted: 0xe9b0040ddf266cec415343459a4f9c50dd51dbd679492f71eafc5fdc10f4fb3f
  ... 0x2ebf8811ab3b680e45421a6b7d82a2f205192831d5dbfbb175c119d66282a508
	TX submitted: 0x2ebf8811ab3b680e45421a6b7d82a2f205192831d5dbfbb175c119d66282a508
  ... 0x79535204bce80198d66c118907b7c8cb7b4c91e4cb768ff78e58de9d3a30f679
	TX submitted: 0x79535204bce80198d66c118907b7c8cb7b4c91e4cb768ff78e58de9d3a30f679
  ... 0xcf7ddbc927ce94625b70ba634a161ca21612e4082efc44263e27cb4a4893b88d
	TX submitted: 0xcf7ddbc927ce94625b70ba634a161ca21612e4082efc44263e27cb4a4893b88d
  ... 0xc345a587b3cb2f509c5ba13e78ea8ced5366e54c260264bcd4c43853e4a06753
	TX submitted: 0xc345a587b3cb2f509c5ba13e78ea8ced5366e54c260264bcd4c43853e4a06753
  ... 0xceb57693b61de5b080d0935a28bf2dcf0e409620dc9827ff2a8332520deddd47
	TX submitted: 0xceb57693b61de5b080d0935a28bf2dcf0e409620dc9827ff2a8332520deddd47
  ... 0x78b81b33920dffc39adb17d7e093f0ee6781e53869b85dfa76cf3b952aa10efa
	TX submitted: 0x78b81b33920dffc39adb17d7e093f0ee6781e53869b85dfa76cf3b952aa10efa
  ... 0x9139da6527630b450c32834ee625b46bc6a8206f8444f52eb4dbfd33d036a29e
	TX submitted: 0x9139da6527630b450c32834ee625b46bc6a8206f8444f52eb4dbfd33d036a29e
	Permissions to the manager successfully granted
	Permissions to the manager of pausable contract granted
	Manager successfully enabled
	Permissions to the manager successfully granted
	Permissions to the manager of crydr controller granted
	Manager successfully enabled
	Permissions to the manager successfully granted
	Permissions to the manager of crydr controller granted
	Manager successfully enabled
	Manager successfully enabled
	Manager successfully enabled
	Permissions to the manager successfully granted
	Permissions to the manager of mintable crydr controller granted
	Permissions to the manager successfully granted
	Permissions to the manager of ForcedTransfer crydr controller granted
	Managers of crydr controller successfully configured
	Crydr storage successfully deployed and configured
	Deploying and configure crydr view
	Deploying view of a crydr.
	Deploying contract and persist artifact to the hard drive.
		owner - 0xc96d0e18859c0f505063999e2b032dad49681a86
  Deploying JJODViewERC20...
  ... 0x62765ec6a6bdab54d4f0f00d88307d8b53212a55d9cad61f6b1a50ac47c987a4
  JJODViewERC20: 0xa125fef3f84df7996babc5f67d1929f5329af6ce
		Contract successfully deployed: 0xa125fef3f84df7996babc5f67d1929f5329af6ce
		ERROR. Failed to find tx data in recent blocks.
		ERROR. Failed to find tx data in recent blocks.
	View of a crydr successfully deployed: 0xa125fef3f84df7996babc5f67d1929f5329af6ce
	Configuring managers of crydr view...
		crydrViewAddress - 0xa125fef3f84df7996babc5f67d1929f5329af6ce
	Configuring manager permissions for pausable contract ...
		contractAddress - 0xa125fef3f84df7996babc5f67d1929f5329af6ce
		ownerAddress - 0xc96d0e18859c0f505063999e2b032dad49681a86
		managerPauseAddress - 0xa6e6b05d3155f921e90afd4b2349ad93136dcebc
	Grant manager permissions:
		contractAddress - 0xa125fef3f84df7996babc5f67d1929f5329af6ce
		ownerAddress - 0xc96d0e18859c0f505063999e2b032dad49681a86
		managerAddress - 0xa6e6b05d3155f921e90afd4b2349ad93136dcebc
		permissions - ["pause_contract","unpause_contract"]
	Enable manager of a contract:
		contractAddress - 0xa125fef3f84df7996babc5f67d1929f5329af6ce
		ownerAddress - 0xc96d0e18859c0f505063999e2b032dad49681a86
		managerAddress - 0xa6e6b05d3155f921e90afd4b2349ad93136dcebc
	Configuring manager permissions for crydr view ...
		jntViewAddress - 0xa125fef3f84df7996babc5f67d1929f5329af6ce
		ownerAddress - 0xc96d0e18859c0f505063999e2b032dad49681a86
		managerAddress - 0xef76fd85eed2d0d2fbfae0c01914e850294270ac
	Grant manager permissions:
		contractAddress - 0xa125fef3f84df7996babc5f67d1929f5329af6ce
		ownerAddress - 0xc96d0e18859c0f505063999e2b032dad49681a86
		managerAddress - 0xef76fd85eed2d0d2fbfae0c01914e850294270ac
		permissions - ["set_crydr_controller"]
	Configuring manager permissions for named crydr view...
		crydrControllerAddress - 0xa125fef3f84df7996babc5f67d1929f5329af6ce
		ownerAddress - 0xc96d0e18859c0f505063999e2b032dad49681a86
		managerAddress - 0xef76fd85eed2d0d2fbfae0c01914e850294270ac
	Grant manager permissions:
		contractAddress - 0xa125fef3f84df7996babc5f67d1929f5329af6ce
		ownerAddress - 0xc96d0e18859c0f505063999e2b032dad49681a86
		managerAddress - 0xef76fd85eed2d0d2fbfae0c01914e850294270ac
		permissions - ["set_crydr_name","set_crydr_symbol","set_crydr_decimals"]
	Enable manager of a contract:
		contractAddress - 0xa125fef3f84df7996babc5f67d1929f5329af6ce
		ownerAddress - 0xc96d0e18859c0f505063999e2b032dad49681a86
		managerAddress - 0xef76fd85eed2d0d2fbfae0c01914e850294270ac
		Address's "0xc96d0e18859c0f505063999e2b032dad49681a86" nonce adjusted by 1: 328 -> 329
		Address's "0xc96d0e18859c0f505063999e2b032dad49681a86" nonce adjusted by 1: 329 -> 330
		Address's "0xc96d0e18859c0f505063999e2b032dad49681a86" nonce adjusted by 1: 330 -> 331
		Address's "0xc96d0e18859c0f505063999e2b032dad49681a86" nonce adjusted by 1: 331 -> 332
		Address's "0xc96d0e18859c0f505063999e2b032dad49681a86" nonce adjusted by 1: 332 -> 333
		Address's "0xc96d0e18859c0f505063999e2b032dad49681a86" nonce adjusted by 1: 333 -> 334
		Address's "0xc96d0e18859c0f505063999e2b032dad49681a86" nonce adjusted by 1: 334 -> 335
		Address's "0xc96d0e18859c0f505063999e2b032dad49681a86" nonce adjusted by 1: 335 -> 336
  ... 0x13ec11726a6bfeec4d8c1f94f9c00740dafc1e7191f17397c811aced084b6df5
	TX submitted: 0x13ec11726a6bfeec4d8c1f94f9c00740dafc1e7191f17397c811aced084b6df5
  ... 0x7cf35955b8f511f1c99a54849d84d0de1e0427ee6fbbfd1fbc2ac9203696450a
	TX submitted: 0x7cf35955b8f511f1c99a54849d84d0de1e0427ee6fbbfd1fbc2ac9203696450a
  ... 0xefe2bf36bcb5bb962c04e4c41b383b71feaa0baf502d0a2d1a50241148f7c96f
	TX submitted: 0xefe2bf36bcb5bb962c04e4c41b383b71feaa0baf502d0a2d1a50241148f7c96f
  ... 0xe3e9826b5f40abdb8d8081f6277d442eb925c2538c4c5065400e26c7610967e4
	TX submitted: 0xe3e9826b5f40abdb8d8081f6277d442eb925c2538c4c5065400e26c7610967e4
  ... 0x21937eca441ac72a2062016ab92e1de0029eee5b07f07b8dd854658b66beca22
	TX submitted: 0x21937eca441ac72a2062016ab92e1de0029eee5b07f07b8dd854658b66beca22
  ... 0xce68b9734e604bef9cb528531a5eb351a9927ed9ec0d51f5663e4fa9d23d42e1
	TX submitted: 0xce68b9734e604bef9cb528531a5eb351a9927ed9ec0d51f5663e4fa9d23d42e1
  ... 0x25271647f5e8cf4aae5ee3cfd63b4afd51a4d6e00fb7e99f0d0baf2eeef8f114
	TX submitted: 0x25271647f5e8cf4aae5ee3cfd63b4afd51a4d6e00fb7e99f0d0baf2eeef8f114
  ... 0x1a9280b70b0206714d86700971949bd2b203eeba7140dad4be29d8c22cfa55d8
	TX submitted: 0x1a9280b70b0206714d86700971949bd2b203eeba7140dad4be29d8c22cfa55d8
	Permissions to the manager successfully granted
	Permissions to the manager of pausable contract granted
	Manager successfully enabled
	Permissions to the manager successfully granted
	Permissions to the manager of crydr view granted
	Permissions to the manager successfully granted
	Permissions to the manager of named crydr view granted
	Manager successfully enabled
	Managers of crydr view successfully configured
	Crydr view successfully deployed and configured
	Link crydr contracts
	Link crydr storage to controller...
		crydrStorageAddress - 0xe127da95fe506913c39d8a23e8d2e858c1f15d98
		crydrControllerAddress - 0x3cb784fe2b4fcc0ff372430857a2aca63b96f397
	Set controller of CryDR storage:
		storage - 0xe127da95fe506913c39d8a23e8d2e858c1f15d98
		managerAddress - 0xef76fd85eed2d0d2fbfae0c01914e850294270ac
		controller - 0x3cb784fe2b4fcc0ff372430857a2aca63b96f397
	Set storage of CryDR controller:
		controller - 0x3cb784fe2b4fcc0ff372430857a2aca63b96f397
		managerAddress - 0xef76fd85eed2d0d2fbfae0c01914e850294270ac
		storage - 0xe127da95fe506913c39d8a23e8d2e858c1f15d98
	Link crydr view to controller...
		crydrControllerAddress - 0x3cb784fe2b4fcc0ff372430857a2aca63b96f397
		crydrViewAddress - 0xa125fef3f84df7996babc5f67d1929f5329af6ce
		crydrViewApiStandardName - erc20
	Set controller of crydr view:
		crydrViewAddress - 0xa125fef3f84df7996babc5f67d1929f5329af6ce
		managerAddress - 0xef76fd85eed2d0d2fbfae0c01914e850294270ac
		crydrControllerAddress - 0x3cb784fe2b4fcc0ff372430857a2aca63b96f397
	Set view of CryDR controller:
		controller - 0x3cb784fe2b4fcc0ff372430857a2aca63b96f397
		managerAddress - 0xef76fd85eed2d0d2fbfae0c01914e850294270ac
		crydrViewAddress - 0xa125fef3f84df7996babc5f67d1929f5329af6ce
		crydrViewStandardName - erc20
		Address's "0xef76fd85eed2d0d2fbfae0c01914e850294270ac" nonce started to track: 34 -> 35
		Address's "0xef76fd85eed2d0d2fbfae0c01914e850294270ac" nonce adjusted by 1: 35 -> 36
		Address's "0xef76fd85eed2d0d2fbfae0c01914e850294270ac" nonce adjusted by 1: 36 -> 37
		Address's "0xef76fd85eed2d0d2fbfae0c01914e850294270ac" nonce adjusted by 1: 37 -> 38
  ... 0xf076345436e0a52d551411610a5cf66675c5ca55ae649bba6003ee175143e938
	TX submitted: 0xf076345436e0a52d551411610a5cf66675c5ca55ae649bba6003ee175143e938
  ... 0x42dd0c9f5af635ec35f3454f13d506fe62c75d31a36701a0a49cfd45a21c1705
	TX submitted: 0x42dd0c9f5af635ec35f3454f13d506fe62c75d31a36701a0a49cfd45a21c1705
  ... 0xfd95da569bf8abd98603a2c19a0bce0fa35f8c28ecd8c992babd3bacdd331258
	TX submitted: 0xfd95da569bf8abd98603a2c19a0bce0fa35f8c28ecd8c992babd3bacdd331258
  ... 0xbb63435974ee73aea6b517828f86598e8df94f469c1f22c7d4fab814a13c38e1
	TX submitted: 0xbb63435974ee73aea6b517828f86598e8df94f469c1f22c7d4fab814a13c38e1
	Controller of CryDR storage successfully set
	Storage of CryDR controller successfully set
	Crydr storage successfully linked
	Controller of crydr view successfully set
	View of CryDR controller successfully set
	Crydr view successfully linked
	Crydr contracts successfully linked
	JCash crydr successfully initialized
	Deploying license registry contract
	Deploying license registry of a crydr.
	Deploying contract and persist artifact to the hard drive.
		owner - 0xc96d0e18859c0f505063999e2b032dad49681a86
  Deploying JJODLicenseRegistry...
  ... 0x70b1bded569c036addbb57bd76e98e7d117c00b076028a08af1f7bc151a6fcf8
  JJODLicenseRegistry: 0xe2831143a275c7e05ada4af87a85c38531cdffc7
		Contract successfully deployed: 0xe2831143a275c7e05ada4af87a85c38531cdffc7
		ERROR. Failed to find tx data in recent blocks.
		ERROR. Failed to find tx data in recent blocks.
	License registry of a crydr successfully deployed: 0xe2831143a275c7e05ada4af87a85c38531cdffc7
	License registry successfully deployed
	Configuring license managers
	Configuring managers of license registry...
		licenseRegistryAddress - 0xe2831143a275c7e05ada4af87a85c38531cdffc7
	Configuring manager permissions for pausable contract ...
		contractAddress - 0xe2831143a275c7e05ada4af87a85c38531cdffc7
		ownerAddress - 0xc96d0e18859c0f505063999e2b032dad49681a86
		managerPauseAddress - 0xa6e6b05d3155f921e90afd4b2349ad93136dcebc
	Grant manager permissions:
		contractAddress - 0xe2831143a275c7e05ada4af87a85c38531cdffc7
		ownerAddress - 0xc96d0e18859c0f505063999e2b032dad49681a86
		managerAddress - 0xa6e6b05d3155f921e90afd4b2349ad93136dcebc
		permissions - ["pause_contract","unpause_contract"]
	Enable manager of a contract:
		contractAddress - 0xe2831143a275c7e05ada4af87a85c38531cdffc7
		ownerAddress - 0xc96d0e18859c0f505063999e2b032dad49681a86
		managerAddress - 0xa6e6b05d3155f921e90afd4b2349ad93136dcebc
	Configuring manager permissions for license registry ...
		crydrControllerAddress - 0xe2831143a275c7e05ada4af87a85c38531cdffc7
		ownerAddress - 0xc96d0e18859c0f505063999e2b032dad49681a86
		manager - 0x7058aada274d7c560632dec66c7d36ae534a1bea
	Grant manager permissions:
		contractAddress - 0xe2831143a275c7e05ada4af87a85c38531cdffc7
		ownerAddress - 0xc96d0e18859c0f505063999e2b032dad49681a86
		managerAddress - 0x7058aada274d7c560632dec66c7d36ae534a1bea
		permissions - ["admit_user","deny_user","grant_license","revoke_license"]
	Enable manager of a contract:
		contractAddress - 0xe2831143a275c7e05ada4af87a85c38531cdffc7
		ownerAddress - 0xc96d0e18859c0f505063999e2b032dad49681a86
		managerAddress - 0x7058aada274d7c560632dec66c7d36ae534a1bea
		Address's "0xc96d0e18859c0f505063999e2b032dad49681a86" nonce adjusted by 1: 337 -> 338
		Address's "0xc96d0e18859c0f505063999e2b032dad49681a86" nonce adjusted by 1: 338 -> 339
		Address's "0xc96d0e18859c0f505063999e2b032dad49681a86" nonce adjusted by 1: 339 -> 340
		Address's "0xc96d0e18859c0f505063999e2b032dad49681a86" nonce adjusted by 1: 340 -> 341
		Address's "0xc96d0e18859c0f505063999e2b032dad49681a86" nonce adjusted by 1: 341 -> 342
		Address's "0xc96d0e18859c0f505063999e2b032dad49681a86" nonce adjusted by 1: 342 -> 343
		Address's "0xc96d0e18859c0f505063999e2b032dad49681a86" nonce adjusted by 1: 343 -> 344
		Address's "0xc96d0e18859c0f505063999e2b032dad49681a86" nonce adjusted by 1: 344 -> 345
  ... 0x5b3a889e905a10c03b901da12d4a7cb9266edcf3d4445843b239330aac0afa6d
	TX submitted: 0x5b3a889e905a10c03b901da12d4a7cb9266edcf3d4445843b239330aac0afa6d
  ... 0x97afb07f62b156ffad0c6a9c12149e5a70e2efc2b45f13fa9b3b2f797c9d0772
	TX submitted: 0x97afb07f62b156ffad0c6a9c12149e5a70e2efc2b45f13fa9b3b2f797c9d0772
  ... 0x6ef200853afef28234d8e27cb3704505f3fe64339e5b0daf573ffa61d141c88e
	TX submitted: 0x6ef200853afef28234d8e27cb3704505f3fe64339e5b0daf573ffa61d141c88e
  ... 0x36937659568a1adea294e0ba9a71d5320b54de35815f89a3e899d9f11879b15b
	TX submitted: 0x36937659568a1adea294e0ba9a71d5320b54de35815f89a3e899d9f11879b15b
  ... 0xed4761c37f967ded33cf947997217f936689da70b4f619c6b8f5d1b8ba6a6211
	TX submitted: 0xed4761c37f967ded33cf947997217f936689da70b4f619c6b8f5d1b8ba6a6211
  ... 0x9135d3454e24b9bd573664c406bd4f494e97bcd532b252d210d9dbb8eae4e3db
	TX submitted: 0x9135d3454e24b9bd573664c406bd4f494e97bcd532b252d210d9dbb8eae4e3db
  ... 0x1fd3251c20d184f784b543c3c659f57b77a6dce4d78ef1124f69f998840c3a10
	TX submitted: 0x1fd3251c20d184f784b543c3c659f57b77a6dce4d78ef1124f69f998840c3a10
  ... 0x940bb9c5fdb3d2d99e027ba632f16a08921cac3ed05f931e1ee690cc1c6bef5a
	TX submitted: 0x940bb9c5fdb3d2d99e027ba632f16a08921cac3ed05f931e1ee690cc1c6bef5a
	Permissions to the manager successfully granted
	Permissions to the manager of pausable contract granted
	Manager successfully enabled
	Permissions to the manager successfully granted
	Permissions to the manager of license registry granted
	Manager successfully enabled
	Managers of license registry successfully configured
	Configuring managers of licensed crydr controller...
		crydrControllerAddress - 0x3cb784fe2b4fcc0ff372430857a2aca63b96f397
		ethAccounts.owner - 0xc96d0e18859c0f505063999e2b032dad49681a86
		ethAccounts.managerGeneral - 0xef76fd85eed2d0d2fbfae0c01914e850294270ac
	Configuring manager permissions for licensed crydr controller ...
		crydrControllerAddress - 0x3cb784fe2b4fcc0ff372430857a2aca63b96f397
		ownerAddress - 0xc96d0e18859c0f505063999e2b032dad49681a86
		managerAddress - 0xef76fd85eed2d0d2fbfae0c01914e850294270ac
	Grant manager permissions:
		contractAddress - 0x3cb784fe2b4fcc0ff372430857a2aca63b96f397
		ownerAddress - 0xc96d0e18859c0f505063999e2b032dad49681a86
		managerAddress - 0xef76fd85eed2d0d2fbfae0c01914e850294270ac
		permissions - ["set_license_registry"]
		Address's "0xc96d0e18859c0f505063999e2b032dad49681a86" nonce adjusted by 1: 345 -> 346
  ... 0x6f02d6f31caa0e82450394aeff9e15190caa6bebaa70a85c3a8eeb5d3c59d170
	TX submitted: 0x6f02d6f31caa0e82450394aeff9e15190caa6bebaa70a85c3a8eeb5d3c59d170
	Permissions to the manager successfully granted
	Permissions to the manager of licensed crydr controller granted
	Managers of licensed crydr controller successfully configured
	License managers successfully configured
	Link license registry and controller
	Link license registry and controller...
		licenseRegistryAddress - 0xe2831143a275c7e05ada4af87a85c38531cdffc7
		crydrControllerAddress - 0x3cb784fe2b4fcc0ff372430857a2aca63b96f397
	Set license registry for the controller:
		crydrControllerAddress - 0x3cb784fe2b4fcc0ff372430857a2aca63b96f397
		managerAddress - 0xef76fd85eed2d0d2fbfae0c01914e850294270ac
		licenseRegistryAddress - 0xe2831143a275c7e05ada4af87a85c38531cdffc7
		Address's "0xef76fd85eed2d0d2fbfae0c01914e850294270ac" nonce adjusted by 1: 38 -> 39
  ... 0xcdf2ed1660b631fdebd8743f1253c982187d7dad4263905c6b90884636a083c9
	TX submitted: 0xcdf2ed1660b631fdebd8743f1253c982187d7dad4263905c6b90884636a083c9
	License registry of CryDR controller successfully set
	License registry and controller successfully linked
	License registry and controller successfully linked
	Licensed JCash crydr successfully initialized
	Unpause contract:
		contractAddress - 0xe127da95fe506913c39d8a23e8d2e858c1f15d98
		managerAddress - 0xa6e6b05d3155f921e90afd4b2349ad93136dcebc
		Address's "0xa6e6b05d3155f921e90afd4b2349ad93136dcebc" nonce started to track: 24 -> 25
  ... 0xf3276eac70db6d47108a0886530759424f4617de0b5c4b6d7a3f0ac28225aa08
	TX submitted: 0xf3276eac70db6d47108a0886530759424f4617de0b5c4b6d7a3f0ac28225aa08
		Contract successfully unpaused
	Unpause contract:
		contractAddress - 0xe2831143a275c7e05ada4af87a85c38531cdffc7
		managerAddress - 0xa6e6b05d3155f921e90afd4b2349ad93136dcebc
		Address's "0xa6e6b05d3155f921e90afd4b2349ad93136dcebc" nonce adjusted by 1: 25 -> 26
  ... 0x4a0542d4f0025a34d417c58f4c033d1693fb34355b2cf3e5fb051431b8efe02a
	TX submitted: 0x4a0542d4f0025a34d417c58f4c033d1693fb34355b2cf3e5fb051431b8efe02a
		Contract successfully unpaused
	Unpause contract:
		contractAddress - 0x3cb784fe2b4fcc0ff372430857a2aca63b96f397
		managerAddress - 0xa6e6b05d3155f921e90afd4b2349ad93136dcebc
		Address's "0xa6e6b05d3155f921e90afd4b2349ad93136dcebc" nonce adjusted by 1: 26 -> 27
  ... 0x1796dfd9780ae9fe97a73e8589d55a6ee3d2542df7c2d19cc776db601f9145dc
	TX submitted: 0x1796dfd9780ae9fe97a73e8589d55a6ee3d2542df7c2d19cc776db601f9145dc
		Contract successfully unpaused
	Unpause contract:
		contractAddress - 0xa125fef3f84df7996babc5f67d1929f5329af6ce
		managerAddress - 0xa6e6b05d3155f921e90afd4b2349ad93136dcebc
		Address's "0xa6e6b05d3155f921e90afd4b2349ad93136dcebc" nonce adjusted by 1: 27 -> 28
  ... 0xc37044143ab79af38d26e2c2096b2b8198dca41afbe078c6d3ca36f0f6cbdea3
	TX submitted: 0xc37044143ab79af38d26e2c2096b2b8198dca41afbe078c6d3ca36f0f6cbdea3
		Contract successfully unpaused
  JJOD deployed, configured and unpaused:
	JJODStorageAddress: 0xe127da95fe506913c39d8a23e8d2e858c1f15d98
	JJODLicenseRegistryAddress: 0xe2831143a275c7e05ada4af87a85c38531cdffc7
	JJODControllerAddress: 0x3cb784fe2b4fcc0ff372430857a2aca63b96f397
	JJODViewERC20Address: 0xa125fef3f84df7996babc5f67d1929f5329af6ce
  Migration 7 finished
Saving successful migration to network...
  ... 0x3f304e539e696beef72827c1185d4fae9780c0fb3bea51ba48b0d0f7120afe20
Saving artifacts...

