user@u16041:~/dev/project/jibrel/jibrel-contracts$ ./node_modules/.bin/truffle migrate --network main_hd
Using network 'main_hd'.

Running migration: 6_deploy_jkrw.js
  Start migration 6
  Network:  main_hd
  Accounts: 0xc96d0e18859c0f505063999e2b032dad49681a86
            0xa6e6b05d3155f921e90afd4b2349ad93136dcebc
            0xef76fd85eed2d0d2fbfae0c01914e850294270ac
            0x760a0dff349cbfadc740ad23d840ad7bfbf711d1
            0x16a9037eb49a985ab305b497c5efedba346d1243
            0x04c2a7a285f179aa4892ec0324dfe57ee15a1091
            0x7058aada274d7c560632dec66c7d36ae534a1bea
            0x2d34da65b147254b28894d8a626fe8564086ebc9
            0x6521778a8b891ffd05b9f0cd6b888ee566df3f32
            0xb8db6a1e8907932eae13eee92a8a0d5dc5580354
            0x585379119afa7c96b8dad499ff8f038762ff1ac5
            0x57e5be404933ec8cfa33f57500b3ddf8fbc6d12e
            0x2e13d0d47117e2ea9d6dce635197b190762413f8
            0xc5619e73ea95d812b3fc2558220d50adbc079b68
            0x7e4cb2d692077a95a309261b74af5018213840de
            0xf6f01084c729ecefeafd8005cd67355493689860
            0x6ac7f96cfdeb52fd3b2edec12c6b4b09e6703d10
            0x87d3636889a5f478691c2bf01b877dd96d9c974f
            0x6d4c8847d40d7687e361ad11d73fa8e05ee59a81
            0xfaf586e84df8eb329f6151daac7315e637278fe7
            0xe3468ac78591549a00be9820868fdff6bb047520
            0xc62447030b5d1f92d692a688ec1a49cd357c591a
            0xadabf64a843378ed14896870a6d1b657ccdbdda0
            0xa6c5690f1d6e3c3fe79649be452efac0f47b94da
            0x2432020b59aa5f9a031199a171612356524d45a4
            0x8a62def020e76cf85f1d889d128506baff9a5ae7
            0xa513afa4517ed0fc6801c14574ff67649e28e912
            0x6034e003bf68c2e6e0c49c857ea0b8f43408637a
            0xc8eb0539b10293626aa1d051c8a8b2b2d29a5f5e
            0x2c710039f4f4a18eb0691869db126d18e36e44e9
            0x90035f18f697420fd7bb2c2b92750964fcc6c1bc
            0xa03c4babe401497a14fd913aa9d4dbac17135f39
            0x1043e3e4bf3e312e188da08ecfa69c425b25c8da
            0x65256c773c2cbfd36f9743f768ab0d29bf33eb27
            0x00bc98139ceadce10758d2a6816a590b94a6dc1f
            0xa1a9cc77d007c4f59c4a3ad911605203075a41ec
            0x042c90fd2ac49ded820edc2219ce1d79bc110bed
            0xe0890bc0ad1ee1814c984a21849b2c4d0c130782
            0xe8d65b445aed950bed1906cb7cd18b21ad1c033c
            0x67cff51ac5077053a5af26c680b7c4b50d80f47f
            0xa7d7621672ee63bac987ef2e56f98bccd1f6f0ad
            0xc2fd1178f3053a2a6d71498d113cc21f4d632fd4
            0x5d7e69791e5f517e7a579e36dffad1082b8a20f9
            0x43dcbd4a57d40475d637c9080cc9b48cdbaa11e1
            0x5a564db001c24e2afa53aff8c7c64a39d92b1b3b
            0xb67aedc7c3c5965c30e56c0794c0e789baba47a2
            0x9e98e884e64106ea3b4c9d242c3879d2e0dec32f
            0x1802ef24766d0a61f2fcdcbcc9e02c4562b9764a
            0xe858367366ec027307c6ad337b572b3c82c0631e
            0x8a1aa83780d0150eba7ba87757cb90e5914cefa0
  Running step...
	Deploy and init licensed JCash crydr...
	Deploy and init JCash crydr...
		crydrViewApiStandardName - erc20
	Deploying and configure crydr storage
	Crydr storage successfully deployed and configured
	Deploying and configure crydr controller
	Deploying controller of a crydr
	Deploying contract and persist artifact to the hard drive.
		owner - 0xc96d0e18859c0f505063999e2b032dad49681a86
  Deploying JKRWController...
  ... 0xeea2d0c97a79ed92f04139b8ffc3dd6430bd809cd86f606fe52090455682890b
  JKRWController: 0xdbe666ccac1a36566990ce3cddc83da625092ea2
		Contract successfully deployed: 0xdbe666ccac1a36566990ce3cddc83da625092ea2
		ERROR. Failed to find tx data in recent blocks.
		ERROR. Failed to find tx data in recent blocks.
	Controller of a crydr successfully deployed: 0xdbe666ccac1a36566990ce3cddc83da625092ea2
	Configuring managers of crydr controller...
		crydrControllerAddress - 0xdbe666ccac1a36566990ce3cddc83da625092ea2
	Configuring manager permissions for pausable contract ...
		contractAddress - 0xdbe666ccac1a36566990ce3cddc83da625092ea2
		ownerAddress - 0xc96d0e18859c0f505063999e2b032dad49681a86
		managerPauseAddress - 0xa6e6b05d3155f921e90afd4b2349ad93136dcebc
	Grant manager permissions:
		contractAddress - 0xdbe666ccac1a36566990ce3cddc83da625092ea2
		ownerAddress - 0xc96d0e18859c0f505063999e2b032dad49681a86
		managerAddress - 0xa6e6b05d3155f921e90afd4b2349ad93136dcebc
		permissions - ["pause_contract","unpause_contract"]
	Enable manager of a contract:
		contractAddress - 0xdbe666ccac1a36566990ce3cddc83da625092ea2
		ownerAddress - 0xc96d0e18859c0f505063999e2b032dad49681a86
		managerAddress - 0xa6e6b05d3155f921e90afd4b2349ad93136dcebc
	Configuring manager permissions for crydr controller ...
		crydrControllerAddress - 0xdbe666ccac1a36566990ce3cddc83da625092ea2
		ownerAddress - 0xc96d0e18859c0f505063999e2b032dad49681a86
		managerAddress - 0xef76fd85eed2d0d2fbfae0c01914e850294270ac
	Grant manager permissions:
		contractAddress - 0xdbe666ccac1a36566990ce3cddc83da625092ea2
		ownerAddress - 0xc96d0e18859c0f505063999e2b032dad49681a86
		managerAddress - 0xef76fd85eed2d0d2fbfae0c01914e850294270ac
		permissions - ["set_crydr_storage","set_crydr_view","remove_crydr_view"]
	Enable manager of a contract:
		contractAddress - 0xdbe666ccac1a36566990ce3cddc83da625092ea2
		ownerAddress - 0xc96d0e18859c0f505063999e2b032dad49681a86
		managerAddress - 0xef76fd85eed2d0d2fbfae0c01914e850294270ac
	Configuring manager permissions for crydr controller ...
		crydrControllerAddress - 0xdbe666ccac1a36566990ce3cddc83da625092ea2
		ownerAddress - 0xc96d0e18859c0f505063999e2b032dad49681a86
		manager - 0x760a0dff349cbfadc740ad23d840ad7bfbf711d1
	Grant manager permissions:
		contractAddress - 0xdbe666ccac1a36566990ce3cddc83da625092ea2
		ownerAddress - 0xc96d0e18859c0f505063999e2b032dad49681a86
		managerAddress - 0x760a0dff349cbfadc740ad23d840ad7bfbf711d1
		permissions - ["block_account","unblock_account","block_account_funds","unblock_account_funds"]
	Enable manager of a contract:
		contractAddress - 0xdbe666ccac1a36566990ce3cddc83da625092ea2
		ownerAddress - 0xc96d0e18859c0f505063999e2b032dad49681a86
		managerAddress - 0x760a0dff349cbfadc740ad23d840ad7bfbf711d1
	Configuring manager permissions for mintable crydr controller ...
		crydrControllerAddress - 0xdbe666ccac1a36566990ce3cddc83da625092ea2
		ownerAddress - 0xc96d0e18859c0f505063999e2b032dad49681a86
		manager - 0x16a9037eb49a985ab305b497c5efedba346d1243
	Grant manager permissions:
		contractAddress - 0xdbe666ccac1a36566990ce3cddc83da625092ea2
		ownerAddress - 0xc96d0e18859c0f505063999e2b032dad49681a86
		managerAddress - 0x16a9037eb49a985ab305b497c5efedba346d1243
		permissions - ["mint_crydr","burn_crydr"]
	Enable manager of a contract:
		contractAddress - 0xdbe666ccac1a36566990ce3cddc83da625092ea2
		ownerAddress - 0xc96d0e18859c0f505063999e2b032dad49681a86
		managerAddress - 0x16a9037eb49a985ab305b497c5efedba346d1243
	Configuring manager permissions for mintable crydr controller ...
		crydrControllerAddress - 0xdbe666ccac1a36566990ce3cddc83da625092ea2
		ownerAddress - 0xc96d0e18859c0f505063999e2b032dad49681a86
		managerAddress - 0x2d34da65b147254b28894d8a626fe8564086ebc9
	Grant manager permissions:
		contractAddress - 0xdbe666ccac1a36566990ce3cddc83da625092ea2
		ownerAddress - 0xc96d0e18859c0f505063999e2b032dad49681a86
		managerAddress - 0x2d34da65b147254b28894d8a626fe8564086ebc9
		permissions - ["forced_transfer"]
	Enable manager of a contract:
		contractAddress - 0xdbe666ccac1a36566990ce3cddc83da625092ea2
		ownerAddress - 0xc96d0e18859c0f505063999e2b032dad49681a86
		managerAddress - 0x2d34da65b147254b28894d8a626fe8564086ebc9
		Address's "0xc96d0e18859c0f505063999e2b032dad49681a86" nonce adjusted by 1: 431 -> 432
		Address's "0xc96d0e18859c0f505063999e2b032dad49681a86" nonce adjusted by 1: 432 -> 433
		Address's "0xc96d0e18859c0f505063999e2b032dad49681a86" nonce adjusted by 1: 433 -> 434
		Address's "0xc96d0e18859c0f505063999e2b032dad49681a86" nonce adjusted by 1: 434 -> 435
		Address's "0xc96d0e18859c0f505063999e2b032dad49681a86" nonce adjusted by 1: 435 -> 436
		Address's "0xc96d0e18859c0f505063999e2b032dad49681a86" nonce adjusted by 1: 436 -> 437
		Address's "0xc96d0e18859c0f505063999e2b032dad49681a86" nonce adjusted by 1: 437 -> 438
		Address's "0xc96d0e18859c0f505063999e2b032dad49681a86" nonce adjusted by 1: 438 -> 439
		Address's "0xc96d0e18859c0f505063999e2b032dad49681a86" nonce adjusted by 1: 439 -> 440
		Address's "0xc96d0e18859c0f505063999e2b032dad49681a86" nonce adjusted by 1: 440 -> 441
		Address's "0xc96d0e18859c0f505063999e2b032dad49681a86" nonce adjusted by 1: 441 -> 442
		Address's "0xc96d0e18859c0f505063999e2b032dad49681a86" nonce adjusted by 1: 442 -> 443
		Address's "0xc96d0e18859c0f505063999e2b032dad49681a86" nonce adjusted by 1: 443 -> 444
		Address's "0xc96d0e18859c0f505063999e2b032dad49681a86" nonce adjusted by 1: 444 -> 445
		Address's "0xc96d0e18859c0f505063999e2b032dad49681a86" nonce adjusted by 1: 445 -> 446
		Address's "0xc96d0e18859c0f505063999e2b032dad49681a86" nonce adjusted by 1: 446 -> 447
		Address's "0xc96d0e18859c0f505063999e2b032dad49681a86" nonce adjusted by 1: 447 -> 448
  ... 0x7662ccac7f7888d3921092adb3511f3b7ad62f9191c28efd1755d9012ff5d63c
	TX submitted: 0x7662ccac7f7888d3921092adb3511f3b7ad62f9191c28efd1755d9012ff5d63c
  ... 0x9ac3b0dce2baaa4c50c10c73e4111dda2c4198f6c52c140c7ab860342265167c
	TX submitted: 0x9ac3b0dce2baaa4c50c10c73e4111dda2c4198f6c52c140c7ab860342265167c
  ... 0xd4cb2c39bfe689157c72357900814678718634d964cb919a4a550020776f2360
	TX submitted: 0xd4cb2c39bfe689157c72357900814678718634d964cb919a4a550020776f2360
  ... 0x8ec588c61117d5aff12046de15d1c2c705524f265684d80aba9232b9dfd12ebb
	TX submitted: 0x8ec588c61117d5aff12046de15d1c2c705524f265684d80aba9232b9dfd12ebb
  ... 0x7df0c416941a181f49c2afdf2e27d9dda0f5603eb4af67456e99796675d35918
	TX submitted: 0x7df0c416941a181f49c2afdf2e27d9dda0f5603eb4af67456e99796675d35918
  ... 0x78d70b2e751f3e9ce592586a257ee3927cfe9c30bfce7d3681fa0a41064e1446
	TX submitted: 0x78d70b2e751f3e9ce592586a257ee3927cfe9c30bfce7d3681fa0a41064e1446
  ... 0xe5898e378d04ff88e825f889c4e7f3302e660f3e3996010a3447fe2dae390177
	TX submitted: 0xe5898e378d04ff88e825f889c4e7f3302e660f3e3996010a3447fe2dae390177
  ... 0x2cb3f1e43963f2fccff19eb213735d78fb47bd5cbe3affdf87f720701253866a
	TX submitted: 0x2cb3f1e43963f2fccff19eb213735d78fb47bd5cbe3affdf87f720701253866a
  ... 0x8257f962802df563b7efeb049530252f22ec4991cec429103e883eca4d3ae369
	TX submitted: 0x8257f962802df563b7efeb049530252f22ec4991cec429103e883eca4d3ae369
  ... 0xab645962c30b74898f18af3aca181efc3b6165437b585415b58a307d4e11ae4f
	TX submitted: 0xab645962c30b74898f18af3aca181efc3b6165437b585415b58a307d4e11ae4f
  ... 0x38a82afc12002e1ff182c8760e1e6ab4082901b7c5a8833fb2101bc70bd294bc
	TX submitted: 0x38a82afc12002e1ff182c8760e1e6ab4082901b7c5a8833fb2101bc70bd294bc
  ... 0xb5eb9c3e54993f827ff903743c5da7d12d57cf8efec7baaeee59bd6148242161
	TX submitted: 0xb5eb9c3e54993f827ff903743c5da7d12d57cf8efec7baaeee59bd6148242161
  ... 0x265395872f52be91fbea7d95b6f0e47f50848502c8628e2c80848731c59993d7
	TX submitted: 0x265395872f52be91fbea7d95b6f0e47f50848502c8628e2c80848731c59993d7
  ... 0x610e2b58198b9aab3b7a42cc571360bd12491a830ea018a999f57de167894511
	TX submitted: 0x610e2b58198b9aab3b7a42cc571360bd12491a830ea018a999f57de167894511
  ... 0x88dc19ba68fde04af8258853c7138ca49c60045341a00d8e5cb183b2972ecca8
	TX submitted: 0x88dc19ba68fde04af8258853c7138ca49c60045341a00d8e5cb183b2972ecca8
  ... 0x8874bf196d01725da37a3e944d1f09e4f91d47093e54cc288d4d1db31448745d
	TX submitted: 0x8874bf196d01725da37a3e944d1f09e4f91d47093e54cc288d4d1db31448745d
  ... 0x3320dec98dc8375d2ce0bc23071dadb460f651b5eeb9a639ee8db157f83f3fd7
	TX submitted: 0x3320dec98dc8375d2ce0bc23071dadb460f651b5eeb9a639ee8db157f83f3fd7
	Permissions to the manager successfully granted
	Permissions to the manager of pausable contract granted
	Manager successfully enabled
	Manager successfully enabled
	Permissions to the manager successfully granted
	Permissions to the manager of crydr controller granted
	Manager successfully enabled
	Permissions to the manager successfully granted
	Permissions to the manager of crydr controller granted
	Permissions to the manager successfully granted
	Permissions to the manager of mintable crydr controller granted
	Permissions to the manager successfully granted
	Permissions to the manager of ForcedTransfer crydr controller granted
	Manager successfully enabled
	Manager successfully enabled
	Managers of crydr controller successfully configured
	Crydr storage successfully deployed and configured
	Deploying and configure crydr view
	Crydr view successfully deployed and configured
	Link crydr contracts
	Link crydr storage to controller...
		crydrStorageAddress - 0xdfb4847ff4d7580ede4ddb2b946686b4eb9eab14
		crydrControllerAddress - 0xdbe666ccac1a36566990ce3cddc83da625092ea2
	Set controller of CryDR storage:
		storage - 0xdfb4847ff4d7580ede4ddb2b946686b4eb9eab14
		managerAddress - 0xef76fd85eed2d0d2fbfae0c01914e850294270ac
		controller - 0xdbe666ccac1a36566990ce3cddc83da625092ea2
	Set storage of CryDR controller:
		controller - 0xdbe666ccac1a36566990ce3cddc83da625092ea2
		managerAddress - 0xef76fd85eed2d0d2fbfae0c01914e850294270ac
		storage - 0xdfb4847ff4d7580ede4ddb2b946686b4eb9eab14
	Link crydr view to controller...
		crydrControllerAddress - 0xdbe666ccac1a36566990ce3cddc83da625092ea2
		crydrViewAddress - 0x3aee4eea2cbb7769a1dcbc4f7287c85c45e2a70f
		crydrViewApiStandardName - erc20
	Set controller of crydr view:
		crydrViewAddress - 0x3aee4eea2cbb7769a1dcbc4f7287c85c45e2a70f
		managerAddress - 0xef76fd85eed2d0d2fbfae0c01914e850294270ac
		crydrControllerAddress - 0xdbe666ccac1a36566990ce3cddc83da625092ea2
	Set view of CryDR controller:
		controller - 0xdbe666ccac1a36566990ce3cddc83da625092ea2
		managerAddress - 0xef76fd85eed2d0d2fbfae0c01914e850294270ac
		crydrViewAddress - 0x3aee4eea2cbb7769a1dcbc4f7287c85c45e2a70f
		crydrViewStandardName - erc20
		Address's "0xef76fd85eed2d0d2fbfae0c01914e850294270ac" nonce started to track: 54 -> 55
		Address's "0xef76fd85eed2d0d2fbfae0c01914e850294270ac" nonce adjusted by 1: 55 -> 56
		Address's "0xef76fd85eed2d0d2fbfae0c01914e850294270ac" nonce adjusted by 1: 56 -> 57
		Address's "0xef76fd85eed2d0d2fbfae0c01914e850294270ac" nonce adjusted by 1: 57 -> 58
  ... 0x7a2e98f1c57bbe360f941867cdaae759e39e71fa0691b6e03794198ee4f92845
	TX submitted: 0x7a2e98f1c57bbe360f941867cdaae759e39e71fa0691b6e03794198ee4f92845
  ... 0xab7843a2706cbefbb94bb06099bdfc201097bbd459a1be3f9cbb3ad46ea64c02
	TX submitted: 0xab7843a2706cbefbb94bb06099bdfc201097bbd459a1be3f9cbb3ad46ea64c02
  ... 0x59835665611f2540f3e05563ca81d4db05f7a78f8d7ca73cec8edef280a7c37c
	TX submitted: 0x59835665611f2540f3e05563ca81d4db05f7a78f8d7ca73cec8edef280a7c37c
  ... 0xcbc065d2b223bfe15002e2db36973bf7f017da963ef705d3ee8a93278d5cd84d
	TX submitted: 0xcbc065d2b223bfe15002e2db36973bf7f017da963ef705d3ee8a93278d5cd84d
	Controller of CryDR storage successfully set
	Storage of CryDR controller successfully set
	Crydr storage successfully linked
	Controller of crydr view successfully set
	View of CryDR controller successfully set
	Crydr view successfully linked
	Crydr contracts successfully linked
	JCash crydr successfully initialized
	Deploying license registry contract
	License registry successfully deployed
	Configuring license managers
	Configuring managers of licensed crydr controller...
		crydrControllerAddress - 0xdbe666ccac1a36566990ce3cddc83da625092ea2
		ethAccounts.owner - 0xc96d0e18859c0f505063999e2b032dad49681a86
		ethAccounts.managerGeneral - 0xef76fd85eed2d0d2fbfae0c01914e850294270ac
	Configuring manager permissions for licensed crydr controller ...
		crydrControllerAddress - 0xdbe666ccac1a36566990ce3cddc83da625092ea2
		ownerAddress - 0xc96d0e18859c0f505063999e2b032dad49681a86
		managerAddress - 0xef76fd85eed2d0d2fbfae0c01914e850294270ac
	Grant manager permissions:
		contractAddress - 0xdbe666ccac1a36566990ce3cddc83da625092ea2
		ownerAddress - 0xc96d0e18859c0f505063999e2b032dad49681a86
		managerAddress - 0xef76fd85eed2d0d2fbfae0c01914e850294270ac
		permissions - ["set_license_registry"]
		Address's "0xc96d0e18859c0f505063999e2b032dad49681a86" nonce adjusted by 1: 448 -> 449
  ... 0x5de6ecb30b53d540a5dcf5966a7e9a1ccd578d9419a7cc0940c5b2336191eeda
	TX submitted: 0x5de6ecb30b53d540a5dcf5966a7e9a1ccd578d9419a7cc0940c5b2336191eeda
	Permissions to the manager successfully granted
	Permissions to the manager of licensed crydr controller granted
	Managers of licensed crydr controller successfully configured
	License managers successfully configured
	Link license registry and controller
	Link license registry and controller...
		licenseRegistryAddress - 0xf9bb522147013475a4842043aa214bb577a77839
		crydrControllerAddress - 0xdbe666ccac1a36566990ce3cddc83da625092ea2
	Set license registry for the controller:
		crydrControllerAddress - 0xdbe666ccac1a36566990ce3cddc83da625092ea2
		managerAddress - 0xef76fd85eed2d0d2fbfae0c01914e850294270ac
		licenseRegistryAddress - 0xf9bb522147013475a4842043aa214bb577a77839
		Address's "0xef76fd85eed2d0d2fbfae0c01914e850294270ac" nonce adjusted by 1: 58 -> 59
  ... 0x2db8f5100f99becd182f333d5b88eadb15a39c6cc4d5579fb0aef9ae080adc8d
	TX submitted: 0x2db8f5100f99becd182f333d5b88eadb15a39c6cc4d5579fb0aef9ae080adc8d
	License registry of CryDR controller successfully set
	License registry and controller successfully linked
	License registry and controller successfully linked
	Licensed JCash crydr successfully initialized
	Unpause contract:
		contractAddress - 0xdfb4847ff4d7580ede4ddb2b946686b4eb9eab14
		managerAddress - 0xa6e6b05d3155f921e90afd4b2349ad93136dcebc
		Address's "0xa6e6b05d3155f921e90afd4b2349ad93136dcebc" nonce started to track: 44 -> 45
  ... 0x60516c2f9728a31c9cf9518bbb11b1d10373a6d26bd11e906ac9d709e8c290cb
	TX submitted: 0x60516c2f9728a31c9cf9518bbb11b1d10373a6d26bd11e906ac9d709e8c290cb
		Contract successfully unpaused
	Unpause contract:
		contractAddress - 0xdbe666ccac1a36566990ce3cddc83da625092ea2
		managerAddress - 0xa6e6b05d3155f921e90afd4b2349ad93136dcebc
		Address's "0xa6e6b05d3155f921e90afd4b2349ad93136dcebc" nonce adjusted by 1: 45 -> 46
  ... 0x0b9f343016e7bd70ecb8fd635b4ecd7016d95e8b0836af2627128787111460ca
	TX submitted: 0x0b9f343016e7bd70ecb8fd635b4ecd7016d95e8b0836af2627128787111460ca
		Contract successfully unpaused
	Unpause contract:
		contractAddress - 0x3aee4eea2cbb7769a1dcbc4f7287c85c45e2a70f
		managerAddress - 0xa6e6b05d3155f921e90afd4b2349ad93136dcebc
		Address's "0xa6e6b05d3155f921e90afd4b2349ad93136dcebc" nonce adjusted by 1: 46 -> 47
  ... 0x27aca56f9f211749a51be09144c2788ca78c1e8fc9fcf704be647c15283fb61d
	TX submitted: 0x27aca56f9f211749a51be09144c2788ca78c1e8fc9fcf704be647c15283fb61d
		Contract successfully unpaused
  JKRW deployed, configured and unpaused:
	JKRWStorageAddress: 0xdfb4847ff4d7580ede4ddb2b946686b4eb9eab14
	JKRWLicenseRegistryAddress: 0xf9bb522147013475a4842043aa214bb577a77839
	JKRWControllerAddress: 0xdbe666ccac1a36566990ce3cddc83da625092ea2
	JKRWViewERC20Address: 0x3aee4eea2cbb7769a1dcbc4f7287c85c45e2a70f
  Migration 6 finished
Saving successful migration to network...
  ... 0x37dddb83cc9cbacfb42d25283370ecdabf9f37d85b8a31b8b2b1634316ad3735
Saving artifacts...

