user@u16041:~/dev/project/jibrel/jibrel-contracts$ ./node_modules/.bin/truffle migrate --network main_hd
Using network 'main_hd'.

Running migration: 3_deploy_jusd.js
  Start migration 3
  Network:  main_hd
  Accounts: 0xc96d0e18859c0f505063999e2b032dad49681a86
            0xa6e6b05d3155f921e90afd4b2349ad93136dcebc
            0xef76fd85eed2d0d2fbfae0c01914e850294270ac
            0x760a0dff349cbfadc740ad23d840ad7bfbf711d1
            0x16a9037eb49a985ab305b497c5efedba346d1243
            0x04c2a7a285f179aa4892ec0324dfe57ee15a1091
            0x7058aada274d7c560632dec66c7d36ae534a1bea
            0x2d34da65b147254b28894d8a626fe8564086ebc9
            0x6521778a8b891ffd05b9f0cd6b888ee566df3f32
            0xb8db6a1e8907932eae13eee92a8a0d5dc5580354
            0x585379119afa7c96b8dad499ff8f038762ff1ac5
            0x57e5be404933ec8cfa33f57500b3ddf8fbc6d12e
            0x2e13d0d47117e2ea9d6dce635197b190762413f8
            0xc5619e73ea95d812b3fc2558220d50adbc079b68
            0x7e4cb2d692077a95a309261b74af5018213840de
            0xf6f01084c729ecefeafd8005cd67355493689860
            0x6ac7f96cfdeb52fd3b2edec12c6b4b09e6703d10
            0x87d3636889a5f478691c2bf01b877dd96d9c974f
            0x6d4c8847d40d7687e361ad11d73fa8e05ee59a81
            0xfaf586e84df8eb329f6151daac7315e637278fe7
            0xe3468ac78591549a00be9820868fdff6bb047520
            0xc62447030b5d1f92d692a688ec1a49cd357c591a
            0xadabf64a843378ed14896870a6d1b657ccdbdda0
            0xa6c5690f1d6e3c3fe79649be452efac0f47b94da
            0x2432020b59aa5f9a031199a171612356524d45a4
            0x8a62def020e76cf85f1d889d128506baff9a5ae7
            0xa513afa4517ed0fc6801c14574ff67649e28e912
            0x6034e003bf68c2e6e0c49c857ea0b8f43408637a
            0xc8eb0539b10293626aa1d051c8a8b2b2d29a5f5e
            0x2c710039f4f4a18eb0691869db126d18e36e44e9
            0x90035f18f697420fd7bb2c2b92750964fcc6c1bc
            0xa03c4babe401497a14fd913aa9d4dbac17135f39
            0x1043e3e4bf3e312e188da08ecfa69c425b25c8da
            0x65256c773c2cbfd36f9743f768ab0d29bf33eb27
            0x00bc98139ceadce10758d2a6816a590b94a6dc1f
            0xa1a9cc77d007c4f59c4a3ad911605203075a41ec
            0x042c90fd2ac49ded820edc2219ce1d79bc110bed
            0xe0890bc0ad1ee1814c984a21849b2c4d0c130782
            0xe8d65b445aed950bed1906cb7cd18b21ad1c033c
            0x67cff51ac5077053a5af26c680b7c4b50d80f47f
            0xa7d7621672ee63bac987ef2e56f98bccd1f6f0ad
            0xc2fd1178f3053a2a6d71498d113cc21f4d632fd4
            0x5d7e69791e5f517e7a579e36dffad1082b8a20f9
            0x43dcbd4a57d40475d637c9080cc9b48cdbaa11e1
            0x5a564db001c24e2afa53aff8c7c64a39d92b1b3b
            0xb67aedc7c3c5965c30e56c0794c0e789baba47a2
            0x9e98e884e64106ea3b4c9d242c3879d2e0dec32f
            0x1802ef24766d0a61f2fcdcbcc9e02c4562b9764a
            0xe858367366ec027307c6ad337b572b3c82c0631e
            0x8a1aa83780d0150eba7ba87757cb90e5914cefa0
  Running step...
	Pause contract:
		contractAddress - 0x0c53a3be5e0413f8fa47b8663dd20176b7201f84
		managerAddress - 0xa6e6b05d3155f921e90afd4b2349ad93136dcebc
		Address's "0xa6e6b05d3155f921e90afd4b2349ad93136dcebc" nonce started to track: 31 -> 32
  ... 0xfde8dff7e77584ebcfec23a585d05092e81ed3545d33219c56d4becb8d36fca4
	TX submitted: 0xfde8dff7e77584ebcfec23a585d05092e81ed3545d33219c56d4becb8d36fca4
		Contract successfully paused
	Pause contract:
		contractAddress - 0x3c7626e41f85150c138a684c7de14bbd636b4596
		managerAddress - 0xa6e6b05d3155f921e90afd4b2349ad93136dcebc
		Address's "0xa6e6b05d3155f921e90afd4b2349ad93136dcebc" nonce adjusted by 1: 32 -> 33
  ... 0xd3393101c29b59bb160721211f8b170e937ecc240e6ad49d4bd7d63fba96e9ad
	TX submitted: 0xd3393101c29b59bb160721211f8b170e937ecc240e6ad49d4bd7d63fba96e9ad
		Contract successfully paused
	Deploy and init licensed JCash crydr...
	Deploy and init JCash crydr...
		crydrViewApiStandardName - erc20
	Deploying and configure crydr storage
	Crydr storage successfully deployed and configured
	Deploying and configure crydr controller
	Deploying controller of a crydr
	Deploying contract and persist artifact to the hard drive.
		owner - 0xc96d0e18859c0f505063999e2b032dad49681a86
  Deploying JUSDController...
  ... 0x6f03bf6f9c4576bf11c7e9961d5652d4111e9762276cb92819bc1feb6ca2a53d
  JUSDController: 0xfe46aab794654ee395bed8fe62cdcea52df925ff
		Contract successfully deployed: 0xfe46aab794654ee395bed8fe62cdcea52df925ff
		ERROR. Failed to find tx data in recent blocks.
		ERROR. Failed to find tx data in recent blocks.
	Controller of a crydr successfully deployed: 0xfe46aab794654ee395bed8fe62cdcea52df925ff
	Configuring managers of crydr controller...
		crydrControllerAddress - 0xfe46aab794654ee395bed8fe62cdcea52df925ff
	Configuring manager permissions for pausable contract ...
		contractAddress - 0xfe46aab794654ee395bed8fe62cdcea52df925ff
		ownerAddress - 0xc96d0e18859c0f505063999e2b032dad49681a86
		managerPauseAddress - 0xa6e6b05d3155f921e90afd4b2349ad93136dcebc
	Grant manager permissions:
		contractAddress - 0xfe46aab794654ee395bed8fe62cdcea52df925ff
		ownerAddress - 0xc96d0e18859c0f505063999e2b032dad49681a86
		managerAddress - 0xa6e6b05d3155f921e90afd4b2349ad93136dcebc
		permissions - ["pause_contract","unpause_contract"]
	Enable manager of a contract:
		contractAddress - 0xfe46aab794654ee395bed8fe62cdcea52df925ff
		ownerAddress - 0xc96d0e18859c0f505063999e2b032dad49681a86
		managerAddress - 0xa6e6b05d3155f921e90afd4b2349ad93136dcebc
	Configuring manager permissions for crydr controller ...
		crydrControllerAddress - 0xfe46aab794654ee395bed8fe62cdcea52df925ff
		ownerAddress - 0xc96d0e18859c0f505063999e2b032dad49681a86
		managerAddress - 0xef76fd85eed2d0d2fbfae0c01914e850294270ac
	Grant manager permissions:
		contractAddress - 0xfe46aab794654ee395bed8fe62cdcea52df925ff
		ownerAddress - 0xc96d0e18859c0f505063999e2b032dad49681a86
		managerAddress - 0xef76fd85eed2d0d2fbfae0c01914e850294270ac
		permissions - ["set_crydr_storage","set_crydr_view","remove_crydr_view"]
	Enable manager of a contract:
		contractAddress - 0xfe46aab794654ee395bed8fe62cdcea52df925ff
		ownerAddress - 0xc96d0e18859c0f505063999e2b032dad49681a86
		managerAddress - 0xef76fd85eed2d0d2fbfae0c01914e850294270ac
	Configuring manager permissions for crydr controller ...
		crydrControllerAddress - 0xfe46aab794654ee395bed8fe62cdcea52df925ff
		ownerAddress - 0xc96d0e18859c0f505063999e2b032dad49681a86
		manager - 0x760a0dff349cbfadc740ad23d840ad7bfbf711d1
	Grant manager permissions:
		contractAddress - 0xfe46aab794654ee395bed8fe62cdcea52df925ff
		ownerAddress - 0xc96d0e18859c0f505063999e2b032dad49681a86
		managerAddress - 0x760a0dff349cbfadc740ad23d840ad7bfbf711d1
		permissions - ["block_account","unblock_account","block_account_funds","unblock_account_funds"]
	Enable manager of a contract:
		contractAddress - 0xfe46aab794654ee395bed8fe62cdcea52df925ff
		ownerAddress - 0xc96d0e18859c0f505063999e2b032dad49681a86
		managerAddress - 0x760a0dff349cbfadc740ad23d840ad7bfbf711d1
	Configuring manager permissions for mintable crydr controller ...
		crydrControllerAddress - 0xfe46aab794654ee395bed8fe62cdcea52df925ff
		ownerAddress - 0xc96d0e18859c0f505063999e2b032dad49681a86
		manager - 0x16a9037eb49a985ab305b497c5efedba346d1243
	Grant manager permissions:
		contractAddress - 0xfe46aab794654ee395bed8fe62cdcea52df925ff
		ownerAddress - 0xc96d0e18859c0f505063999e2b032dad49681a86
		managerAddress - 0x16a9037eb49a985ab305b497c5efedba346d1243
		permissions - ["mint_crydr","burn_crydr"]
	Enable manager of a contract:
		contractAddress - 0xfe46aab794654ee395bed8fe62cdcea52df925ff
		ownerAddress - 0xc96d0e18859c0f505063999e2b032dad49681a86
		managerAddress - 0x16a9037eb49a985ab305b497c5efedba346d1243
	Configuring manager permissions for mintable crydr controller ...
		crydrControllerAddress - 0xfe46aab794654ee395bed8fe62cdcea52df925ff
		ownerAddress - 0xc96d0e18859c0f505063999e2b032dad49681a86
		managerAddress - 0x2d34da65b147254b28894d8a626fe8564086ebc9
	Grant manager permissions:
		contractAddress - 0xfe46aab794654ee395bed8fe62cdcea52df925ff
		ownerAddress - 0xc96d0e18859c0f505063999e2b032dad49681a86
		managerAddress - 0x2d34da65b147254b28894d8a626fe8564086ebc9
		permissions - ["forced_transfer"]
	Enable manager of a contract:
		contractAddress - 0xfe46aab794654ee395bed8fe62cdcea52df925ff
		ownerAddress - 0xc96d0e18859c0f505063999e2b032dad49681a86
		managerAddress - 0x2d34da65b147254b28894d8a626fe8564086ebc9
		Address's "0xc96d0e18859c0f505063999e2b032dad49681a86" nonce adjusted by 1: 371 -> 372
		Address's "0xc96d0e18859c0f505063999e2b032dad49681a86" nonce adjusted by 1: 372 -> 373
		Address's "0xc96d0e18859c0f505063999e2b032dad49681a86" nonce adjusted by 1: 373 -> 374
		Address's "0xc96d0e18859c0f505063999e2b032dad49681a86" nonce adjusted by 1: 374 -> 375
		Address's "0xc96d0e18859c0f505063999e2b032dad49681a86" nonce adjusted by 1: 375 -> 376
		Address's "0xc96d0e18859c0f505063999e2b032dad49681a86" nonce adjusted by 1: 376 -> 377
		Address's "0xc96d0e18859c0f505063999e2b032dad49681a86" nonce adjusted by 1: 377 -> 378
		Address's "0xc96d0e18859c0f505063999e2b032dad49681a86" nonce adjusted by 1: 378 -> 379
		Address's "0xc96d0e18859c0f505063999e2b032dad49681a86" nonce adjusted by 1: 379 -> 380
		Address's "0xc96d0e18859c0f505063999e2b032dad49681a86" nonce adjusted by 1: 380 -> 381
		Address's "0xc96d0e18859c0f505063999e2b032dad49681a86" nonce adjusted by 1: 381 -> 382
		Address's "0xc96d0e18859c0f505063999e2b032dad49681a86" nonce adjusted by 1: 382 -> 383
		Address's "0xc96d0e18859c0f505063999e2b032dad49681a86" nonce adjusted by 1: 383 -> 384
		Address's "0xc96d0e18859c0f505063999e2b032dad49681a86" nonce adjusted by 1: 384 -> 385
		Address's "0xc96d0e18859c0f505063999e2b032dad49681a86" nonce adjusted by 1: 385 -> 386
		Address's "0xc96d0e18859c0f505063999e2b032dad49681a86" nonce adjusted by 1: 386 -> 387
		Address's "0xc96d0e18859c0f505063999e2b032dad49681a86" nonce adjusted by 1: 387 -> 388
  ... 0x4ee43ce0826d225ca6cdc2b54dcbf29364315bb4424e69b87d65c7d5ffcb9662
	TX submitted: 0x4ee43ce0826d225ca6cdc2b54dcbf29364315bb4424e69b87d65c7d5ffcb9662
  ... 0xc87defbd924841f5af4d2f765ed49a0bea0129f7bd3f34e386a59c1158a8adfe
	TX submitted: 0xc87defbd924841f5af4d2f765ed49a0bea0129f7bd3f34e386a59c1158a8adfe
  ... 0xad47225ae46b30f7e93678a1b4a0b4a29e4151967f345f0e8284b822def29a87
	TX submitted: 0xad47225ae46b30f7e93678a1b4a0b4a29e4151967f345f0e8284b822def29a87
  ... 0x435515a34d7b345152c8e64637e7a03f56e1d88cc8b9e157819fbfdc05804c02
	TX submitted: 0x435515a34d7b345152c8e64637e7a03f56e1d88cc8b9e157819fbfdc05804c02
  ... 0xded13414eeb9d556413135689f85ef3a38a26498358602c12dc9db04db8dd33f
	TX submitted: 0xded13414eeb9d556413135689f85ef3a38a26498358602c12dc9db04db8dd33f
  ... 0x130dfdb95b0e269c4bace87fa13497877d40f40a24977b51d269ebab1fe88a6e
	TX submitted: 0x130dfdb95b0e269c4bace87fa13497877d40f40a24977b51d269ebab1fe88a6e
  ... 0x1798607c24a8e9ce2fd4694f9a3e81bcecae90a764a76875431304a55eab3b2d
	TX submitted: 0x1798607c24a8e9ce2fd4694f9a3e81bcecae90a764a76875431304a55eab3b2d
  ... 0x8af1aa771615e2cf21e066d178f51c93f0ab77ee25a0d69e2e40afc494f12657
	TX submitted: 0x8af1aa771615e2cf21e066d178f51c93f0ab77ee25a0d69e2e40afc494f12657
  ... 0x4c11234c936109e08bdc0ca5b8517bb8d5d8faa20a81cff5c2a0c49d7e330cbc
	TX submitted: 0x4c11234c936109e08bdc0ca5b8517bb8d5d8faa20a81cff5c2a0c49d7e330cbc
  ... 0x92a5667122de93d6bca2ee96f3fab08528662d897f083b2fa72df27ea8103219
	TX submitted: 0x92a5667122de93d6bca2ee96f3fab08528662d897f083b2fa72df27ea8103219
  ... 0x2ced8b23c36acb420cedbb02c5634d67a7066492db5f978c9ddce5050e2e03b1
	TX submitted: 0x2ced8b23c36acb420cedbb02c5634d67a7066492db5f978c9ddce5050e2e03b1
  ... 0xca625a65fbeed7f081034157d80e98246538e42b934f7b94c9cc4bed2eb2d432
	TX submitted: 0xca625a65fbeed7f081034157d80e98246538e42b934f7b94c9cc4bed2eb2d432
  ... 0xa385dcb0923be2cc6f0b367ff9ec514630106e34707749a3d9b6187c94d5ae17
	TX submitted: 0xa385dcb0923be2cc6f0b367ff9ec514630106e34707749a3d9b6187c94d5ae17
  ... 0x037a3677f4354fd4f4eb06bb6d2bc9b78091364a6a2422bcee9bf3f6eae2cb86
	TX submitted: 0x037a3677f4354fd4f4eb06bb6d2bc9b78091364a6a2422bcee9bf3f6eae2cb86
  ... 0x98dbf45777f7e252f670a4e4accf42f7e792f67863ba68688b457fb1ced35b3e
	TX submitted: 0x98dbf45777f7e252f670a4e4accf42f7e792f67863ba68688b457fb1ced35b3e
  ... 0xc2de81b4289355c9bfbd3481db6162a1303afe2472ac912ec2f8806d9aadcd85
	TX submitted: 0xc2de81b4289355c9bfbd3481db6162a1303afe2472ac912ec2f8806d9aadcd85
  ... 0xbebec70cc75ca194ab0dc840cf644e6f1982d55e7a9b08b9b93c7aea396586a0
	TX submitted: 0xbebec70cc75ca194ab0dc840cf644e6f1982d55e7a9b08b9b93c7aea396586a0
	Permissions to the manager successfully granted
	Permissions to the manager of pausable contract granted
	Manager successfully enabled
	Manager successfully enabled
	Permissions to the manager successfully granted
	Permissions to the manager of crydr controller granted
	Permissions to the manager successfully granted
	Permissions to the manager of crydr controller granted
	Manager successfully enabled
	Manager successfully enabled
	Permissions to the manager successfully granted
	Permissions to the manager of mintable crydr controller granted
	Permissions to the manager successfully granted
	Permissions to the manager of ForcedTransfer crydr controller granted
	Manager successfully enabled
	Managers of crydr controller successfully configured
	Crydr storage successfully deployed and configured
	Deploying and configure crydr view
	Crydr view successfully deployed and configured
	Link crydr contracts
	Link crydr storage to controller...
		crydrStorageAddress - 0x0c53a3be5e0413f8fa47b8663dd20176b7201f84
		crydrControllerAddress - 0xfe46aab794654ee395bed8fe62cdcea52df925ff
	Set controller of CryDR storage:
		storage - 0x0c53a3be5e0413f8fa47b8663dd20176b7201f84
		managerAddress - 0xef76fd85eed2d0d2fbfae0c01914e850294270ac
		controller - 0xfe46aab794654ee395bed8fe62cdcea52df925ff
	Set storage of CryDR controller:
		controller - 0xfe46aab794654ee395bed8fe62cdcea52df925ff
		managerAddress - 0xef76fd85eed2d0d2fbfae0c01914e850294270ac
		storage - 0x0c53a3be5e0413f8fa47b8663dd20176b7201f84
	Link crydr view to controller...
		crydrControllerAddress - 0xfe46aab794654ee395bed8fe62cdcea52df925ff
		crydrViewAddress - 0x3c7626e41f85150c138a684c7de14bbd636b4596
		crydrViewApiStandardName - erc20
	Set controller of crydr view:
		crydrViewAddress - 0x3c7626e41f85150c138a684c7de14bbd636b4596
		managerAddress - 0xef76fd85eed2d0d2fbfae0c01914e850294270ac
		crydrControllerAddress - 0xfe46aab794654ee395bed8fe62cdcea52df925ff
	Set view of CryDR controller:
		controller - 0xfe46aab794654ee395bed8fe62cdcea52df925ff
		managerAddress - 0xef76fd85eed2d0d2fbfae0c01914e850294270ac
		crydrViewAddress - 0x3c7626e41f85150c138a684c7de14bbd636b4596
		crydrViewStandardName - erc20
		Address's "0xef76fd85eed2d0d2fbfae0c01914e850294270ac" nonce started to track: 39 -> 40
		Address's "0xef76fd85eed2d0d2fbfae0c01914e850294270ac" nonce adjusted by 1: 40 -> 41
		Address's "0xef76fd85eed2d0d2fbfae0c01914e850294270ac" nonce adjusted by 1: 41 -> 42
		Address's "0xef76fd85eed2d0d2fbfae0c01914e850294270ac" nonce adjusted by 1: 42 -> 43
  ... 0x7022cb6dc8156ce5ae5bf3709316d2a5887822b55f562119bfce5aa12f702a6a
	TX submitted: 0x7022cb6dc8156ce5ae5bf3709316d2a5887822b55f562119bfce5aa12f702a6a
  ... 0x1f7c698db1e03552eaa54a66bb04cf9d4dfa017cdd94c8675b77072b693ededb
	TX submitted: 0x1f7c698db1e03552eaa54a66bb04cf9d4dfa017cdd94c8675b77072b693ededb
  ... 0x38fbc1c89dc5a7168ec29a397b52612fe93c6d72d48bbbaa9cbcf89a2414b8a2
	TX submitted: 0x38fbc1c89dc5a7168ec29a397b52612fe93c6d72d48bbbaa9cbcf89a2414b8a2
  ... 0xe65b2549a0c6637e234199a0307afa96df7ddf4dcb90e80fd064912770c0b9e6
	TX submitted: 0xe65b2549a0c6637e234199a0307afa96df7ddf4dcb90e80fd064912770c0b9e6
	Controller of CryDR storage successfully set
	Storage of CryDR controller successfully set
	Crydr storage successfully linked
	Controller of crydr view successfully set
	View of CryDR controller successfully set
	Crydr view successfully linked
	Crydr contracts successfully linked
	JCash crydr successfully initialized
	Deploying license registry contract
	License registry successfully deployed
	Configuring license managers
	Configuring managers of licensed crydr controller...
		crydrControllerAddress - 0xfe46aab794654ee395bed8fe62cdcea52df925ff
		ethAccounts.owner - 0xc96d0e18859c0f505063999e2b032dad49681a86
		ethAccounts.managerGeneral - 0xef76fd85eed2d0d2fbfae0c01914e850294270ac
	Configuring manager permissions for licensed crydr controller ...
		crydrControllerAddress - 0xfe46aab794654ee395bed8fe62cdcea52df925ff
		ownerAddress - 0xc96d0e18859c0f505063999e2b032dad49681a86
		managerAddress - 0xef76fd85eed2d0d2fbfae0c01914e850294270ac
	Grant manager permissions:
		contractAddress - 0xfe46aab794654ee395bed8fe62cdcea52df925ff
		ownerAddress - 0xc96d0e18859c0f505063999e2b032dad49681a86
		managerAddress - 0xef76fd85eed2d0d2fbfae0c01914e850294270ac
		permissions - ["set_license_registry"]
		Address's "0xc96d0e18859c0f505063999e2b032dad49681a86" nonce adjusted by 1: 388 -> 389
  ... 0x968802efd79ec443bc1fb98a043b46f4180eb560ff0d9a03cc9389a423d48286
	TX submitted: 0x968802efd79ec443bc1fb98a043b46f4180eb560ff0d9a03cc9389a423d48286
	Permissions to the manager successfully granted
	Permissions to the manager of licensed crydr controller granted
	Managers of licensed crydr controller successfully configured
	License managers successfully configured
	Link license registry and controller
	Link license registry and controller...
		licenseRegistryAddress - 0xeAf9A68cc9012c095C07cAA81C5F931272d9f1D6
		crydrControllerAddress - 0xfe46aab794654ee395bed8fe62cdcea52df925ff
	Set license registry for the controller:
		crydrControllerAddress - 0xfe46aab794654ee395bed8fe62cdcea52df925ff
		managerAddress - 0xef76fd85eed2d0d2fbfae0c01914e850294270ac
		licenseRegistryAddress - 0xeAf9A68cc9012c095C07cAA81C5F931272d9f1D6
		Address's "0xef76fd85eed2d0d2fbfae0c01914e850294270ac" nonce adjusted by 1: 43 -> 44
  ... 0xd770b18f5c67c05ddaac67b143a950a140087bf276797cc8e285d33a12f8e9e7
	TX submitted: 0xd770b18f5c67c05ddaac67b143a950a140087bf276797cc8e285d33a12f8e9e7
	License registry of CryDR controller successfully set
	License registry and controller successfully linked
	License registry and controller successfully linked
	Licensed JCash crydr successfully initialized
	Unpause contract:
		contractAddress - 0x0c53a3be5e0413f8fa47b8663dd20176b7201f84
		managerAddress - 0xa6e6b05d3155f921e90afd4b2349ad93136dcebc
		Address's "0xa6e6b05d3155f921e90afd4b2349ad93136dcebc" nonce adjusted by 1: 33 -> 34
  ... 0xc782f8f1f07aad67de7377b54f499d16c2f086a0cc12f88c8e0e3fc3781be160
	TX submitted: 0xc782f8f1f07aad67de7377b54f499d16c2f086a0cc12f88c8e0e3fc3781be160
		Contract successfully unpaused
	Unpause contract:
		contractAddress - 0xfe46aab794654ee395bed8fe62cdcea52df925ff
		managerAddress - 0xa6e6b05d3155f921e90afd4b2349ad93136dcebc
		Address's "0xa6e6b05d3155f921e90afd4b2349ad93136dcebc" nonce adjusted by 1: 34 -> 35
  ... 0xbc55065b00bebaaa1f8dd27d1b516a14c44dbda8d63d91c199640089406fa791
	TX submitted: 0xbc55065b00bebaaa1f8dd27d1b516a14c44dbda8d63d91c199640089406fa791
		Contract successfully unpaused
	Unpause contract:
		contractAddress - 0x3c7626e41f85150c138a684c7de14bbd636b4596
		managerAddress - 0xa6e6b05d3155f921e90afd4b2349ad93136dcebc
		Address's "0xa6e6b05d3155f921e90afd4b2349ad93136dcebc" nonce adjusted by 1: 35 -> 36
  ... 0xdc751b2b7582b3c9693250003a50530e55fbc2509e2727ed8df6ee1f834cee10
	TX submitted: 0xdc751b2b7582b3c9693250003a50530e55fbc2509e2727ed8df6ee1f834cee10
		Contract successfully unpaused
  JUSD deployed, configured and unpaused:
	JUSDStorageAddress: 0x0c53a3be5e0413f8fa47b8663dd20176b7201f84
	JUSDLicenseRegistryAddress: 0xeAf9A68cc9012c095C07cAA81C5F931272d9f1D6
	JUSDControllerAddress: 0xfe46aab794654ee395bed8fe62cdcea52df925ff
	JUSDViewERC20Address: 0x3c7626e41f85150c138a684c7de14bbd636b4596
  Migration 3 finished
Saving successful migration to network...
  ... 0xc14b8d05a26cb707d9d6df92cce9c04e9a3cc6efb2f35018b27bffc85743dc23
Saving artifacts...

