user@u16041:~/dev/project/jibrel/jibrel-contracts$ ./node_modules/.bin/truffle migrate --network main_hd
Using network 'main_hd'.

Running migration: 4_deploy_jeur.js
  Start migration 4
  Network:  main_hd
  Accounts: 0xc96d0e18859c0f505063999e2b032dad49681a86
            0xa6e6b05d3155f921e90afd4b2349ad93136dcebc
            0xef76fd85eed2d0d2fbfae0c01914e850294270ac
            0x760a0dff349cbfadc740ad23d840ad7bfbf711d1
            0x16a9037eb49a985ab305b497c5efedba346d1243
            0x04c2a7a285f179aa4892ec0324dfe57ee15a1091
            0x7058aada274d7c560632dec66c7d36ae534a1bea
            0x2d34da65b147254b28894d8a626fe8564086ebc9
            0x6521778a8b891ffd05b9f0cd6b888ee566df3f32
            0xb8db6a1e8907932eae13eee92a8a0d5dc5580354
            0x585379119afa7c96b8dad499ff8f038762ff1ac5
            0x57e5be404933ec8cfa33f57500b3ddf8fbc6d12e
            0x2e13d0d47117e2ea9d6dce635197b190762413f8
            0xc5619e73ea95d812b3fc2558220d50adbc079b68
            0x7e4cb2d692077a95a309261b74af5018213840de
            0xf6f01084c729ecefeafd8005cd67355493689860
            0x6ac7f96cfdeb52fd3b2edec12c6b4b09e6703d10
            0x87d3636889a5f478691c2bf01b877dd96d9c974f
            0x6d4c8847d40d7687e361ad11d73fa8e05ee59a81
            0xfaf586e84df8eb329f6151daac7315e637278fe7
            0xe3468ac78591549a00be9820868fdff6bb047520
            0xc62447030b5d1f92d692a688ec1a49cd357c591a
            0xadabf64a843378ed14896870a6d1b657ccdbdda0
            0xa6c5690f1d6e3c3fe79649be452efac0f47b94da
            0x2432020b59aa5f9a031199a171612356524d45a4
            0x8a62def020e76cf85f1d889d128506baff9a5ae7
            0xa513afa4517ed0fc6801c14574ff67649e28e912
            0x6034e003bf68c2e6e0c49c857ea0b8f43408637a
            0xc8eb0539b10293626aa1d051c8a8b2b2d29a5f5e
            0x2c710039f4f4a18eb0691869db126d18e36e44e9
            0x90035f18f697420fd7bb2c2b92750964fcc6c1bc
            0xa03c4babe401497a14fd913aa9d4dbac17135f39
            0x1043e3e4bf3e312e188da08ecfa69c425b25c8da
            0x65256c773c2cbfd36f9743f768ab0d29bf33eb27
            0x00bc98139ceadce10758d2a6816a590b94a6dc1f
            0xa1a9cc77d007c4f59c4a3ad911605203075a41ec
            0x042c90fd2ac49ded820edc2219ce1d79bc110bed
            0xe0890bc0ad1ee1814c984a21849b2c4d0c130782
            0xe8d65b445aed950bed1906cb7cd18b21ad1c033c
            0x67cff51ac5077053a5af26c680b7c4b50d80f47f
            0xa7d7621672ee63bac987ef2e56f98bccd1f6f0ad
            0xc2fd1178f3053a2a6d71498d113cc21f4d632fd4
            0x5d7e69791e5f517e7a579e36dffad1082b8a20f9
            0x43dcbd4a57d40475d637c9080cc9b48cdbaa11e1
            0x5a564db001c24e2afa53aff8c7c64a39d92b1b3b
            0xb67aedc7c3c5965c30e56c0794c0e789baba47a2
            0x9e98e884e64106ea3b4c9d242c3879d2e0dec32f
            0x1802ef24766d0a61f2fcdcbcc9e02c4562b9764a
            0xe858367366ec027307c6ad337b572b3c82c0631e
            0x8a1aa83780d0150eba7ba87757cb90e5914cefa0
  Running step...
	Deploy and init licensed JCash crydr...
	Deploy and init JCash crydr...
		crydrViewApiStandardName - erc20
	Deploying and configure crydr storage
	Deploying storage of a crydr.
	Deploying contract and persist artifact to the hard drive.
		owner - 0xc96d0e18859c0f505063999e2b032dad49681a86
  Deploying JEURStorage...
  ... 0xb6826df6c8294025192f20e44c2bf361280790dc68961fa70cb3a0c5e3c7eaec
  JEURStorage: 0x32918da5302105de1c329e4f50298fce6833429d
		Contract successfully deployed: 0x32918da5302105de1c329e4f50298fce6833429d
		ERROR. Failed to find tx data in recent blocks.
		ERROR. Failed to find tx data in recent blocks.
	Storage of a crydr successfully deployed: 0x32918da5302105de1c329e4f50298fce6833429d
	Configuring managers of crydr storage...
		crydrStorageAddress - 0x32918da5302105de1c329e4f50298fce6833429d
	Configuring manager permissions for pausable contract ...
		contractAddress - 0x32918da5302105de1c329e4f50298fce6833429d
		ownerAddress - 0xc96d0e18859c0f505063999e2b032dad49681a86
		managerPauseAddress - 0xa6e6b05d3155f921e90afd4b2349ad93136dcebc
	Grant manager permissions:
		contractAddress - 0x32918da5302105de1c329e4f50298fce6833429d
		ownerAddress - 0xc96d0e18859c0f505063999e2b032dad49681a86
		managerAddress - 0xa6e6b05d3155f921e90afd4b2349ad93136dcebc
		permissions - ["pause_contract","unpause_contract"]
	Enable manager of a contract:
		contractAddress - 0x32918da5302105de1c329e4f50298fce6833429d
		ownerAddress - 0xc96d0e18859c0f505063999e2b032dad49681a86
		managerAddress - 0xa6e6b05d3155f921e90afd4b2349ad93136dcebc
	Configuring manager permissions for crydr storage ...
		crydrControllerAddress - 0x32918da5302105de1c329e4f50298fce6833429d
		ownerAddress - 0xc96d0e18859c0f505063999e2b032dad49681a86
		manager - 0xef76fd85eed2d0d2fbfae0c01914e850294270ac
	Grant manager permissions:
		contractAddress - 0x32918da5302105de1c329e4f50298fce6833429d
		ownerAddress - 0xc96d0e18859c0f505063999e2b032dad49681a86
		managerAddress - 0xef76fd85eed2d0d2fbfae0c01914e850294270ac
		permissions - ["set_crydr_controller"]
	Enable manager of a contract:
		contractAddress - 0x32918da5302105de1c329e4f50298fce6833429d
		ownerAddress - 0xc96d0e18859c0f505063999e2b032dad49681a86
		managerAddress - 0xef76fd85eed2d0d2fbfae0c01914e850294270ac
		Address's "0xc96d0e18859c0f505063999e2b032dad49681a86" nonce adjusted by 1: 90 -> 91
		Address's "0xc96d0e18859c0f505063999e2b032dad49681a86" nonce adjusted by 1: 91 -> 92
		Address's "0xc96d0e18859c0f505063999e2b032dad49681a86" nonce adjusted by 1: 92 -> 93
		Address's "0xc96d0e18859c0f505063999e2b032dad49681a86" nonce adjusted by 1: 93 -> 94
		Address's "0xc96d0e18859c0f505063999e2b032dad49681a86" nonce adjusted by 1: 94 -> 95
  ... 0x2b6867c8fb610af09c749c2e6cd4e0a7b82e476f1320923c4e7264e0b2da4919
	TX submitted: 0x2b6867c8fb610af09c749c2e6cd4e0a7b82e476f1320923c4e7264e0b2da4919
  ... 0x5df7207253e020ee3f6a9c9fd2d65287c9d33d664de65effc76333bc8da462f1
	TX submitted: 0x5df7207253e020ee3f6a9c9fd2d65287c9d33d664de65effc76333bc8da462f1
  ... 0xa48f6b9328c2481c53ca6f364500f384bb83cd20fc8d2e3921db08c64eee638a
	TX submitted: 0xa48f6b9328c2481c53ca6f364500f384bb83cd20fc8d2e3921db08c64eee638a
  ... 0xdff9c4954539647a071045cd64114d4c621d8e02b299e715860cdefd4abd307e
	TX submitted: 0xdff9c4954539647a071045cd64114d4c621d8e02b299e715860cdefd4abd307e
  ... 0xd73ed4d0de286576c63f0d7bb7c95e26a6af5f5531738b38797bdc9f7a8e082e
	TX submitted: 0xd73ed4d0de286576c63f0d7bb7c95e26a6af5f5531738b38797bdc9f7a8e082e
	Permissions to the manager successfully granted
	Permissions to the manager of pausable contract granted
	Manager successfully enabled
	Permissions to the manager successfully granted
	Permissions to the manager of crydr storage granted
	Manager successfully enabled
	Managers of crydr storage successfully configured
	Crydr storage successfully deployed and configured
	Deploying and configure crydr controller
	Deploying controller of a crydr
	Deploying contract and persist artifact to the hard drive.
		owner - 0xc96d0e18859c0f505063999e2b032dad49681a86
  Deploying JEURController...
  ... 0x7ae836c2f3dc60d6312df8c1bcd47c31449db9cae0f2d5a24e73fa009e7ff3c3
  JEURController: 0x0c5e306401f0c9939f61da1795517d342faa6a36
		Contract successfully deployed: 0x0c5e306401f0c9939f61da1795517d342faa6a36
		ERROR. Failed to find tx data in recent blocks.
		ERROR. Failed to find tx data in recent blocks.
	Controller of a crydr successfully deployed: 0x0c5e306401f0c9939f61da1795517d342faa6a36
	Configuring managers of crydr controller...
		crydrControllerAddress - 0x0c5e306401f0c9939f61da1795517d342faa6a36
	Configuring manager permissions for pausable contract ...
		contractAddress - 0x0c5e306401f0c9939f61da1795517d342faa6a36
		ownerAddress - 0xc96d0e18859c0f505063999e2b032dad49681a86
		managerPauseAddress - 0xa6e6b05d3155f921e90afd4b2349ad93136dcebc
	Grant manager permissions:
		contractAddress - 0x0c5e306401f0c9939f61da1795517d342faa6a36
		ownerAddress - 0xc96d0e18859c0f505063999e2b032dad49681a86
		managerAddress - 0xa6e6b05d3155f921e90afd4b2349ad93136dcebc
		permissions - ["pause_contract","unpause_contract"]
	Enable manager of a contract:
		contractAddress - 0x0c5e306401f0c9939f61da1795517d342faa6a36
		ownerAddress - 0xc96d0e18859c0f505063999e2b032dad49681a86
		managerAddress - 0xa6e6b05d3155f921e90afd4b2349ad93136dcebc
	Configuring manager permissions for crydr controller ...
		crydrControllerAddress - 0x0c5e306401f0c9939f61da1795517d342faa6a36
		ownerAddress - 0xc96d0e18859c0f505063999e2b032dad49681a86
		managerAddress - 0xef76fd85eed2d0d2fbfae0c01914e850294270ac
	Grant manager permissions:
		contractAddress - 0x0c5e306401f0c9939f61da1795517d342faa6a36
		ownerAddress - 0xc96d0e18859c0f505063999e2b032dad49681a86
		managerAddress - 0xef76fd85eed2d0d2fbfae0c01914e850294270ac
		permissions - ["set_crydr_storage","set_crydr_view","remove_crydr_view"]
	Enable manager of a contract:
		contractAddress - 0x0c5e306401f0c9939f61da1795517d342faa6a36
		ownerAddress - 0xc96d0e18859c0f505063999e2b032dad49681a86
		managerAddress - 0xef76fd85eed2d0d2fbfae0c01914e850294270ac
	Configuring manager permissions for crydr controller ...
		crydrControllerAddress - 0x0c5e306401f0c9939f61da1795517d342faa6a36
		ownerAddress - 0xc96d0e18859c0f505063999e2b032dad49681a86
		manager - 0x760a0dff349cbfadc740ad23d840ad7bfbf711d1
	Grant manager permissions:
		contractAddress - 0x0c5e306401f0c9939f61da1795517d342faa6a36
		ownerAddress - 0xc96d0e18859c0f505063999e2b032dad49681a86
		managerAddress - 0x760a0dff349cbfadc740ad23d840ad7bfbf711d1
		permissions - ["block_account","unblock_account","block_account_funds","unblock_account_funds"]
	Enable manager of a contract:
		contractAddress - 0x0c5e306401f0c9939f61da1795517d342faa6a36
		ownerAddress - 0xc96d0e18859c0f505063999e2b032dad49681a86
		managerAddress - 0x760a0dff349cbfadc740ad23d840ad7bfbf711d1
	Configuring manager permissions for mintable crydr controller ...
		crydrControllerAddress - 0x0c5e306401f0c9939f61da1795517d342faa6a36
		ownerAddress - 0xc96d0e18859c0f505063999e2b032dad49681a86
		manager - 0x16a9037eb49a985ab305b497c5efedba346d1243
	Grant manager permissions:
		contractAddress - 0x0c5e306401f0c9939f61da1795517d342faa6a36
		ownerAddress - 0xc96d0e18859c0f505063999e2b032dad49681a86
		managerAddress - 0x16a9037eb49a985ab305b497c5efedba346d1243
		permissions - ["mint_crydr","burn_crydr"]
	Enable manager of a contract:
		contractAddress - 0x0c5e306401f0c9939f61da1795517d342faa6a36
		ownerAddress - 0xc96d0e18859c0f505063999e2b032dad49681a86
		managerAddress - 0x16a9037eb49a985ab305b497c5efedba346d1243
	Configuring manager permissions for mintable crydr controller ...
		crydrControllerAddress - 0x0c5e306401f0c9939f61da1795517d342faa6a36
		ownerAddress - 0xc96d0e18859c0f505063999e2b032dad49681a86
		managerAddress - 0x2d34da65b147254b28894d8a626fe8564086ebc9
	Grant manager permissions:
		contractAddress - 0x0c5e306401f0c9939f61da1795517d342faa6a36
		ownerAddress - 0xc96d0e18859c0f505063999e2b032dad49681a86
		managerAddress - 0x2d34da65b147254b28894d8a626fe8564086ebc9
		permissions - ["forced_transfer"]
	Enable manager of a contract:
		contractAddress - 0x0c5e306401f0c9939f61da1795517d342faa6a36
		ownerAddress - 0xc96d0e18859c0f505063999e2b032dad49681a86
		managerAddress - 0x2d34da65b147254b28894d8a626fe8564086ebc9
		Address's "0xc96d0e18859c0f505063999e2b032dad49681a86" nonce adjusted by 1: 96 -> 97
		Address's "0xc96d0e18859c0f505063999e2b032dad49681a86" nonce adjusted by 1: 97 -> 98
		Address's "0xc96d0e18859c0f505063999e2b032dad49681a86" nonce adjusted by 1: 98 -> 99
		Address's "0xc96d0e18859c0f505063999e2b032dad49681a86" nonce adjusted by 1: 99 -> 100
		Address's "0xc96d0e18859c0f505063999e2b032dad49681a86" nonce adjusted by 1: 100 -> 101
		Address's "0xc96d0e18859c0f505063999e2b032dad49681a86" nonce adjusted by 1: 101 -> 102
		Address's "0xc96d0e18859c0f505063999e2b032dad49681a86" nonce adjusted by 1: 102 -> 103
		Address's "0xc96d0e18859c0f505063999e2b032dad49681a86" nonce adjusted by 1: 103 -> 104
		Address's "0xc96d0e18859c0f505063999e2b032dad49681a86" nonce adjusted by 1: 104 -> 105
		Address's "0xc96d0e18859c0f505063999e2b032dad49681a86" nonce adjusted by 1: 105 -> 106
		Address's "0xc96d0e18859c0f505063999e2b032dad49681a86" nonce adjusted by 1: 106 -> 107
		Address's "0xc96d0e18859c0f505063999e2b032dad49681a86" nonce adjusted by 1: 107 -> 108
		Address's "0xc96d0e18859c0f505063999e2b032dad49681a86" nonce adjusted by 1: 108 -> 109
		Address's "0xc96d0e18859c0f505063999e2b032dad49681a86" nonce adjusted by 1: 109 -> 110
		Address's "0xc96d0e18859c0f505063999e2b032dad49681a86" nonce adjusted by 1: 110 -> 111
		Address's "0xc96d0e18859c0f505063999e2b032dad49681a86" nonce adjusted by 1: 111 -> 112
		Address's "0xc96d0e18859c0f505063999e2b032dad49681a86" nonce adjusted by 1: 112 -> 113
  ... 0xfd52c1ab767af7c35a77718e4688c14d9662900117c990fa9c3dc9124a078d5f
	TX submitted: 0xfd52c1ab767af7c35a77718e4688c14d9662900117c990fa9c3dc9124a078d5f
  ... 0x1862a5a9b46cedea64c782994083ef9d5be1c71f4fbaba518a14fc5b5d87c348
	TX submitted: 0x1862a5a9b46cedea64c782994083ef9d5be1c71f4fbaba518a14fc5b5d87c348
  ... 0x4db2a6c7063d22381c15064d504f3059a12cd08a56d71aae2f4958e8ec4926ea
	TX submitted: 0x4db2a6c7063d22381c15064d504f3059a12cd08a56d71aae2f4958e8ec4926ea
  ... 0x2c1a40a7132ac96c521045cd7e4fe3d91737f41b361c6eedfdf338cc9cc7eab5
	TX submitted: 0x2c1a40a7132ac96c521045cd7e4fe3d91737f41b361c6eedfdf338cc9cc7eab5
  ... 0xd6c6f8d55de18e9f68fbc6daaed13fdd780ec26df152c9b9efc268911384b654
	TX submitted: 0xd6c6f8d55de18e9f68fbc6daaed13fdd780ec26df152c9b9efc268911384b654
  ... 0xe8960a89e95f6310e63ae6a038217aefad8702856314fa954716968a37aac7ce
	TX submitted: 0xe8960a89e95f6310e63ae6a038217aefad8702856314fa954716968a37aac7ce
  ... 0xd9cefd16fb503ff30c2537b6cd64119378337ac88094b47f7dc85f95199709db
	TX submitted: 0xd9cefd16fb503ff30c2537b6cd64119378337ac88094b47f7dc85f95199709db
  ... 0x43992605044a209f7d84d99ca3fba11f40226dee148b4995a5b37ac90941dd13
	TX submitted: 0x43992605044a209f7d84d99ca3fba11f40226dee148b4995a5b37ac90941dd13
  ... 0x78c225a556d0b35fc766ad4fcb0a3beda2dc5002de0b09f43cc47e21c430fdfd
	TX submitted: 0x78c225a556d0b35fc766ad4fcb0a3beda2dc5002de0b09f43cc47e21c430fdfd
  ... 0x36b85198eee60edd1f244a3c2822adf03a381f48874a2a2193bb18961f94d767
	TX submitted: 0x36b85198eee60edd1f244a3c2822adf03a381f48874a2a2193bb18961f94d767
  ... 0xa9e9a7a8feaa420029c8ed73cf73042d6790e1608803170bffe29f6a5854bd72
	TX submitted: 0xa9e9a7a8feaa420029c8ed73cf73042d6790e1608803170bffe29f6a5854bd72
  ... 0x35eb6c2f0e276b4ab2dca9bf66c7a10651844427bb83e5b2ab88cee1d6a2aa13
	TX submitted: 0x35eb6c2f0e276b4ab2dca9bf66c7a10651844427bb83e5b2ab88cee1d6a2aa13
  ... 0x9bc52741180ff8cb89f6f08993ace207af5216ed295b1e9022a8a9c34631ca2e
	TX submitted: 0x9bc52741180ff8cb89f6f08993ace207af5216ed295b1e9022a8a9c34631ca2e
  ... 0xb60c8a5f5972f87817fec43969237359a62542c685de80359763d3b140e53717
	TX submitted: 0xb60c8a5f5972f87817fec43969237359a62542c685de80359763d3b140e53717
  ... 0x2e50dae8a91a60e80a5cb3452b9674e89e752c875874b7c2d30382285a600b21
	TX submitted: 0x2e50dae8a91a60e80a5cb3452b9674e89e752c875874b7c2d30382285a600b21
  ... 0xea12ebb61813aba3b5c4d8b75890be9f5a5e5f02fe0ed00397645f822d7f8762
	TX submitted: 0xea12ebb61813aba3b5c4d8b75890be9f5a5e5f02fe0ed00397645f822d7f8762
  ... 0x74dce0930771eb5df7a90089eb09692029cf8dd50f2eac15bed2ae83d0cc4e1e
	TX submitted: 0x74dce0930771eb5df7a90089eb09692029cf8dd50f2eac15bed2ae83d0cc4e1e
	Permissions to the manager successfully granted
	Permissions to the manager of pausable contract granted
	Manager successfully enabled
	Permissions to the manager successfully granted
	Permissions to the manager of crydr controller granted
	Manager successfully enabled
	Permissions to the manager successfully granted
	Permissions to the manager of crydr controller granted
	Manager successfully enabled
	Permissions to the manager successfully granted
	Permissions to the manager of mintable crydr controller granted
	Manager successfully enabled
	Permissions to the manager successfully granted
	Permissions to the manager of ForcedTransfer crydr controller granted
	Manager successfully enabled
	Managers of crydr controller successfully configured
	Crydr storage successfully deployed and configured
	Deploying and configure crydr view
	Deploying view of a crydr.
	Deploying contract and persist artifact to the hard drive.
		owner - 0xc96d0e18859c0f505063999e2b032dad49681a86
  Deploying JEURViewERC20...
  ... 0x2da46b88271f0d90c3bd85f825526a9a72b721e1e2d6c27482de00bd7d694ca9
  JEURViewERC20: 0x814bac0cdaf98ad7442a5725a52ebac638267e96
		Contract successfully deployed: 0x814bac0cdaf98ad7442a5725a52ebac638267e96
		ERROR. Failed to find tx data in recent blocks.
		ERROR. Failed to find tx data in recent blocks.
	View of a crydr successfully deployed: 0x814bac0cdaf98ad7442a5725a52ebac638267e96
	Configuring managers of crydr view...
		crydrViewAddress - 0x814bac0cdaf98ad7442a5725a52ebac638267e96
	Configuring manager permissions for pausable contract ...
		contractAddress - 0x814bac0cdaf98ad7442a5725a52ebac638267e96
		ownerAddress - 0xc96d0e18859c0f505063999e2b032dad49681a86
		managerPauseAddress - 0xa6e6b05d3155f921e90afd4b2349ad93136dcebc
	Grant manager permissions:
		contractAddress - 0x814bac0cdaf98ad7442a5725a52ebac638267e96
		ownerAddress - 0xc96d0e18859c0f505063999e2b032dad49681a86
		managerAddress - 0xa6e6b05d3155f921e90afd4b2349ad93136dcebc
		permissions - ["pause_contract","unpause_contract"]
	Enable manager of a contract:
		contractAddress - 0x814bac0cdaf98ad7442a5725a52ebac638267e96
		ownerAddress - 0xc96d0e18859c0f505063999e2b032dad49681a86
		managerAddress - 0xa6e6b05d3155f921e90afd4b2349ad93136dcebc
	Configuring manager permissions for crydr view ...
		jntViewAddress - 0x814bac0cdaf98ad7442a5725a52ebac638267e96
		ownerAddress - 0xc96d0e18859c0f505063999e2b032dad49681a86
		managerAddress - 0xef76fd85eed2d0d2fbfae0c01914e850294270ac
	Grant manager permissions:
		contractAddress - 0x814bac0cdaf98ad7442a5725a52ebac638267e96
		ownerAddress - 0xc96d0e18859c0f505063999e2b032dad49681a86
		managerAddress - 0xef76fd85eed2d0d2fbfae0c01914e850294270ac
		permissions - ["set_crydr_controller"]
	Configuring manager permissions for named crydr view...
		crydrControllerAddress - 0x814bac0cdaf98ad7442a5725a52ebac638267e96
		ownerAddress - 0xc96d0e18859c0f505063999e2b032dad49681a86
		managerAddress - 0xef76fd85eed2d0d2fbfae0c01914e850294270ac
	Grant manager permissions:
		contractAddress - 0x814bac0cdaf98ad7442a5725a52ebac638267e96
		ownerAddress - 0xc96d0e18859c0f505063999e2b032dad49681a86
		managerAddress - 0xef76fd85eed2d0d2fbfae0c01914e850294270ac
		permissions - ["set_crydr_name","set_crydr_symbol","set_crydr_decimals"]
	Enable manager of a contract:
		contractAddress - 0x814bac0cdaf98ad7442a5725a52ebac638267e96
		ownerAddress - 0xc96d0e18859c0f505063999e2b032dad49681a86
		managerAddress - 0xef76fd85eed2d0d2fbfae0c01914e850294270ac
		Address's "0xc96d0e18859c0f505063999e2b032dad49681a86" nonce adjusted by 1: 114 -> 115
		Address's "0xc96d0e18859c0f505063999e2b032dad49681a86" nonce adjusted by 1: 115 -> 116
		Address's "0xc96d0e18859c0f505063999e2b032dad49681a86" nonce adjusted by 1: 116 -> 117
		Address's "0xc96d0e18859c0f505063999e2b032dad49681a86" nonce adjusted by 1: 117 -> 118
		Address's "0xc96d0e18859c0f505063999e2b032dad49681a86" nonce adjusted by 1: 118 -> 119
		Address's "0xc96d0e18859c0f505063999e2b032dad49681a86" nonce adjusted by 1: 119 -> 120
		Address's "0xc96d0e18859c0f505063999e2b032dad49681a86" nonce adjusted by 1: 120 -> 121
		Address's "0xc96d0e18859c0f505063999e2b032dad49681a86" nonce adjusted by 1: 121 -> 122
  ... 0xe815f1e855bfbf550957e6eff2288304a3e3b94cb2efeabf47465a34c83b8e71
	TX submitted: 0xe815f1e855bfbf550957e6eff2288304a3e3b94cb2efeabf47465a34c83b8e71
  ... 0x95e3a75e2d9c8d3d24d7cc8f5f12ae83968840ecb2eb90e4b9fb00cb5e09a64d
	TX submitted: 0x95e3a75e2d9c8d3d24d7cc8f5f12ae83968840ecb2eb90e4b9fb00cb5e09a64d
  ... 0x21ff236766ee2204659bfcf27cba4a8ae5f80b2fa28da3eafc862950fb069b02
	TX submitted: 0x21ff236766ee2204659bfcf27cba4a8ae5f80b2fa28da3eafc862950fb069b02
  ... 0xe6cc7ae38d6fd25cd42ec3dce85430a361c67f9d07c6be9e35049766a61c1cd4
	TX submitted: 0xe6cc7ae38d6fd25cd42ec3dce85430a361c67f9d07c6be9e35049766a61c1cd4
  ... 0x71e8f5fe9511338e3b4a49fa5afa7ead31a67241ecdc7110f8162305a7ca0c1f
	TX submitted: 0x71e8f5fe9511338e3b4a49fa5afa7ead31a67241ecdc7110f8162305a7ca0c1f
  ... 0xcd0e921d123e7b74eb7889033afd01328c01501834bbd859b4b3718d1ba92b07
	TX submitted: 0xcd0e921d123e7b74eb7889033afd01328c01501834bbd859b4b3718d1ba92b07
  ... 0x059d815288ac7568c95c1728c5220e62774bdfe3f605948a8d4a103664944b96
	TX submitted: 0x059d815288ac7568c95c1728c5220e62774bdfe3f605948a8d4a103664944b96
  ... 0x5e9e80ae94398055fce06105e56ee0e9f1b7247b29ab8103834e7ee58ee61e18
	TX submitted: 0x5e9e80ae94398055fce06105e56ee0e9f1b7247b29ab8103834e7ee58ee61e18
	Permissions to the manager successfully granted
	Permissions to the manager of pausable contract granted
	Manager successfully enabled
	Permissions to the manager successfully granted
	Permissions to the manager of crydr view granted
	Permissions to the manager successfully granted
	Permissions to the manager of named crydr view granted
	Manager successfully enabled
	Managers of crydr view successfully configured
	Crydr view successfully deployed and configured
	Link crydr contracts
	Link crydr storage to controller...
		crydrStorageAddress - 0x32918da5302105de1c329e4f50298fce6833429d
		crydrControllerAddress - 0x0c5e306401f0c9939f61da1795517d342faa6a36
	Set controller of CryDR storage:
		storage - 0x32918da5302105de1c329e4f50298fce6833429d
		managerAddress - 0xef76fd85eed2d0d2fbfae0c01914e850294270ac
		controller - 0x0c5e306401f0c9939f61da1795517d342faa6a36
	Set storage of CryDR controller:
		controller - 0x0c5e306401f0c9939f61da1795517d342faa6a36
		managerAddress - 0xef76fd85eed2d0d2fbfae0c01914e850294270ac
		storage - 0x32918da5302105de1c329e4f50298fce6833429d
	Link crydr view to controller...
		crydrControllerAddress - 0x0c5e306401f0c9939f61da1795517d342faa6a36
		crydrViewAddress - 0x814bac0cdaf98ad7442a5725a52ebac638267e96
		crydrViewApiStandardName - erc20
	Set controller of crydr view:
		crydrViewAddress - 0x814bac0cdaf98ad7442a5725a52ebac638267e96
		managerAddress - 0xef76fd85eed2d0d2fbfae0c01914e850294270ac
		crydrControllerAddress - 0x0c5e306401f0c9939f61da1795517d342faa6a36
	Set view of CryDR controller:
		controller - 0x0c5e306401f0c9939f61da1795517d342faa6a36
		managerAddress - 0xef76fd85eed2d0d2fbfae0c01914e850294270ac
		crydrViewAddress - 0x814bac0cdaf98ad7442a5725a52ebac638267e96
		crydrViewStandardName - erc20
		Address's "0xef76fd85eed2d0d2fbfae0c01914e850294270ac" nonce started to track: 5 -> 6
		Address's "0xef76fd85eed2d0d2fbfae0c01914e850294270ac" nonce adjusted by 1: 6 -> 7
		Address's "0xef76fd85eed2d0d2fbfae0c01914e850294270ac" nonce adjusted by 1: 7 -> 8
		Address's "0xef76fd85eed2d0d2fbfae0c01914e850294270ac" nonce adjusted by 1: 8 -> 9
  ... 0x6006dabbf8175a45649a4d02479e9ca0769be063911536c8eee6dcd9801b64fa
	TX submitted: 0x6006dabbf8175a45649a4d02479e9ca0769be063911536c8eee6dcd9801b64fa
  ... 0xddd2f216c6c221e265403a54a6de471a1a86d8d208d3fd5e3b5dc2ed7f31dd33
	TX submitted: 0xddd2f216c6c221e265403a54a6de471a1a86d8d208d3fd5e3b5dc2ed7f31dd33
  ... 0x318d3e82d0422b63b3fc869f858e08571a7a060cab4a9405e79c635d0f5df28b
	TX submitted: 0x318d3e82d0422b63b3fc869f858e08571a7a060cab4a9405e79c635d0f5df28b
  ... 0x40a2d2d3f6fe823c0d00056f4361846135dc33bd1aec91a4d860d08c9afcfae2
	TX submitted: 0x40a2d2d3f6fe823c0d00056f4361846135dc33bd1aec91a4d860d08c9afcfae2
	Controller of CryDR storage successfully set
	Storage of CryDR controller successfully set
	Crydr storage successfully linked
	Controller of crydr view successfully set
	View of CryDR controller successfully set
	Crydr view successfully linked
	Crydr contracts successfully linked
	JCash crydr successfully initialized
	Deploying license registry contract
	Deploying license registry of a crydr.
	Deploying contract and persist artifact to the hard drive.
		owner - 0xc96d0e18859c0f505063999e2b032dad49681a86
  Deploying JEURLicenseRegistry...
  ... 0xb698938d5cf5655967577e757a201fac5b5c69303d76471d2265b570cdff0671
  JEURLicenseRegistry: 0x58644d3c6b10b09989749033b3fe80521669f40d
		Contract successfully deployed: 0x58644d3c6b10b09989749033b3fe80521669f40d
		ERROR. Failed to find tx data in recent blocks.
		ERROR. Failed to find tx data in recent blocks.
	License registry of a crydr successfully deployed: 0x58644d3c6b10b09989749033b3fe80521669f40d
	License registry successfully deployed
	Configuring license managers
	Configuring managers of license registry...
		licenseRegistryAddress - 0x58644d3c6b10b09989749033b3fe80521669f40d
	Configuring manager permissions for pausable contract ...
		contractAddress - 0x58644d3c6b10b09989749033b3fe80521669f40d
		ownerAddress - 0xc96d0e18859c0f505063999e2b032dad49681a86
		managerPauseAddress - 0xa6e6b05d3155f921e90afd4b2349ad93136dcebc
	Grant manager permissions:
		contractAddress - 0x58644d3c6b10b09989749033b3fe80521669f40d
		ownerAddress - 0xc96d0e18859c0f505063999e2b032dad49681a86
		managerAddress - 0xa6e6b05d3155f921e90afd4b2349ad93136dcebc
		permissions - ["pause_contract","unpause_contract"]
	Enable manager of a contract:
		contractAddress - 0x58644d3c6b10b09989749033b3fe80521669f40d
		ownerAddress - 0xc96d0e18859c0f505063999e2b032dad49681a86
		managerAddress - 0xa6e6b05d3155f921e90afd4b2349ad93136dcebc
	Configuring manager permissions for license registry ...
		crydrControllerAddress - 0x58644d3c6b10b09989749033b3fe80521669f40d
		ownerAddress - 0xc96d0e18859c0f505063999e2b032dad49681a86
		manager - 0x7058aada274d7c560632dec66c7d36ae534a1bea
	Grant manager permissions:
		contractAddress - 0x58644d3c6b10b09989749033b3fe80521669f40d
		ownerAddress - 0xc96d0e18859c0f505063999e2b032dad49681a86
		managerAddress - 0x7058aada274d7c560632dec66c7d36ae534a1bea
		permissions - ["admit_user","deny_user","grant_license","revoke_license"]
	Enable manager of a contract:
		contractAddress - 0x58644d3c6b10b09989749033b3fe80521669f40d
		ownerAddress - 0xc96d0e18859c0f505063999e2b032dad49681a86
		managerAddress - 0x7058aada274d7c560632dec66c7d36ae534a1bea
		Address's "0xc96d0e18859c0f505063999e2b032dad49681a86" nonce adjusted by 1: 123 -> 124
		Address's "0xc96d0e18859c0f505063999e2b032dad49681a86" nonce adjusted by 1: 124 -> 125
		Address's "0xc96d0e18859c0f505063999e2b032dad49681a86" nonce adjusted by 1: 125 -> 126
		Address's "0xc96d0e18859c0f505063999e2b032dad49681a86" nonce adjusted by 1: 126 -> 127
		Address's "0xc96d0e18859c0f505063999e2b032dad49681a86" nonce adjusted by 1: 127 -> 128
		Address's "0xc96d0e18859c0f505063999e2b032dad49681a86" nonce adjusted by 1: 128 -> 129
		Address's "0xc96d0e18859c0f505063999e2b032dad49681a86" nonce adjusted by 1: 129 -> 130
		Address's "0xc96d0e18859c0f505063999e2b032dad49681a86" nonce adjusted by 1: 130 -> 131
  ... 0x877e32ad6cdf78828eb8ef56f6e2ef4f49464e6c124c0acf0f27773d62d037ce
	TX submitted: 0x877e32ad6cdf78828eb8ef56f6e2ef4f49464e6c124c0acf0f27773d62d037ce
  ... 0xfe1f7ff3adf96d2d52c718868b0bd4cb9db10365b766095b06fc5760640efe28
	TX submitted: 0xfe1f7ff3adf96d2d52c718868b0bd4cb9db10365b766095b06fc5760640efe28
  ... 0x1bea5de01240289bc82e732cc00988a286616c39487a55148b01451b2111cfdc
	TX submitted: 0x1bea5de01240289bc82e732cc00988a286616c39487a55148b01451b2111cfdc
  ... 0xec9912ad841c9e7ed121193ee11faa2698fd7ddd4cd5f0aede24350b8467cc30
	TX submitted: 0xec9912ad841c9e7ed121193ee11faa2698fd7ddd4cd5f0aede24350b8467cc30
  ... 0xbfae8e868a93eef159fb57906636235f9cfa5f4b3faf052d18197a511a1a4a14
	TX submitted: 0xbfae8e868a93eef159fb57906636235f9cfa5f4b3faf052d18197a511a1a4a14
  ... 0x0e4b0dc46024b9c86ee78f3ecc7ef373f99b41da6a87254144fd5eba6228aa22
	TX submitted: 0x0e4b0dc46024b9c86ee78f3ecc7ef373f99b41da6a87254144fd5eba6228aa22
  ... 0x76b71256a6c4edbc9dcc3992a59caea533c5e64912412beec1239ce98ebc5393
	TX submitted: 0x76b71256a6c4edbc9dcc3992a59caea533c5e64912412beec1239ce98ebc5393
  ... 0x9da60feed90be6a0737c091d54e15d8d2b2594085e1a72c0f9fd7888edc23cb4
	TX submitted: 0x9da60feed90be6a0737c091d54e15d8d2b2594085e1a72c0f9fd7888edc23cb4
	Permissions to the manager successfully granted
	Permissions to the manager of pausable contract granted
	Manager successfully enabled
	Permissions to the manager successfully granted
	Permissions to the manager of license registry granted
	Manager successfully enabled
	Managers of license registry successfully configured
	Configuring managers of licensed crydr controller...
		crydrControllerAddress - 0x0c5e306401f0c9939f61da1795517d342faa6a36
		ethAccounts.owner - 0xc96d0e18859c0f505063999e2b032dad49681a86
		ethAccounts.managerGeneral - 0xef76fd85eed2d0d2fbfae0c01914e850294270ac
	Configuring manager permissions for licensed crydr controller ...
		crydrControllerAddress - 0x0c5e306401f0c9939f61da1795517d342faa6a36
		ownerAddress - 0xc96d0e18859c0f505063999e2b032dad49681a86
		managerAddress - 0xef76fd85eed2d0d2fbfae0c01914e850294270ac
	Grant manager permissions:
		contractAddress - 0x0c5e306401f0c9939f61da1795517d342faa6a36
		ownerAddress - 0xc96d0e18859c0f505063999e2b032dad49681a86
		managerAddress - 0xef76fd85eed2d0d2fbfae0c01914e850294270ac
		permissions - ["set_license_registry"]
		Address's "0xc96d0e18859c0f505063999e2b032dad49681a86" nonce adjusted by 1: 131 -> 132
  ... 0x31ac4e529f85aadcda4e77ab1eb927e0305a273f53ba86632774ad6f13bb703d
	TX submitted: 0x31ac4e529f85aadcda4e77ab1eb927e0305a273f53ba86632774ad6f13bb703d
	Permissions to the manager successfully granted
	Permissions to the manager of licensed crydr controller granted
	Managers of licensed crydr controller successfully configured
	License managers successfully configured
	Link license registry and controller
	Link license registry and controller...
		licenseRegistryAddress - 0x58644d3c6b10b09989749033b3fe80521669f40d
		crydrControllerAddress - 0x0c5e306401f0c9939f61da1795517d342faa6a36
	Set license registry for the controller:
		crydrControllerAddress - 0x0c5e306401f0c9939f61da1795517d342faa6a36
		managerAddress - 0xef76fd85eed2d0d2fbfae0c01914e850294270ac
		licenseRegistryAddress - 0x58644d3c6b10b09989749033b3fe80521669f40d
		Address's "0xef76fd85eed2d0d2fbfae0c01914e850294270ac" nonce adjusted by 1: 9 -> 10
  ... 0x39a9f97a2d37e459bd3d8cfc738e9e3ec5790d96d97199e89831b0cb694e7cff
	TX submitted: 0x39a9f97a2d37e459bd3d8cfc738e9e3ec5790d96d97199e89831b0cb694e7cff
	License registry of CryDR controller successfully set
	License registry and controller successfully linked
	License registry and controller successfully linked
	Licensed JCash crydr successfully initialized
	Unpause contract:
		contractAddress - 0x32918da5302105de1c329e4f50298fce6833429d
		managerAddress - 0xa6e6b05d3155f921e90afd4b2349ad93136dcebc
		Address's "0xa6e6b05d3155f921e90afd4b2349ad93136dcebc" nonce started to track: 4 -> 5
  ... 0xcdbc83b9c58adfde06a8e15a48c1def737765a0320a04f227967e9cdff2cdd02
	TX submitted: 0xcdbc83b9c58adfde06a8e15a48c1def737765a0320a04f227967e9cdff2cdd02
		Contract successfully unpaused
	Unpause contract:
		contractAddress - 0x58644d3c6b10b09989749033b3fe80521669f40d
		managerAddress - 0xa6e6b05d3155f921e90afd4b2349ad93136dcebc
		Address's "0xa6e6b05d3155f921e90afd4b2349ad93136dcebc" nonce adjusted by 1: 5 -> 6
  ... 0x00f76f14426086512766f303a46eb2d96a141db5a4e4e3f623a2acdbb6481898
	TX submitted: 0x00f76f14426086512766f303a46eb2d96a141db5a4e4e3f623a2acdbb6481898
		Contract successfully unpaused
	Unpause contract:
		contractAddress - 0x0c5e306401f0c9939f61da1795517d342faa6a36
		managerAddress - 0xa6e6b05d3155f921e90afd4b2349ad93136dcebc
		Address's "0xa6e6b05d3155f921e90afd4b2349ad93136dcebc" nonce adjusted by 1: 6 -> 7
  ... 0xeb4f42235b206e8fb5d557a38f3cb3f3a29afc980f8c4e65c52fc50fb664ba25
	TX submitted: 0xeb4f42235b206e8fb5d557a38f3cb3f3a29afc980f8c4e65c52fc50fb664ba25
		Contract successfully unpaused
	Unpause contract:
		contractAddress - 0x814bac0cdaf98ad7442a5725a52ebac638267e96
		managerAddress - 0xa6e6b05d3155f921e90afd4b2349ad93136dcebc
		Address's "0xa6e6b05d3155f921e90afd4b2349ad93136dcebc" nonce adjusted by 1: 7 -> 8
  ... 0x9b871e3785a28a5aff1b5af335778584e8757be934a2126a22fb3ceffdf7aed6
	TX submitted: 0x9b871e3785a28a5aff1b5af335778584e8757be934a2126a22fb3ceffdf7aed6
		Contract successfully unpaused
  JEUR deployed, configured and unpaused:
	JEURStorageAddress: 0x32918da5302105de1c329e4f50298fce6833429d
	JEURLicenseRegistryAddress: 0x58644d3c6b10b09989749033b3fe80521669f40d
	JEURControllerAddress: 0x0c5e306401f0c9939f61da1795517d342faa6a36
	JEURViewERC20Address: 0x814bac0cdaf98ad7442a5725a52ebac638267e96
  Migration 4 finished
Saving successful migration to network...
  ... 0x8d0b3a11a7d207da0885ae636e936be86c5f2a3ca7fc8687fc5122177ae24458
Saving artifacts...
user@u16041:~/dev/project/jibrel/jibrel-contracts$ 

