
user@u16041:~/dev/project/jibrel/jibrel-contracts$ ./node_modules/.bin/truffle migrate --network main_hd
Using network 'main_hd'.

Running migration: 5_deploy_jgbp.js
  Start migration 5
  Network:  main_hd
  Accounts: 0xc96d0e18859c0f505063999e2b032dad49681a86
            0xa6e6b05d3155f921e90afd4b2349ad93136dcebc
            0xef76fd85eed2d0d2fbfae0c01914e850294270ac
            0x760a0dff349cbfadc740ad23d840ad7bfbf711d1
            0x16a9037eb49a985ab305b497c5efedba346d1243
            0x04c2a7a285f179aa4892ec0324dfe57ee15a1091
            0x7058aada274d7c560632dec66c7d36ae534a1bea
            0x2d34da65b147254b28894d8a626fe8564086ebc9
            0x6521778a8b891ffd05b9f0cd6b888ee566df3f32
            0xb8db6a1e8907932eae13eee92a8a0d5dc5580354
            0x585379119afa7c96b8dad499ff8f038762ff1ac5
            0x57e5be404933ec8cfa33f57500b3ddf8fbc6d12e
            0x2e13d0d47117e2ea9d6dce635197b190762413f8
            0xc5619e73ea95d812b3fc2558220d50adbc079b68
            0x7e4cb2d692077a95a309261b74af5018213840de
            0xf6f01084c729ecefeafd8005cd67355493689860
            0x6ac7f96cfdeb52fd3b2edec12c6b4b09e6703d10
            0x87d3636889a5f478691c2bf01b877dd96d9c974f
            0x6d4c8847d40d7687e361ad11d73fa8e05ee59a81
            0xfaf586e84df8eb329f6151daac7315e637278fe7
            0xe3468ac78591549a00be9820868fdff6bb047520
            0xc62447030b5d1f92d692a688ec1a49cd357c591a
            0xadabf64a843378ed14896870a6d1b657ccdbdda0
            0xa6c5690f1d6e3c3fe79649be452efac0f47b94da
            0x2432020b59aa5f9a031199a171612356524d45a4
            0x8a62def020e76cf85f1d889d128506baff9a5ae7
            0xa513afa4517ed0fc6801c14574ff67649e28e912
            0x6034e003bf68c2e6e0c49c857ea0b8f43408637a
            0xc8eb0539b10293626aa1d051c8a8b2b2d29a5f5e
            0x2c710039f4f4a18eb0691869db126d18e36e44e9
            0x90035f18f697420fd7bb2c2b92750964fcc6c1bc
            0xa03c4babe401497a14fd913aa9d4dbac17135f39
            0x1043e3e4bf3e312e188da08ecfa69c425b25c8da
            0x65256c773c2cbfd36f9743f768ab0d29bf33eb27
            0x00bc98139ceadce10758d2a6816a590b94a6dc1f
            0xa1a9cc77d007c4f59c4a3ad911605203075a41ec
            0x042c90fd2ac49ded820edc2219ce1d79bc110bed
            0xe0890bc0ad1ee1814c984a21849b2c4d0c130782
            0xe8d65b445aed950bed1906cb7cd18b21ad1c033c
            0x67cff51ac5077053a5af26c680b7c4b50d80f47f
            0xa7d7621672ee63bac987ef2e56f98bccd1f6f0ad
            0xc2fd1178f3053a2a6d71498d113cc21f4d632fd4
            0x5d7e69791e5f517e7a579e36dffad1082b8a20f9
            0x43dcbd4a57d40475d637c9080cc9b48cdbaa11e1
            0x5a564db001c24e2afa53aff8c7c64a39d92b1b3b
            0xb67aedc7c3c5965c30e56c0794c0e789baba47a2
            0x9e98e884e64106ea3b4c9d242c3879d2e0dec32f
            0x1802ef24766d0a61f2fcdcbcc9e02c4562b9764a
            0xe858367366ec027307c6ad337b572b3c82c0631e
            0x8a1aa83780d0150eba7ba87757cb90e5914cefa0
  Running step...
	Deploy and init licensed JCash crydr...
	Deploy and init JCash crydr...
		crydrViewApiStandardName - erc20
	Deploying and configure crydr storage
	Deploying storage of a crydr.
	Deploying contract and persist artifact to the hard drive.
		owner - 0xc96d0e18859c0f505063999e2b032dad49681a86
  Deploying JGBPStorage...
  ... 0xb35e204894436a7f71e4609b8c03b4234bd1c1eee034f508782024db8a3be43b
  JGBPStorage: 0x3525f554cdbdba75973aa341cbfcb1d5e3d13812
		Contract successfully deployed: 0x3525f554cdbdba75973aa341cbfcb1d5e3d13812
		ERROR. Failed to find tx data in recent blocks.
		ERROR. Failed to find tx data in recent blocks.
	Storage of a crydr successfully deployed: 0x3525f554cdbdba75973aa341cbfcb1d5e3d13812
	Configuring managers of crydr storage...
		crydrStorageAddress - 0x3525f554cdbdba75973aa341cbfcb1d5e3d13812
	Configuring manager permissions for pausable contract ...
		contractAddress - 0x3525f554cdbdba75973aa341cbfcb1d5e3d13812
		ownerAddress - 0xc96d0e18859c0f505063999e2b032dad49681a86
		managerPauseAddress - 0xa6e6b05d3155f921e90afd4b2349ad93136dcebc
	Grant manager permissions:
		contractAddress - 0x3525f554cdbdba75973aa341cbfcb1d5e3d13812
		ownerAddress - 0xc96d0e18859c0f505063999e2b032dad49681a86
		managerAddress - 0xa6e6b05d3155f921e90afd4b2349ad93136dcebc
		permissions - ["pause_contract","unpause_contract"]
	Enable manager of a contract:
		contractAddress - 0x3525f554cdbdba75973aa341cbfcb1d5e3d13812
		ownerAddress - 0xc96d0e18859c0f505063999e2b032dad49681a86
		managerAddress - 0xa6e6b05d3155f921e90afd4b2349ad93136dcebc
	Configuring manager permissions for crydr storage ...
		crydrControllerAddress - 0x3525f554cdbdba75973aa341cbfcb1d5e3d13812
		ownerAddress - 0xc96d0e18859c0f505063999e2b032dad49681a86
		manager - 0xef76fd85eed2d0d2fbfae0c01914e850294270ac
	Grant manager permissions:
		contractAddress - 0x3525f554cdbdba75973aa341cbfcb1d5e3d13812
		ownerAddress - 0xc96d0e18859c0f505063999e2b032dad49681a86
		managerAddress - 0xef76fd85eed2d0d2fbfae0c01914e850294270ac
		permissions - ["set_crydr_controller"]
	Enable manager of a contract:
		contractAddress - 0x3525f554cdbdba75973aa341cbfcb1d5e3d13812
		ownerAddress - 0xc96d0e18859c0f505063999e2b032dad49681a86
		managerAddress - 0xef76fd85eed2d0d2fbfae0c01914e850294270ac
		Address's "0xc96d0e18859c0f505063999e2b032dad49681a86" nonce adjusted by 1: 134 -> 135
		Address's "0xc96d0e18859c0f505063999e2b032dad49681a86" nonce adjusted by 1: 135 -> 136
		Address's "0xc96d0e18859c0f505063999e2b032dad49681a86" nonce adjusted by 1: 136 -> 137
		Address's "0xc96d0e18859c0f505063999e2b032dad49681a86" nonce adjusted by 1: 137 -> 138
		Address's "0xc96d0e18859c0f505063999e2b032dad49681a86" nonce adjusted by 1: 138 -> 139
  ... 0x4c7e821f6ea43d26cdea5681132f6abdf881b9adc2a0949a87815de1d932c764
	TX submitted: 0x4c7e821f6ea43d26cdea5681132f6abdf881b9adc2a0949a87815de1d932c764
  ... 0x91a62cd9296776d2bb2a7a112eb16781df7b520483ef411db6c8b8607c601252
	TX submitted: 0x91a62cd9296776d2bb2a7a112eb16781df7b520483ef411db6c8b8607c601252
  ... 0xbaf95f07b61ad84f39c178f4d321b9eeef431ac25c924efe94a710f90329d2be
	TX submitted: 0xbaf95f07b61ad84f39c178f4d321b9eeef431ac25c924efe94a710f90329d2be
  ... 0x1ccec53374ae8ab94729cea78a92da60fd73901893b8302d5adfd0d9a9c6fa79
	TX submitted: 0x1ccec53374ae8ab94729cea78a92da60fd73901893b8302d5adfd0d9a9c6fa79
  ... 0x91c11c3a8ecd91b8a00a8d048c6139c114443d668f331e79b7ff9a400d62ea44
	TX submitted: 0x91c11c3a8ecd91b8a00a8d048c6139c114443d668f331e79b7ff9a400d62ea44
	Permissions to the manager successfully granted
	Permissions to the manager of pausable contract granted
	Manager successfully enabled
	Permissions to the manager successfully granted
	Permissions to the manager of crydr storage granted
	Manager successfully enabled
	Managers of crydr storage successfully configured
	Crydr storage successfully deployed and configured
	Deploying and configure crydr controller
	Deploying controller of a crydr
	Deploying contract and persist artifact to the hard drive.
		owner - 0xc96d0e18859c0f505063999e2b032dad49681a86
  Deploying JGBPController...
  ... 0x15189d3c49647714dce74733a203902468b968fef8bd25d41230499888c45b71
  JGBPController: 0x8b08cb29673833d5e81d24515c3d3d083b74fb0d
		Contract successfully deployed: 0x8b08cb29673833d5e81d24515c3d3d083b74fb0d
		ERROR. Failed to find tx data in recent blocks.
		ERROR. Failed to find tx data in recent blocks.
	Controller of a crydr successfully deployed: 0x8b08cb29673833d5e81d24515c3d3d083b74fb0d
	Configuring managers of crydr controller...
		crydrControllerAddress - 0x8b08cb29673833d5e81d24515c3d3d083b74fb0d
	Configuring manager permissions for pausable contract ...
		contractAddress - 0x8b08cb29673833d5e81d24515c3d3d083b74fb0d
		ownerAddress - 0xc96d0e18859c0f505063999e2b032dad49681a86
		managerPauseAddress - 0xa6e6b05d3155f921e90afd4b2349ad93136dcebc
	Grant manager permissions:
		contractAddress - 0x8b08cb29673833d5e81d24515c3d3d083b74fb0d
		ownerAddress - 0xc96d0e18859c0f505063999e2b032dad49681a86
		managerAddress - 0xa6e6b05d3155f921e90afd4b2349ad93136dcebc
		permissions - ["pause_contract","unpause_contract"]
	Enable manager of a contract:
		contractAddress - 0x8b08cb29673833d5e81d24515c3d3d083b74fb0d
		ownerAddress - 0xc96d0e18859c0f505063999e2b032dad49681a86
		managerAddress - 0xa6e6b05d3155f921e90afd4b2349ad93136dcebc
	Configuring manager permissions for crydr controller ...
		crydrControllerAddress - 0x8b08cb29673833d5e81d24515c3d3d083b74fb0d
		ownerAddress - 0xc96d0e18859c0f505063999e2b032dad49681a86
		managerAddress - 0xef76fd85eed2d0d2fbfae0c01914e850294270ac
	Grant manager permissions:
		contractAddress - 0x8b08cb29673833d5e81d24515c3d3d083b74fb0d
		ownerAddress - 0xc96d0e18859c0f505063999e2b032dad49681a86
		managerAddress - 0xef76fd85eed2d0d2fbfae0c01914e850294270ac
		permissions - ["set_crydr_storage","set_crydr_view","remove_crydr_view"]
	Enable manager of a contract:
		contractAddress - 0x8b08cb29673833d5e81d24515c3d3d083b74fb0d
		ownerAddress - 0xc96d0e18859c0f505063999e2b032dad49681a86
		managerAddress - 0xef76fd85eed2d0d2fbfae0c01914e850294270ac
	Configuring manager permissions for crydr controller ...
		crydrControllerAddress - 0x8b08cb29673833d5e81d24515c3d3d083b74fb0d
		ownerAddress - 0xc96d0e18859c0f505063999e2b032dad49681a86
		manager - 0x760a0dff349cbfadc740ad23d840ad7bfbf711d1
	Grant manager permissions:
		contractAddress - 0x8b08cb29673833d5e81d24515c3d3d083b74fb0d
		ownerAddress - 0xc96d0e18859c0f505063999e2b032dad49681a86
		managerAddress - 0x760a0dff349cbfadc740ad23d840ad7bfbf711d1
		permissions - ["block_account","unblock_account","block_account_funds","unblock_account_funds"]
	Enable manager of a contract:
		contractAddress - 0x8b08cb29673833d5e81d24515c3d3d083b74fb0d
		ownerAddress - 0xc96d0e18859c0f505063999e2b032dad49681a86
		managerAddress - 0x760a0dff349cbfadc740ad23d840ad7bfbf711d1
	Configuring manager permissions for mintable crydr controller ...
		crydrControllerAddress - 0x8b08cb29673833d5e81d24515c3d3d083b74fb0d
		ownerAddress - 0xc96d0e18859c0f505063999e2b032dad49681a86
		manager - 0x16a9037eb49a985ab305b497c5efedba346d1243
	Grant manager permissions:
		contractAddress - 0x8b08cb29673833d5e81d24515c3d3d083b74fb0d
		ownerAddress - 0xc96d0e18859c0f505063999e2b032dad49681a86
		managerAddress - 0x16a9037eb49a985ab305b497c5efedba346d1243
		permissions - ["mint_crydr","burn_crydr"]
	Enable manager of a contract:
		contractAddress - 0x8b08cb29673833d5e81d24515c3d3d083b74fb0d
		ownerAddress - 0xc96d0e18859c0f505063999e2b032dad49681a86
		managerAddress - 0x16a9037eb49a985ab305b497c5efedba346d1243
	Configuring manager permissions for mintable crydr controller ...
		crydrControllerAddress - 0x8b08cb29673833d5e81d24515c3d3d083b74fb0d
		ownerAddress - 0xc96d0e18859c0f505063999e2b032dad49681a86
		managerAddress - 0x2d34da65b147254b28894d8a626fe8564086ebc9
	Grant manager permissions:
		contractAddress - 0x8b08cb29673833d5e81d24515c3d3d083b74fb0d
		ownerAddress - 0xc96d0e18859c0f505063999e2b032dad49681a86
		managerAddress - 0x2d34da65b147254b28894d8a626fe8564086ebc9
		permissions - ["forced_transfer"]
	Enable manager of a contract:
		contractAddress - 0x8b08cb29673833d5e81d24515c3d3d083b74fb0d
		ownerAddress - 0xc96d0e18859c0f505063999e2b032dad49681a86
		managerAddress - 0x2d34da65b147254b28894d8a626fe8564086ebc9
		Address's "0xc96d0e18859c0f505063999e2b032dad49681a86" nonce adjusted by 1: 140 -> 141
		Address's "0xc96d0e18859c0f505063999e2b032dad49681a86" nonce adjusted by 1: 141 -> 142
		Address's "0xc96d0e18859c0f505063999e2b032dad49681a86" nonce adjusted by 1: 142 -> 143
		Address's "0xc96d0e18859c0f505063999e2b032dad49681a86" nonce adjusted by 1: 143 -> 144
		Address's "0xc96d0e18859c0f505063999e2b032dad49681a86" nonce adjusted by 1: 144 -> 145
		Address's "0xc96d0e18859c0f505063999e2b032dad49681a86" nonce adjusted by 1: 145 -> 146
		Address's "0xc96d0e18859c0f505063999e2b032dad49681a86" nonce adjusted by 1: 146 -> 147
		Address's "0xc96d0e18859c0f505063999e2b032dad49681a86" nonce adjusted by 1: 147 -> 148
		Address's "0xc96d0e18859c0f505063999e2b032dad49681a86" nonce adjusted by 1: 148 -> 149
		Address's "0xc96d0e18859c0f505063999e2b032dad49681a86" nonce adjusted by 1: 149 -> 150
		Address's "0xc96d0e18859c0f505063999e2b032dad49681a86" nonce adjusted by 1: 150 -> 151
		Address's "0xc96d0e18859c0f505063999e2b032dad49681a86" nonce adjusted by 1: 151 -> 152
		Address's "0xc96d0e18859c0f505063999e2b032dad49681a86" nonce adjusted by 1: 152 -> 153
		Address's "0xc96d0e18859c0f505063999e2b032dad49681a86" nonce adjusted by 1: 153 -> 154
		Address's "0xc96d0e18859c0f505063999e2b032dad49681a86" nonce adjusted by 1: 154 -> 155
		Address's "0xc96d0e18859c0f505063999e2b032dad49681a86" nonce adjusted by 1: 155 -> 156
		Address's "0xc96d0e18859c0f505063999e2b032dad49681a86" nonce adjusted by 1: 156 -> 157
  ... 0x1d1a7d37a3d1cdf39df0ae52478ae9b9be7391772a53362224b2ed5c586692bc
	TX submitted: 0x1d1a7d37a3d1cdf39df0ae52478ae9b9be7391772a53362224b2ed5c586692bc
  ... 0xe78f919fed9116c725d6951a25634f9db41ab402948dd5fa28cc6965f99f5d07
	TX submitted: 0xe78f919fed9116c725d6951a25634f9db41ab402948dd5fa28cc6965f99f5d07
  ... 0xd2b1094068619fd1b28fb68a15e878856982f2e7cedeeac8bd506fdc3d2aa6b2
	TX submitted: 0xd2b1094068619fd1b28fb68a15e878856982f2e7cedeeac8bd506fdc3d2aa6b2
  ... 0x4b85a15b9ef6106671b672b58fb8e522c0b7c005f7ccd26527b8f8c9c4e75732
	TX submitted: 0x4b85a15b9ef6106671b672b58fb8e522c0b7c005f7ccd26527b8f8c9c4e75732
  ... 0xf4dc90d2f21ae675591a9660968cbece75bb3065199b0694fd2a7ab150e2d148
	TX submitted: 0xf4dc90d2f21ae675591a9660968cbece75bb3065199b0694fd2a7ab150e2d148
  ... 0x7480d50770c3da925145a02bde312f7494c21d290437ea026e231044c41d4112
	TX submitted: 0x7480d50770c3da925145a02bde312f7494c21d290437ea026e231044c41d4112
  ... 0xfb86890ac2591ac69dd8d5ddb906275fd3c8a1eb86ac88f7b50fd44691ad1690
	TX submitted: 0xfb86890ac2591ac69dd8d5ddb906275fd3c8a1eb86ac88f7b50fd44691ad1690
  ... 0x669545f2960905463d3a821f97db651accace1f8fe352a3ae9f3c68a6be6ffed
	TX submitted: 0x669545f2960905463d3a821f97db651accace1f8fe352a3ae9f3c68a6be6ffed
  ... 0xf9d2bf96881c1a5110e9082d554a970840ed63c0edf59faea30738d0b6d93d51
	TX submitted: 0xf9d2bf96881c1a5110e9082d554a970840ed63c0edf59faea30738d0b6d93d51
  ... 0xaf96b2feeef405c5a97617664336b0ddbd4db99e24390027228835eae2fdeeac
	TX submitted: 0xaf96b2feeef405c5a97617664336b0ddbd4db99e24390027228835eae2fdeeac
  ... 0x42e08bad28073c568322d58748abbf11105d1fa69ae910ea2333c26a10b4593b
	TX submitted: 0x42e08bad28073c568322d58748abbf11105d1fa69ae910ea2333c26a10b4593b
  ... 0xd9a5379a97723b24ab5512c09b0319061cfa6247e2fcaa5dc2bd4b1843ab0c20
	TX submitted: 0xd9a5379a97723b24ab5512c09b0319061cfa6247e2fcaa5dc2bd4b1843ab0c20
  ... 0x6624c350d692ad341d01338406e1c4ddf7d03d4dab45a645f7eb48e7ab069b0e
	TX submitted: 0x6624c350d692ad341d01338406e1c4ddf7d03d4dab45a645f7eb48e7ab069b0e
  ... 0xc6eb27e47debd466895fa63b92836e60a4c9cf93278586bc4cff207114cd91e6
	TX submitted: 0xc6eb27e47debd466895fa63b92836e60a4c9cf93278586bc4cff207114cd91e6
  ... 0x1059ad3d83f71286b6e2a86281a31476f45020cfd4c7c55e2ac618f8caafd5cb
	TX submitted: 0x1059ad3d83f71286b6e2a86281a31476f45020cfd4c7c55e2ac618f8caafd5cb
  ... 0x68e6c3d404037426b9902a47b258a4fb71b4871509636c022512e9d93919daf0
	TX submitted: 0x68e6c3d404037426b9902a47b258a4fb71b4871509636c022512e9d93919daf0
  ... 0x0db2c6d3be0079185559929e84e5895940362b6b58400bb43400ffc5b45b1158
	TX submitted: 0x0db2c6d3be0079185559929e84e5895940362b6b58400bb43400ffc5b45b1158
	Permissions to the manager successfully granted
	Permissions to the manager of pausable contract granted
	Manager successfully enabled
	Permissions to the manager successfully granted
	Permissions to the manager of crydr controller granted
	Manager successfully enabled
	Manager successfully enabled
	Permissions to the manager successfully granted
	Permissions to the manager of crydr controller granted
	Permissions to the manager successfully granted
	Permissions to the manager of mintable crydr controller granted
	Manager successfully enabled
	Permissions to the manager successfully granted
	Permissions to the manager of ForcedTransfer crydr controller granted
	Manager successfully enabled
	Managers of crydr controller successfully configured
	Crydr storage successfully deployed and configured
	Deploying and configure crydr view
	Deploying view of a crydr.
	Deploying contract and persist artifact to the hard drive.
		owner - 0xc96d0e18859c0f505063999e2b032dad49681a86
  Deploying JGBPViewERC20...
  ... 0x9fda588b47f7c8adc8935b3f4ca1a6b59d7bfc2d0de7eb7750b6220bc1bedbc4
  JGBPViewERC20: 0xdf2e7c283f614f9fc5fdce9bb98425ac52d74e18
		Contract successfully deployed: 0xdf2e7c283f614f9fc5fdce9bb98425ac52d74e18
		ERROR. Failed to find tx data in recent blocks.
		ERROR. Failed to find tx data in recent blocks.
	View of a crydr successfully deployed: 0xdf2e7c283f614f9fc5fdce9bb98425ac52d74e18
	Configuring managers of crydr view...
		crydrViewAddress - 0xdf2e7c283f614f9fc5fdce9bb98425ac52d74e18
	Configuring manager permissions for pausable contract ...
		contractAddress - 0xdf2e7c283f614f9fc5fdce9bb98425ac52d74e18
		ownerAddress - 0xc96d0e18859c0f505063999e2b032dad49681a86
		managerPauseAddress - 0xa6e6b05d3155f921e90afd4b2349ad93136dcebc
	Grant manager permissions:
		contractAddress - 0xdf2e7c283f614f9fc5fdce9bb98425ac52d74e18
		ownerAddress - 0xc96d0e18859c0f505063999e2b032dad49681a86
		managerAddress - 0xa6e6b05d3155f921e90afd4b2349ad93136dcebc
		permissions - ["pause_contract","unpause_contract"]
	Enable manager of a contract:
		contractAddress - 0xdf2e7c283f614f9fc5fdce9bb98425ac52d74e18
		ownerAddress - 0xc96d0e18859c0f505063999e2b032dad49681a86
		managerAddress - 0xa6e6b05d3155f921e90afd4b2349ad93136dcebc
	Configuring manager permissions for crydr view ...
		jntViewAddress - 0xdf2e7c283f614f9fc5fdce9bb98425ac52d74e18
		ownerAddress - 0xc96d0e18859c0f505063999e2b032dad49681a86
		managerAddress - 0xef76fd85eed2d0d2fbfae0c01914e850294270ac
	Grant manager permissions:
		contractAddress - 0xdf2e7c283f614f9fc5fdce9bb98425ac52d74e18
		ownerAddress - 0xc96d0e18859c0f505063999e2b032dad49681a86
		managerAddress - 0xef76fd85eed2d0d2fbfae0c01914e850294270ac
		permissions - ["set_crydr_controller"]
	Configuring manager permissions for named crydr view...
		crydrControllerAddress - 0xdf2e7c283f614f9fc5fdce9bb98425ac52d74e18
		ownerAddress - 0xc96d0e18859c0f505063999e2b032dad49681a86
		managerAddress - 0xef76fd85eed2d0d2fbfae0c01914e850294270ac
	Grant manager permissions:
		contractAddress - 0xdf2e7c283f614f9fc5fdce9bb98425ac52d74e18
		ownerAddress - 0xc96d0e18859c0f505063999e2b032dad49681a86
		managerAddress - 0xef76fd85eed2d0d2fbfae0c01914e850294270ac
		permissions - ["set_crydr_name","set_crydr_symbol","set_crydr_decimals"]
	Enable manager of a contract:
		contractAddress - 0xdf2e7c283f614f9fc5fdce9bb98425ac52d74e18
		ownerAddress - 0xc96d0e18859c0f505063999e2b032dad49681a86
		managerAddress - 0xef76fd85eed2d0d2fbfae0c01914e850294270ac
		Address's "0xc96d0e18859c0f505063999e2b032dad49681a86" nonce adjusted by 1: 157 -> 158
		Address's "0xc96d0e18859c0f505063999e2b032dad49681a86" nonce adjusted by 1: 158 -> 159
		Address's "0xc96d0e18859c0f505063999e2b032dad49681a86" nonce adjusted by 1: 159 -> 160
		Address's "0xc96d0e18859c0f505063999e2b032dad49681a86" nonce adjusted by 1: 160 -> 161
		Address's "0xc96d0e18859c0f505063999e2b032dad49681a86" nonce adjusted by 1: 161 -> 162
		Address's "0xc96d0e18859c0f505063999e2b032dad49681a86" nonce adjusted by 1: 162 -> 163
		Address's "0xc96d0e18859c0f505063999e2b032dad49681a86" nonce adjusted by 1: 163 -> 164
		Address's "0xc96d0e18859c0f505063999e2b032dad49681a86" nonce adjusted by 1: 164 -> 165
  ... 0x052a94dfe39ea2e6024104f87e53d057ac2e5ae9cb65d60b23c4c7edff85facf
	TX submitted: 0x052a94dfe39ea2e6024104f87e53d057ac2e5ae9cb65d60b23c4c7edff85facf
  ... 0x9e4c24a5cb275b67f021818031cd601cded181a582d745ab73a623c36c176e71
	TX submitted: 0x9e4c24a5cb275b67f021818031cd601cded181a582d745ab73a623c36c176e71
  ... 0x09494575ddcc3106985765eac3611d6c8c192985ce0080af520abb7dfd771f5c
	TX submitted: 0x09494575ddcc3106985765eac3611d6c8c192985ce0080af520abb7dfd771f5c
  ... 0x446b96ebbfccf887afac49a10abe5c9512a60033180d8b12d3e3c49a3b2d78b3
	TX submitted: 0x446b96ebbfccf887afac49a10abe5c9512a60033180d8b12d3e3c49a3b2d78b3
  ... 0xfe7f7b972a3423ee483ffb8e2dd0b2943571611ebd3a18727d950727a064e9a2
	TX submitted: 0xfe7f7b972a3423ee483ffb8e2dd0b2943571611ebd3a18727d950727a064e9a2
  ... 0xecd552b319013f5b329602f87e22f5538acd62f089de5ea387bda5759efd5e45
	TX submitted: 0xecd552b319013f5b329602f87e22f5538acd62f089de5ea387bda5759efd5e45
  ... 0x245be0c9291232e607384875d3046e7eaa06666f0254cfcfd5d22b84a9753432
	TX submitted: 0x245be0c9291232e607384875d3046e7eaa06666f0254cfcfd5d22b84a9753432
Error encountered, bailing. Network state unknown. Review successful transactions manually.
nonce too low

user@u16041:~/dev/project/jibrel/jibrel-contracts$ 
user@u16041:~/dev/project/jibrel/jibrel-contracts$ 
user@u16041:~/dev/project/jibrel/jibrel-contracts$ ./node_modules/.bin/truffle migrate --network main_hd
Using network 'main_hd'.

Running migration: 5_deploy_jgbp.js
  Start migration 5
  Network:  main_hd
  Accounts: 0xc96d0e18859c0f505063999e2b032dad49681a86
            0xa6e6b05d3155f921e90afd4b2349ad93136dcebc
            0xef76fd85eed2d0d2fbfae0c01914e850294270ac
            0x760a0dff349cbfadc740ad23d840ad7bfbf711d1
            0x16a9037eb49a985ab305b497c5efedba346d1243
            0x04c2a7a285f179aa4892ec0324dfe57ee15a1091
            0x7058aada274d7c560632dec66c7d36ae534a1bea
            0x2d34da65b147254b28894d8a626fe8564086ebc9
            0x6521778a8b891ffd05b9f0cd6b888ee566df3f32
            0xb8db6a1e8907932eae13eee92a8a0d5dc5580354
            0x585379119afa7c96b8dad499ff8f038762ff1ac5
            0x57e5be404933ec8cfa33f57500b3ddf8fbc6d12e
            0x2e13d0d47117e2ea9d6dce635197b190762413f8
            0xc5619e73ea95d812b3fc2558220d50adbc079b68
            0x7e4cb2d692077a95a309261b74af5018213840de
            0xf6f01084c729ecefeafd8005cd67355493689860
            0x6ac7f96cfdeb52fd3b2edec12c6b4b09e6703d10
            0x87d3636889a5f478691c2bf01b877dd96d9c974f
            0x6d4c8847d40d7687e361ad11d73fa8e05ee59a81
            0xfaf586e84df8eb329f6151daac7315e637278fe7
            0xe3468ac78591549a00be9820868fdff6bb047520
            0xc62447030b5d1f92d692a688ec1a49cd357c591a
            0xadabf64a843378ed14896870a6d1b657ccdbdda0
            0xa6c5690f1d6e3c3fe79649be452efac0f47b94da
            0x2432020b59aa5f9a031199a171612356524d45a4
            0x8a62def020e76cf85f1d889d128506baff9a5ae7
            0xa513afa4517ed0fc6801c14574ff67649e28e912
            0x6034e003bf68c2e6e0c49c857ea0b8f43408637a
            0xc8eb0539b10293626aa1d051c8a8b2b2d29a5f5e
            0x2c710039f4f4a18eb0691869db126d18e36e44e9
            0x90035f18f697420fd7bb2c2b92750964fcc6c1bc
            0xa03c4babe401497a14fd913aa9d4dbac17135f39
            0x1043e3e4bf3e312e188da08ecfa69c425b25c8da
            0x65256c773c2cbfd36f9743f768ab0d29bf33eb27
            0x00bc98139ceadce10758d2a6816a590b94a6dc1f
            0xa1a9cc77d007c4f59c4a3ad911605203075a41ec
            0x042c90fd2ac49ded820edc2219ce1d79bc110bed
            0xe0890bc0ad1ee1814c984a21849b2c4d0c130782
            0xe8d65b445aed950bed1906cb7cd18b21ad1c033c
            0x67cff51ac5077053a5af26c680b7c4b50d80f47f
            0xa7d7621672ee63bac987ef2e56f98bccd1f6f0ad
            0xc2fd1178f3053a2a6d71498d113cc21f4d632fd4
            0x5d7e69791e5f517e7a579e36dffad1082b8a20f9
            0x43dcbd4a57d40475d637c9080cc9b48cdbaa11e1
            0x5a564db001c24e2afa53aff8c7c64a39d92b1b3b
            0xb67aedc7c3c5965c30e56c0794c0e789baba47a2
            0x9e98e884e64106ea3b4c9d242c3879d2e0dec32f
            0x1802ef24766d0a61f2fcdcbcc9e02c4562b9764a
            0xe858367366ec027307c6ad337b572b3c82c0631e
            0x8a1aa83780d0150eba7ba87757cb90e5914cefa0
  Running step...
	Deploy and init licensed JCash crydr...
	Deploy and init JCash crydr...
		crydrViewApiStandardName - erc20
	Deploying and configure crydr storage
	Crydr storage successfully deployed and configured
	Deploying and configure crydr controller
	Crydr storage successfully deployed and configured
	Deploying and configure crydr view
	Deploying view of a crydr.
	Deploying contract and persist artifact to the hard drive.
		owner - 0xc96d0e18859c0f505063999e2b032dad49681a86
  Deploying JGBPViewERC20...
  ... 0xcad40e2890d0f153b5416ea921291c1686145a9e009b619b9e118634363093f8
  JGBPViewERC20: 0xada5dcb3ca6406b24ce170c95e3d10545adae202
		Contract successfully deployed: 0xada5dcb3ca6406b24ce170c95e3d10545adae202
		ERROR. Failed to find tx data in recent blocks.
		ERROR. Failed to find tx data in recent blocks.
	View of a crydr successfully deployed: 0xada5dcb3ca6406b24ce170c95e3d10545adae202
	Configuring managers of crydr view...
		crydrViewAddress - 0xada5dcb3ca6406b24ce170c95e3d10545adae202
	Configuring manager permissions for pausable contract ...
		contractAddress - 0xada5dcb3ca6406b24ce170c95e3d10545adae202
		ownerAddress - 0xc96d0e18859c0f505063999e2b032dad49681a86
		managerPauseAddress - 0xa6e6b05d3155f921e90afd4b2349ad93136dcebc
	Grant manager permissions:
		contractAddress - 0xada5dcb3ca6406b24ce170c95e3d10545adae202
		ownerAddress - 0xc96d0e18859c0f505063999e2b032dad49681a86
		managerAddress - 0xa6e6b05d3155f921e90afd4b2349ad93136dcebc
		permissions - ["pause_contract","unpause_contract"]
	Enable manager of a contract:
		contractAddress - 0xada5dcb3ca6406b24ce170c95e3d10545adae202
		ownerAddress - 0xc96d0e18859c0f505063999e2b032dad49681a86
		managerAddress - 0xa6e6b05d3155f921e90afd4b2349ad93136dcebc
	Configuring manager permissions for crydr view ...
		jntViewAddress - 0xada5dcb3ca6406b24ce170c95e3d10545adae202
		ownerAddress - 0xc96d0e18859c0f505063999e2b032dad49681a86
		managerAddress - 0xef76fd85eed2d0d2fbfae0c01914e850294270ac
	Grant manager permissions:
		contractAddress - 0xada5dcb3ca6406b24ce170c95e3d10545adae202
		ownerAddress - 0xc96d0e18859c0f505063999e2b032dad49681a86
		managerAddress - 0xef76fd85eed2d0d2fbfae0c01914e850294270ac
		permissions - ["set_crydr_controller"]
	Configuring manager permissions for named crydr view...
		crydrControllerAddress - 0xada5dcb3ca6406b24ce170c95e3d10545adae202
		ownerAddress - 0xc96d0e18859c0f505063999e2b032dad49681a86
		managerAddress - 0xef76fd85eed2d0d2fbfae0c01914e850294270ac
	Grant manager permissions:
		contractAddress - 0xada5dcb3ca6406b24ce170c95e3d10545adae202
		ownerAddress - 0xc96d0e18859c0f505063999e2b032dad49681a86
		managerAddress - 0xef76fd85eed2d0d2fbfae0c01914e850294270ac
		permissions - ["set_crydr_name","set_crydr_symbol","set_crydr_decimals"]
	Enable manager of a contract:
		contractAddress - 0xada5dcb3ca6406b24ce170c95e3d10545adae202
		ownerAddress - 0xc96d0e18859c0f505063999e2b032dad49681a86
		managerAddress - 0xef76fd85eed2d0d2fbfae0c01914e850294270ac
		Address's "0xc96d0e18859c0f505063999e2b032dad49681a86" nonce adjusted by 1: 166 -> 167
		Address's "0xc96d0e18859c0f505063999e2b032dad49681a86" nonce adjusted by 1: 167 -> 168
		Address's "0xc96d0e18859c0f505063999e2b032dad49681a86" nonce adjusted by 1: 168 -> 169
		Address's "0xc96d0e18859c0f505063999e2b032dad49681a86" nonce adjusted by 1: 169 -> 170
		Address's "0xc96d0e18859c0f505063999e2b032dad49681a86" nonce adjusted by 1: 170 -> 171
		Address's "0xc96d0e18859c0f505063999e2b032dad49681a86" nonce adjusted by 1: 171 -> 172
		Address's "0xc96d0e18859c0f505063999e2b032dad49681a86" nonce adjusted by 1: 172 -> 173
		Address's "0xc96d0e18859c0f505063999e2b032dad49681a86" nonce adjusted by 1: 173 -> 174
  ... 0xe6196c78c8bdf057e3c8db2258daeb576cc1f3f5e33cfc25e1fbc1553e8c2334
	TX submitted: 0xe6196c78c8bdf057e3c8db2258daeb576cc1f3f5e33cfc25e1fbc1553e8c2334
  ... 0xaa6d7d4e6480508a0a782c1c3984797da7ac8ea80367267881b65338054cc7f6
	TX submitted: 0xaa6d7d4e6480508a0a782c1c3984797da7ac8ea80367267881b65338054cc7f6
  ... 0x78172483a237b2c05b126c4ab43234c0b04c67a701fdaaccdcc65cc5b6d71419
	TX submitted: 0x78172483a237b2c05b126c4ab43234c0b04c67a701fdaaccdcc65cc5b6d71419
  ... 0x17a858389a3cb1712b9478153d81f6afe5691896cb3cea811d3ebdb355d1fb1e
	TX submitted: 0x17a858389a3cb1712b9478153d81f6afe5691896cb3cea811d3ebdb355d1fb1e
  ... 0xa9778b2f09bf1252970988d6f5c77929de49d8aa6e1a121e60c69b55bf3996d7
	TX submitted: 0xa9778b2f09bf1252970988d6f5c77929de49d8aa6e1a121e60c69b55bf3996d7
  ... 0x72e85713db57160678466f43c1c7ae5c264f9ef67a91da7fcc86a8a6d75df13f
	TX submitted: 0x72e85713db57160678466f43c1c7ae5c264f9ef67a91da7fcc86a8a6d75df13f
  ... 0x952253c78c6c0cbda332289ab3fc8613c25ceb84b9cf5920f4a2d164eb6a9afa
	TX submitted: 0x952253c78c6c0cbda332289ab3fc8613c25ceb84b9cf5920f4a2d164eb6a9afa
  ... 0xfd0d17d59630b9b516a68360d7df7d8232fee019e7130d37197bebbaf5ab0e54
	TX submitted: 0xfd0d17d59630b9b516a68360d7df7d8232fee019e7130d37197bebbaf5ab0e54
	Permissions to the manager successfully granted
	Permissions to the manager of pausable contract granted
	Manager successfully enabled
	Permissions to the manager successfully granted
	Permissions to the manager of crydr view granted
	Permissions to the manager successfully granted
	Permissions to the manager of named crydr view granted
	Manager successfully enabled
	Managers of crydr view successfully configured
	Crydr view successfully deployed and configured
	Link crydr contracts
	Link crydr storage to controller...
		crydrStorageAddress - 0x3525f554cdbdba75973aa341cbfcb1d5e3d13812
		crydrControllerAddress - 0x8b08cb29673833d5e81d24515c3d3d083b74fb0d
	Set controller of CryDR storage:
		storage - 0x3525f554cdbdba75973aa341cbfcb1d5e3d13812
		managerAddress - 0xef76fd85eed2d0d2fbfae0c01914e850294270ac
		controller - 0x8b08cb29673833d5e81d24515c3d3d083b74fb0d
	Set storage of CryDR controller:
		controller - 0x8b08cb29673833d5e81d24515c3d3d083b74fb0d
		managerAddress - 0xef76fd85eed2d0d2fbfae0c01914e850294270ac
		storage - 0x3525f554cdbdba75973aa341cbfcb1d5e3d13812
	Link crydr view to controller...
		crydrControllerAddress - 0x8b08cb29673833d5e81d24515c3d3d083b74fb0d
		crydrViewAddress - 0xada5dcb3ca6406b24ce170c95e3d10545adae202
		crydrViewApiStandardName - erc20
	Set controller of crydr view:
		crydrViewAddress - 0xada5dcb3ca6406b24ce170c95e3d10545adae202
		managerAddress - 0xef76fd85eed2d0d2fbfae0c01914e850294270ac
		crydrControllerAddress - 0x8b08cb29673833d5e81d24515c3d3d083b74fb0d
	Set view of CryDR controller:
		controller - 0x8b08cb29673833d5e81d24515c3d3d083b74fb0d
		managerAddress - 0xef76fd85eed2d0d2fbfae0c01914e850294270ac
		crydrViewAddress - 0xada5dcb3ca6406b24ce170c95e3d10545adae202
		crydrViewStandardName - erc20
		Address's "0xef76fd85eed2d0d2fbfae0c01914e850294270ac" nonce started to track: 10 -> 11
		Address's "0xef76fd85eed2d0d2fbfae0c01914e850294270ac" nonce adjusted by 1: 11 -> 12
		Address's "0xef76fd85eed2d0d2fbfae0c01914e850294270ac" nonce adjusted by 1: 12 -> 13
		Address's "0xef76fd85eed2d0d2fbfae0c01914e850294270ac" nonce adjusted by 1: 13 -> 14
  ... 0x88c3796357463de335b089afadcce938afb831b5dc6075545d2822c1fe3ecc7a
	TX submitted: 0x88c3796357463de335b089afadcce938afb831b5dc6075545d2822c1fe3ecc7a
  ... 0x87c5d4a4f89837afcaaec8b0898c22c1e466e29e89b02f6080cb7331e546f924
	TX submitted: 0x87c5d4a4f89837afcaaec8b0898c22c1e466e29e89b02f6080cb7331e546f924
  ... 0x4861cc207213f66e33bda7c7743a570e2ce61b1f26117be1d42760ef362c4e02
	TX submitted: 0x4861cc207213f66e33bda7c7743a570e2ce61b1f26117be1d42760ef362c4e02
  ... 0x85af217c7a9e53010942f8db57dadfe19e005787580e34f898752890a2902cc8
	TX submitted: 0x85af217c7a9e53010942f8db57dadfe19e005787580e34f898752890a2902cc8
	Controller of CryDR storage successfully set
	Storage of CryDR controller successfully set
	Crydr storage successfully linked
	Controller of crydr view successfully set
	View of CryDR controller successfully set
	Crydr view successfully linked
	Crydr contracts successfully linked
	JCash crydr successfully initialized
	Deploying license registry contract
	Deploying license registry of a crydr.
	Deploying contract and persist artifact to the hard drive.
		owner - 0xc96d0e18859c0f505063999e2b032dad49681a86
  Deploying JGBPLicenseRegistry...
  ... 0x4714d66ebcf641b5db4d76b709d86f4a3f0459c08d32eb5ace6135740a74cd21
  JGBPLicenseRegistry: 0xf33b5d9cefff246f24f5a17dc3a34fb2f1f87612
		Contract successfully deployed: 0xf33b5d9cefff246f24f5a17dc3a34fb2f1f87612
		ERROR. Failed to find tx data in recent blocks.
		ERROR. Failed to find tx data in recent blocks.
	License registry of a crydr successfully deployed: 0xf33b5d9cefff246f24f5a17dc3a34fb2f1f87612
	License registry successfully deployed
	Configuring license managers
	Configuring managers of license registry...
		licenseRegistryAddress - 0xf33b5d9cefff246f24f5a17dc3a34fb2f1f87612
	Configuring manager permissions for pausable contract ...
		contractAddress - 0xf33b5d9cefff246f24f5a17dc3a34fb2f1f87612
		ownerAddress - 0xc96d0e18859c0f505063999e2b032dad49681a86
		managerPauseAddress - 0xa6e6b05d3155f921e90afd4b2349ad93136dcebc
	Grant manager permissions:
		contractAddress - 0xf33b5d9cefff246f24f5a17dc3a34fb2f1f87612
		ownerAddress - 0xc96d0e18859c0f505063999e2b032dad49681a86
		managerAddress - 0xa6e6b05d3155f921e90afd4b2349ad93136dcebc
		permissions - ["pause_contract","unpause_contract"]
	Enable manager of a contract:
		contractAddress - 0xf33b5d9cefff246f24f5a17dc3a34fb2f1f87612
		ownerAddress - 0xc96d0e18859c0f505063999e2b032dad49681a86
		managerAddress - 0xa6e6b05d3155f921e90afd4b2349ad93136dcebc
	Configuring manager permissions for license registry ...
		crydrControllerAddress - 0xf33b5d9cefff246f24f5a17dc3a34fb2f1f87612
		ownerAddress - 0xc96d0e18859c0f505063999e2b032dad49681a86
		manager - 0x7058aada274d7c560632dec66c7d36ae534a1bea
	Grant manager permissions:
		contractAddress - 0xf33b5d9cefff246f24f5a17dc3a34fb2f1f87612
		ownerAddress - 0xc96d0e18859c0f505063999e2b032dad49681a86
		managerAddress - 0x7058aada274d7c560632dec66c7d36ae534a1bea
		permissions - ["admit_user","deny_user","grant_license","revoke_license"]
	Enable manager of a contract:
		contractAddress - 0xf33b5d9cefff246f24f5a17dc3a34fb2f1f87612
		ownerAddress - 0xc96d0e18859c0f505063999e2b032dad49681a86
		managerAddress - 0x7058aada274d7c560632dec66c7d36ae534a1bea
		Address's "0xc96d0e18859c0f505063999e2b032dad49681a86" nonce adjusted by 1: 175 -> 176
		Address's "0xc96d0e18859c0f505063999e2b032dad49681a86" nonce adjusted by 1: 176 -> 177
		Address's "0xc96d0e18859c0f505063999e2b032dad49681a86" nonce adjusted by 1: 177 -> 178
		Address's "0xc96d0e18859c0f505063999e2b032dad49681a86" nonce adjusted by 1: 178 -> 179
		Address's "0xc96d0e18859c0f505063999e2b032dad49681a86" nonce adjusted by 1: 179 -> 180
		Address's "0xc96d0e18859c0f505063999e2b032dad49681a86" nonce adjusted by 1: 180 -> 181
		Address's "0xc96d0e18859c0f505063999e2b032dad49681a86" nonce adjusted by 1: 181 -> 182
		Address's "0xc96d0e18859c0f505063999e2b032dad49681a86" nonce adjusted by 1: 182 -> 183
  ... 0x7d272d40be726cb93a1a14932e85470c26cadcd61fd76be0393873566a7dc05b
	TX submitted: 0x7d272d40be726cb93a1a14932e85470c26cadcd61fd76be0393873566a7dc05b
  ... 0x4346c5503ae7fc5a59acb7809ea1a2c8f84c43f18fa95e6fdc08794fd15a00eb
	TX submitted: 0x4346c5503ae7fc5a59acb7809ea1a2c8f84c43f18fa95e6fdc08794fd15a00eb
  ... 0x8001e0c3e20a16dc1b58bbcd757fd88d65a421a6259ba354499bfc0828bf74df
	TX submitted: 0x8001e0c3e20a16dc1b58bbcd757fd88d65a421a6259ba354499bfc0828bf74df
  ... 0xa37d75114029a0548f25920b1282255f6215c25845b501ec5bb07dcd5d4184e9
	TX submitted: 0xa37d75114029a0548f25920b1282255f6215c25845b501ec5bb07dcd5d4184e9
  ... 0x8b17c930ce353ae6e88cf36d1c232d0d1d6526d35c5b923c648d59ad6b44fecc
	TX submitted: 0x8b17c930ce353ae6e88cf36d1c232d0d1d6526d35c5b923c648d59ad6b44fecc
  ... 0x09daa93e629f9b441231f90287314fd299b0206a9b7318aae6937210e0bf5b75
	TX submitted: 0x09daa93e629f9b441231f90287314fd299b0206a9b7318aae6937210e0bf5b75
  ... 0xb9f5ce0648b320a06653659666f79af94ce65f6f727d708469bbc873d8ebd669
	TX submitted: 0xb9f5ce0648b320a06653659666f79af94ce65f6f727d708469bbc873d8ebd669
  ... 0xca854f69a91cdcb7cfcaf710f7aa8df884e6902dd00528a4e3f95a65935e2c38
	TX submitted: 0xca854f69a91cdcb7cfcaf710f7aa8df884e6902dd00528a4e3f95a65935e2c38
	Permissions to the manager successfully granted
	Permissions to the manager of pausable contract granted
	Manager successfully enabled
	Permissions to the manager successfully granted
	Permissions to the manager of license registry granted
	Manager successfully enabled
	Managers of license registry successfully configured
	Configuring managers of licensed crydr controller...
		crydrControllerAddress - 0x8b08cb29673833d5e81d24515c3d3d083b74fb0d
		ethAccounts.owner - 0xc96d0e18859c0f505063999e2b032dad49681a86
		ethAccounts.managerGeneral - 0xef76fd85eed2d0d2fbfae0c01914e850294270ac
	Configuring manager permissions for licensed crydr controller ...
		crydrControllerAddress - 0x8b08cb29673833d5e81d24515c3d3d083b74fb0d
		ownerAddress - 0xc96d0e18859c0f505063999e2b032dad49681a86
		managerAddress - 0xef76fd85eed2d0d2fbfae0c01914e850294270ac
	Grant manager permissions:
		contractAddress - 0x8b08cb29673833d5e81d24515c3d3d083b74fb0d
		ownerAddress - 0xc96d0e18859c0f505063999e2b032dad49681a86
		managerAddress - 0xef76fd85eed2d0d2fbfae0c01914e850294270ac
		permissions - ["set_license_registry"]
		Address's "0xc96d0e18859c0f505063999e2b032dad49681a86" nonce adjusted by 1: 183 -> 184
  ... 0x3442b4d692c03ee430dcb689953edd08f82be78e40f7867f1e4c4850792f1675
	TX submitted: 0x3442b4d692c03ee430dcb689953edd08f82be78e40f7867f1e4c4850792f1675
	Permissions to the manager successfully granted
	Permissions to the manager of licensed crydr controller granted
	Managers of licensed crydr controller successfully configured
	License managers successfully configured
	Link license registry and controller
	Link license registry and controller...
		licenseRegistryAddress - 0xf33b5d9cefff246f24f5a17dc3a34fb2f1f87612
		crydrControllerAddress - 0x8b08cb29673833d5e81d24515c3d3d083b74fb0d
	Set license registry for the controller:
		crydrControllerAddress - 0x8b08cb29673833d5e81d24515c3d3d083b74fb0d
		managerAddress - 0xef76fd85eed2d0d2fbfae0c01914e850294270ac
		licenseRegistryAddress - 0xf33b5d9cefff246f24f5a17dc3a34fb2f1f87612
		Address's "0xef76fd85eed2d0d2fbfae0c01914e850294270ac" nonce adjusted by 1: 14 -> 15
  ... 0x70ffcdfd969186a7c262c3e4a707fbda1210adfc62c81683a228c74ab31f3324
	TX submitted: 0x70ffcdfd969186a7c262c3e4a707fbda1210adfc62c81683a228c74ab31f3324
	License registry of CryDR controller successfully set
	License registry and controller successfully linked
	License registry and controller successfully linked
	Licensed JCash crydr successfully initialized
	Unpause contract:
		contractAddress - 0x3525f554cdbdba75973aa341cbfcb1d5e3d13812
		managerAddress - 0xa6e6b05d3155f921e90afd4b2349ad93136dcebc
		Address's "0xa6e6b05d3155f921e90afd4b2349ad93136dcebc" nonce started to track: 8 -> 9
  ... 0xb8989513125e1922f40d2e67af06092ab878e1d25ca1f6ab32114a225f09b0d3
	TX submitted: 0xb8989513125e1922f40d2e67af06092ab878e1d25ca1f6ab32114a225f09b0d3
		Contract successfully unpaused
	Unpause contract:
		contractAddress - 0xf33b5d9cefff246f24f5a17dc3a34fb2f1f87612
		managerAddress - 0xa6e6b05d3155f921e90afd4b2349ad93136dcebc
		Address's "0xa6e6b05d3155f921e90afd4b2349ad93136dcebc" nonce adjusted by 1: 9 -> 10
  ... 0x97377b38a18d00ea2cb6fdcaefbd23e19772b3582663328d4e04c4e5ad1755bb
	TX submitted: 0x97377b38a18d00ea2cb6fdcaefbd23e19772b3582663328d4e04c4e5ad1755bb
		Contract successfully unpaused
	Unpause contract:
		contractAddress - 0x8b08cb29673833d5e81d24515c3d3d083b74fb0d
		managerAddress - 0xa6e6b05d3155f921e90afd4b2349ad93136dcebc
		Address's "0xa6e6b05d3155f921e90afd4b2349ad93136dcebc" nonce adjusted by 1: 10 -> 11
  ... 0x78cbec75c0f8af67b295b10cb7e16caff8bc07ed94abe99f74a35d338c599116
	TX submitted: 0x78cbec75c0f8af67b295b10cb7e16caff8bc07ed94abe99f74a35d338c599116
		Contract successfully unpaused
	Unpause contract:
		contractAddress - 0xada5dcb3ca6406b24ce170c95e3d10545adae202
		managerAddress - 0xa6e6b05d3155f921e90afd4b2349ad93136dcebc
		Address's "0xa6e6b05d3155f921e90afd4b2349ad93136dcebc" nonce adjusted by 1: 11 -> 12
  ... 0xecbb0cc29614d64502e4233341ae6bc68c7b0ee761c8312a43eb8984782613b4
	TX submitted: 0xecbb0cc29614d64502e4233341ae6bc68c7b0ee761c8312a43eb8984782613b4
		Contract successfully unpaused
  JGBP deployed, configured and unpaused:
	JGBPStorageAddress: 0x3525f554cdbdba75973aa341cbfcb1d5e3d13812
	JGBPLicenseRegistryAddress: 0xf33b5d9cefff246f24f5a17dc3a34fb2f1f87612
	JGBPControllerAddress: 0x8b08cb29673833d5e81d24515c3d3d083b74fb0d
	JGBPViewERC20Address: 0xada5dcb3ca6406b24ce170c95e3d10545adae202
  Migration 5 finished
Saving successful migration to network...
  ... 0x5b625c17a8e23d9f31851e56809183e372d5949749255d541c2be56acc8c64d6
Saving artifacts...
user@u16041:~/dev/project/jibrel/jibrel-contracts$ 

