
user@u16041:~/dev/project/jibrel/jibrel-contracts$ ./node_modules/.bin/truffle migrate --network main_hd
Using network 'main_hd'.

Running migration: 8_deploy_jcash_registrar.js
  Start migration 8
  Network:  main_hd
  Accounts: 0xc96d0e18859c0f505063999e2b032dad49681a86
            0xa6e6b05d3155f921e90afd4b2349ad93136dcebc
            0xef76fd85eed2d0d2fbfae0c01914e850294270ac
            0x760a0dff349cbfadc740ad23d840ad7bfbf711d1
            0x16a9037eb49a985ab305b497c5efedba346d1243
            0x04c2a7a285f179aa4892ec0324dfe57ee15a1091
            0x7058aada274d7c560632dec66c7d36ae534a1bea
            0x2d34da65b147254b28894d8a626fe8564086ebc9
            0x6521778a8b891ffd05b9f0cd6b888ee566df3f32
            0xb8db6a1e8907932eae13eee92a8a0d5dc5580354
            0x585379119afa7c96b8dad499ff8f038762ff1ac5
            0x57e5be404933ec8cfa33f57500b3ddf8fbc6d12e
            0x2e13d0d47117e2ea9d6dce635197b190762413f8
            0xc5619e73ea95d812b3fc2558220d50adbc079b68
            0x7e4cb2d692077a95a309261b74af5018213840de
            0xf6f01084c729ecefeafd8005cd67355493689860
            0x6ac7f96cfdeb52fd3b2edec12c6b4b09e6703d10
            0x87d3636889a5f478691c2bf01b877dd96d9c974f
            0x6d4c8847d40d7687e361ad11d73fa8e05ee59a81
            0xfaf586e84df8eb329f6151daac7315e637278fe7
            0xe3468ac78591549a00be9820868fdff6bb047520
            0xc62447030b5d1f92d692a688ec1a49cd357c591a
            0xadabf64a843378ed14896870a6d1b657ccdbdda0
            0xa6c5690f1d6e3c3fe79649be452efac0f47b94da
            0x2432020b59aa5f9a031199a171612356524d45a4
            0x8a62def020e76cf85f1d889d128506baff9a5ae7
            0xa513afa4517ed0fc6801c14574ff67649e28e912
            0x6034e003bf68c2e6e0c49c857ea0b8f43408637a
            0xc8eb0539b10293626aa1d051c8a8b2b2d29a5f5e
            0x2c710039f4f4a18eb0691869db126d18e36e44e9
            0x90035f18f697420fd7bb2c2b92750964fcc6c1bc
            0xa03c4babe401497a14fd913aa9d4dbac17135f39
            0x1043e3e4bf3e312e188da08ecfa69c425b25c8da
            0x65256c773c2cbfd36f9743f768ab0d29bf33eb27
            0x00bc98139ceadce10758d2a6816a590b94a6dc1f
            0xa1a9cc77d007c4f59c4a3ad911605203075a41ec
            0x042c90fd2ac49ded820edc2219ce1d79bc110bed
            0xe0890bc0ad1ee1814c984a21849b2c4d0c130782
            0xe8d65b445aed950bed1906cb7cd18b21ad1c033c
            0x67cff51ac5077053a5af26c680b7c4b50d80f47f
            0xa7d7621672ee63bac987ef2e56f98bccd1f6f0ad
            0xc2fd1178f3053a2a6d71498d113cc21f4d632fd4
            0x5d7e69791e5f517e7a579e36dffad1082b8a20f9
            0x43dcbd4a57d40475d637c9080cc9b48cdbaa11e1
            0x5a564db001c24e2afa53aff8c7c64a39d92b1b3b
            0xb67aedc7c3c5965c30e56c0794c0e789baba47a2
            0x9e98e884e64106ea3b4c9d242c3879d2e0dec32f
            0x1802ef24766d0a61f2fcdcbcc9e02c4562b9764a
            0xe858367366ec027307c6ad337b572b3c82c0631e
            0x8a1aa83780d0150eba7ba87757cb90e5914cefa0
  Running step...
	Deploying JcashRegistrar
	Deploying contract and persist artifact to the hard drive.
		owner - 0xc96d0e18859c0f505063999e2b032dad49681a86
  Deploying JcashRegistrar...
  ... 0xb6a43b1f3fd8cbb635e17458f27ed1a4c9e6bc2c0eaef964a1f0f182b52e0807
  JcashRegistrar: 0x1fe3825a3012e581843a483df1452fc2fa4f0bad
		Contract successfully deployed: 0x1fe3825a3012e581843a483df1452fc2fa4f0bad
		ERROR. Failed to find tx data in recent blocks.
		ERROR. Failed to find tx data in recent blocks.
	JcashRegistrar successfully deployed: 0x1fe3825a3012e581843a483df1452fc2fa4f0bad
	Configure managers of JcashRegistrar contract:
	Configuring manager permissions for pausable contract ...
		contractAddress - 0x1fe3825a3012e581843a483df1452fc2fa4f0bad
		ownerAddress - 0xc96d0e18859c0f505063999e2b032dad49681a86
		managerPauseAddress - 0xa6e6b05d3155f921e90afd4b2349ad93136dcebc
	Grant manager permissions:
		contractAddress - 0x1fe3825a3012e581843a483df1452fc2fa4f0bad
		ownerAddress - 0xc96d0e18859c0f505063999e2b032dad49681a86
		managerAddress - 0xa6e6b05d3155f921e90afd4b2349ad93136dcebc
		permissions - ["pause_contract","unpause_contract"]
	Enable manager of a contract:
		contractAddress - 0x1fe3825a3012e581843a483df1452fc2fa4f0bad
		ownerAddress - 0xc96d0e18859c0f505063999e2b032dad49681a86
		managerAddress - 0xa6e6b05d3155f921e90afd4b2349ad93136dcebc
	Configuring replenisher permissions for JcashRegistrarArtifact contract ...
		contractAddress - 0x1fe3825a3012e581843a483df1452fc2fa4f0bad
		ownerAddress - 0xc96d0e18859c0f505063999e2b032dad49681a86
		managerAddress - 0x6521778a8b891ffd05b9f0cd6b888ee566df3f32
	Grant manager permissions:
		contractAddress - 0x1fe3825a3012e581843a483df1452fc2fa4f0bad
		ownerAddress - 0xc96d0e18859c0f505063999e2b032dad49681a86
		managerAddress - 0x6521778a8b891ffd05b9f0cd6b888ee566df3f32
		permissions - ["replenish_eth","replenish_token"]
	Enable manager of a contract:
		contractAddress - 0x1fe3825a3012e581843a483df1452fc2fa4f0bad
		ownerAddress - 0xc96d0e18859c0f505063999e2b032dad49681a86
		managerAddress - 0x6521778a8b891ffd05b9f0cd6b888ee566df3f32
	Configuring exchange manager permissions for JcashRegistrarArtifact contract ...
		contractAddress - 0x1fe3825a3012e581843a483df1452fc2fa4f0bad
		ownerAddress - 0xc96d0e18859c0f505063999e2b032dad49681a86
		managerAddress - 0xb8db6a1e8907932eae13eee92a8a0d5dc5580354
	Grant manager permissions:
		contractAddress - 0x1fe3825a3012e581843a483df1452fc2fa4f0bad
		ownerAddress - 0xc96d0e18859c0f505063999e2b032dad49681a86
		managerAddress - 0xb8db6a1e8907932eae13eee92a8a0d5dc5580354
		permissions - ["refund_eth","refund_token","transfer_eth","transfer_token"]
	Enable manager of a contract:
		contractAddress - 0x1fe3825a3012e581843a483df1452fc2fa4f0bad
		ownerAddress - 0xc96d0e18859c0f505063999e2b032dad49681a86
		managerAddress - 0xb8db6a1e8907932eae13eee92a8a0d5dc5580354
		Address's "0xc96d0e18859c0f505063999e2b032dad49681a86" nonce adjusted by 1: 350 -> 351
		Address's "0xc96d0e18859c0f505063999e2b032dad49681a86" nonce adjusted by 1: 351 -> 352
		Address's "0xc96d0e18859c0f505063999e2b032dad49681a86" nonce adjusted by 1: 352 -> 353
		Address's "0xc96d0e18859c0f505063999e2b032dad49681a86" nonce adjusted by 1: 353 -> 354
		Address's "0xc96d0e18859c0f505063999e2b032dad49681a86" nonce adjusted by 1: 354 -> 355
		Address's "0xc96d0e18859c0f505063999e2b032dad49681a86" nonce adjusted by 1: 355 -> 356
		Address's "0xc96d0e18859c0f505063999e2b032dad49681a86" nonce adjusted by 1: 356 -> 357
		Address's "0xc96d0e18859c0f505063999e2b032dad49681a86" nonce adjusted by 1: 357 -> 358
		Address's "0xc96d0e18859c0f505063999e2b032dad49681a86" nonce adjusted by 1: 358 -> 359
		Address's "0xc96d0e18859c0f505063999e2b032dad49681a86" nonce adjusted by 1: 359 -> 360
		Address's "0xc96d0e18859c0f505063999e2b032dad49681a86" nonce adjusted by 1: 360 -> 361
  ... 0x0b5273268f2c4c7433da58c7105467d04263e17b111f643e47df63189a1e99dc
	TX submitted: 0x0b5273268f2c4c7433da58c7105467d04263e17b111f643e47df63189a1e99dc
  ... 0xd22a384d72174a08809ccab6be04e6b336f3213a1e4312b950b016b2d7990d88
	TX submitted: 0xd22a384d72174a08809ccab6be04e6b336f3213a1e4312b950b016b2d7990d88
  ... 0x9d6f0280e0e326612821e2941d29feeeefde211b6e9ff78ba19208e3c0772324
	TX submitted: 0x9d6f0280e0e326612821e2941d29feeeefde211b6e9ff78ba19208e3c0772324
  ... 0x0fe217e34e37c9c164a4d5f86347dc4f02ee32a5e3e321cd792873b6e023caa9
	TX submitted: 0x0fe217e34e37c9c164a4d5f86347dc4f02ee32a5e3e321cd792873b6e023caa9
  ... 0xd8a55262d02012f90b72bd98b8fc649ae43949d44ef514635b47e34b3317a3e1
	TX submitted: 0xd8a55262d02012f90b72bd98b8fc649ae43949d44ef514635b47e34b3317a3e1
  ... 0x24b9f37cba897fdee3f374f80c7769ac689b307c823c1d215de5ab3d40890a60
	TX submitted: 0x24b9f37cba897fdee3f374f80c7769ac689b307c823c1d215de5ab3d40890a60
  ... 0x06e94b287c55300cca9b1893666a402f8cbda0745264b40b01fe69feb717083e
	TX submitted: 0x06e94b287c55300cca9b1893666a402f8cbda0745264b40b01fe69feb717083e
  ... 0xb465e51d006778c473ec12e002d27b4238df3457fbb73d94887ee8bf78d4cf64
	TX submitted: 0xb465e51d006778c473ec12e002d27b4238df3457fbb73d94887ee8bf78d4cf64
  ... 0x7044f91fea59f5134786d4ab1ef641bd3032cb72d7d6c22ad7be20fddbaf1887
	TX submitted: 0x7044f91fea59f5134786d4ab1ef641bd3032cb72d7d6c22ad7be20fddbaf1887
  ... 0x8eb1c2be6b9d18852171987aed0878a547a14eb5b65ba41758a9549cede07a74
	TX submitted: 0x8eb1c2be6b9d18852171987aed0878a547a14eb5b65ba41758a9549cede07a74
  ... 0x1a4a4daa7e6681ae0a45be521abe32cdc4071bedafd7226624c4d022d1b6164f
	TX submitted: 0x1a4a4daa7e6681ae0a45be521abe32cdc4071bedafd7226624c4d022d1b6164f
	Permissions to the manager successfully granted
	Permissions to the manager of pausable contract granted
	Manager successfully enabled
	Permissions to the manager successfully granted
	Permissions to replenisher of JcashRegistrarArtifact contract granted
	Manager successfully enabled
	Permissions to the manager successfully granted
	Permissions to exchange manager of JcashRegistrarArtifact contract granted
	Manager successfully enabled
	Managers of JcashRegistrar contract successfully configured
	Configure connections JcashRegistrar<->JNTController:
	Configure JNT manager
	Configuring manager permissions for JNT payable service ...
		jntPayableServiceAddress - 0x1fe3825a3012e581843a483df1452fc2fa4f0bad
		ownerAddress - 0xc96d0e18859c0f505063999e2b032dad49681a86
		managerAddress - 0x04c2a7a285f179aa4892ec0324dfe57ee15a1091
	Grant manager permissions:
		contractAddress - 0x1fe3825a3012e581843a483df1452fc2fa4f0bad
		ownerAddress - 0xc96d0e18859c0f505063999e2b032dad49681a86
		managerAddress - 0x04c2a7a285f179aa4892ec0324dfe57ee15a1091
		permissions - ["set_jnt_controller","set_jnt_beneficiary","set_action_price"]
	Enable manager of a contract:
		contractAddress - 0x1fe3825a3012e581843a483df1452fc2fa4f0bad
		ownerAddress - 0xc96d0e18859c0f505063999e2b032dad49681a86
		managerAddress - 0x04c2a7a285f179aa4892ec0324dfe57ee15a1091
		Address's "0xc96d0e18859c0f505063999e2b032dad49681a86" nonce adjusted by 1: 361 -> 362
		Address's "0xc96d0e18859c0f505063999e2b032dad49681a86" nonce adjusted by 1: 362 -> 363
		Address's "0xc96d0e18859c0f505063999e2b032dad49681a86" nonce adjusted by 1: 363 -> 364
		Address's "0xc96d0e18859c0f505063999e2b032dad49681a86" nonce adjusted by 1: 364 -> 365
  ... 0x218d066db1fad21d997aec22392734726a8205c4c18cf7bc99dc3e3442447b84
	TX submitted: 0x218d066db1fad21d997aec22392734726a8205c4c18cf7bc99dc3e3442447b84
  ... 0x4a09c99d7772b1d6a2b113b14452a12aa5a6819ca9f0bd7887db6ab31217a130
	TX submitted: 0x4a09c99d7772b1d6a2b113b14452a12aa5a6819ca9f0bd7887db6ab31217a130
  ... 0xedf7e799329db6b4a4a81381056adb8635b77740d991767d4cec540447ebe497
	TX submitted: 0xedf7e799329db6b4a4a81381056adb8635b77740d991767d4cec540447ebe497
  ... 0x5356cc477b1e23c470f1173f5bb0fc15aec3d506c48781569227ed6698167ce7
	TX submitted: 0x5356cc477b1e23c470f1173f5bb0fc15aec3d506c48781569227ed6698167ce7
	Permissions to the manager successfully granted
	Permissions to the manager of JNT payable service granted
	Manager successfully enabled
	Configure contract params
	Set JNT controller of JNT payable service:
		jntPayableServiceAddress - 0x1fe3825a3012e581843a483df1452fc2fa4f0bad
		managerAddress - 0x04c2a7a285f179aa4892ec0324dfe57ee15a1091
		jntControllerAddress - 0xDA25e5B939643a51375eEe932aeD11b92A9Bc003
	Set JNT beneficiary of JNT payable service:
		jntPayableServiceAddress - 0x1fe3825a3012e581843a483df1452fc2fa4f0bad
		managerAddress - 0x04c2a7a285f179aa4892ec0324dfe57ee15a1091
		jntBeneficiaryAddress - 0xe3468ac78591549a00be9820868fdff6bb047520
	Set action price of JNT payable service:
		jntPayableServiceAddress - 0x1fe3825a3012e581843a483df1452fc2fa4f0bad
		managerAddress - 0x04c2a7a285f179aa4892ec0324dfe57ee15a1091
		actionName - transfer_eth
		jntPriceWei - 1000000000000000000
	Set action price of JNT payable service:
		jntPayableServiceAddress - 0x1fe3825a3012e581843a483df1452fc2fa4f0bad
		managerAddress - 0x04c2a7a285f179aa4892ec0324dfe57ee15a1091
		actionName - transfer_token
		jntPriceWei - 1000000000000000000
		Address's "0x04c2a7a285f179aa4892ec0324dfe57ee15a1091" nonce started to track: 0 -> 1
		Address's "0x04c2a7a285f179aa4892ec0324dfe57ee15a1091" nonce adjusted by 1: 1 -> 2
		Address's "0x04c2a7a285f179aa4892ec0324dfe57ee15a1091" nonce adjusted by 1: 2 -> 3
		Address's "0x04c2a7a285f179aa4892ec0324dfe57ee15a1091" nonce adjusted by 1: 3 -> 4
  ... 0x4d14d38354eb4d669c38bf403bdd5eec9539952ef743feb8e1ce01cd0d839394
	TX submitted: 0x4d14d38354eb4d669c38bf403bdd5eec9539952ef743feb8e1ce01cd0d839394
  ... 0xb065204178f4c4aa83581e486d0ade163dc925e07fa1ac6625027cc79b933ef0
	TX submitted: 0xb065204178f4c4aa83581e486d0ade163dc925e07fa1ac6625027cc79b933ef0
  ... 0xb727acb999d244fffb2ad0422e98fe145b619d8b40fc7fc8886cdeba81751f6c
	TX submitted: 0xb727acb999d244fffb2ad0422e98fe145b619d8b40fc7fc8886cdeba81751f6c
  ... 0xbb173b33ffd7957c9c4e4fcc7d6661ce9bc107fdae322f040543a6d40b0940e6
	TX submitted: 0xbb173b33ffd7957c9c4e4fcc7d6661ce9bc107fdae322f040543a6d40b0940e6
	JNT controller of JNT payable service successfully set
	JNT beneficiary of JNT payable service successfully set
	JNT beneficiary of JNT payable service successfully set
	JNT beneficiary of JNT payable service successfully set
	Allow JcashRegistrar charge JNT
	Connection JcashRegistrar<->JNTController successfully configured
	Unpause contract:
		contractAddress - 0x1fe3825a3012e581843a483df1452fc2fa4f0bad
		managerAddress - 0xa6e6b05d3155f921e90afd4b2349ad93136dcebc
		Address's "0xa6e6b05d3155f921e90afd4b2349ad93136dcebc" nonce started to track: 28 -> 29
  ... 0xaedf72623586ab420741e848e502c32b1c4ec23983ecc4972578480dc44c4053
	TX submitted: 0xaedf72623586ab420741e848e502c32b1c4ec23983ecc4972578480dc44c4053
		Contract successfully unpaused
	Configure token licenses for JcashRegistrar and replenisher:
	Admit and grant all ERC20 licenses to an user:
		licenseRegistryAddress - 0xeAf9A68cc9012c095C07cAA81C5F931272d9f1D6
		managerAddress - 0x7058aada274d7c560632dec66c7d36ae534a1bea
		userAddress - 0x1fe3825a3012e581843a483df1452fc2fa4f0bad
	Grant user license:
		licenseRegistryAddress - 0xeAf9A68cc9012c095C07cAA81C5F931272d9f1D6
		managerAddress - 0x7058aada274d7c560632dec66c7d36ae534a1bea
		userAddress - 0x1fe3825a3012e581843a483df1452fc2fa4f0bad
		licenseName - transfer_funds
	Grant user license:
		licenseRegistryAddress - 0xeAf9A68cc9012c095C07cAA81C5F931272d9f1D6
		managerAddress - 0x7058aada274d7c560632dec66c7d36ae534a1bea
		userAddress - 0x1fe3825a3012e581843a483df1452fc2fa4f0bad
		licenseName - receive_funds
	Grant user license:
		licenseRegistryAddress - 0xeAf9A68cc9012c095C07cAA81C5F931272d9f1D6
		managerAddress - 0x7058aada274d7c560632dec66c7d36ae534a1bea
		userAddress - 0x1fe3825a3012e581843a483df1452fc2fa4f0bad
		licenseName - grant_approval
	Grant user license:
		licenseRegistryAddress - 0xeAf9A68cc9012c095C07cAA81C5F931272d9f1D6
		managerAddress - 0x7058aada274d7c560632dec66c7d36ae534a1bea
		userAddress - 0x1fe3825a3012e581843a483df1452fc2fa4f0bad
		licenseName - get_approval
	Grant user license:
		licenseRegistryAddress - 0xeAf9A68cc9012c095C07cAA81C5F931272d9f1D6
		managerAddress - 0x7058aada274d7c560632dec66c7d36ae534a1bea
		userAddress - 0x1fe3825a3012e581843a483df1452fc2fa4f0bad
		licenseName - spend_funds
	Admit user:
		licenseRegistryAddress - 0xeAf9A68cc9012c095C07cAA81C5F931272d9f1D6
		managerAddress - 0x7058aada274d7c560632dec66c7d36ae534a1bea
		userAddress - 0x1fe3825a3012e581843a483df1452fc2fa4f0bad
	Admit and grant all ERC20 licenses to an user:
		licenseRegistryAddress - 0xeAf9A68cc9012c095C07cAA81C5F931272d9f1D6
		managerAddress - 0x7058aada274d7c560632dec66c7d36ae534a1bea
		userAddress - 0x6521778a8b891ffd05b9f0cd6b888ee566df3f32
	Grant user license:
		licenseRegistryAddress - 0xeAf9A68cc9012c095C07cAA81C5F931272d9f1D6
		managerAddress - 0x7058aada274d7c560632dec66c7d36ae534a1bea
		userAddress - 0x6521778a8b891ffd05b9f0cd6b888ee566df3f32
		licenseName - transfer_funds
	Grant user license:
		licenseRegistryAddress - 0xeAf9A68cc9012c095C07cAA81C5F931272d9f1D6
		managerAddress - 0x7058aada274d7c560632dec66c7d36ae534a1bea
		userAddress - 0x6521778a8b891ffd05b9f0cd6b888ee566df3f32
		licenseName - receive_funds
	Grant user license:
		licenseRegistryAddress - 0xeAf9A68cc9012c095C07cAA81C5F931272d9f1D6
		managerAddress - 0x7058aada274d7c560632dec66c7d36ae534a1bea
		userAddress - 0x6521778a8b891ffd05b9f0cd6b888ee566df3f32
		licenseName - grant_approval
	Grant user license:
		licenseRegistryAddress - 0xeAf9A68cc9012c095C07cAA81C5F931272d9f1D6
		managerAddress - 0x7058aada274d7c560632dec66c7d36ae534a1bea
		userAddress - 0x6521778a8b891ffd05b9f0cd6b888ee566df3f32
		licenseName - get_approval
	Grant user license:
		licenseRegistryAddress - 0xeAf9A68cc9012c095C07cAA81C5F931272d9f1D6
		managerAddress - 0x7058aada274d7c560632dec66c7d36ae534a1bea
		userAddress - 0x6521778a8b891ffd05b9f0cd6b888ee566df3f32
		licenseName - spend_funds
	Admit user:
		licenseRegistryAddress - 0xeAf9A68cc9012c095C07cAA81C5F931272d9f1D6
		managerAddress - 0x7058aada274d7c560632dec66c7d36ae534a1bea
		userAddress - 0x6521778a8b891ffd05b9f0cd6b888ee566df3f32
		Address's "0x7058aada274d7c560632dec66c7d36ae534a1bea" nonce started to track: 0 -> 1
		Address's "0x7058aada274d7c560632dec66c7d36ae534a1bea" nonce adjusted by 1: 1 -> 2
		Address's "0x7058aada274d7c560632dec66c7d36ae534a1bea" nonce adjusted by 1: 2 -> 3
		Address's "0x7058aada274d7c560632dec66c7d36ae534a1bea" nonce adjusted by 1: 3 -> 4
		Address's "0x7058aada274d7c560632dec66c7d36ae534a1bea" nonce adjusted by 1: 4 -> 5
		Address's "0x7058aada274d7c560632dec66c7d36ae534a1bea" nonce adjusted by 1: 5 -> 6
		Address's "0x7058aada274d7c560632dec66c7d36ae534a1bea" nonce adjusted by 1: 6 -> 7
		Address's "0x7058aada274d7c560632dec66c7d36ae534a1bea" nonce adjusted by 1: 7 -> 8
		Address's "0x7058aada274d7c560632dec66c7d36ae534a1bea" nonce adjusted by 1: 8 -> 9
		Address's "0x7058aada274d7c560632dec66c7d36ae534a1bea" nonce adjusted by 1: 9 -> 10
		Address's "0x7058aada274d7c560632dec66c7d36ae534a1bea" nonce adjusted by 1: 10 -> 11
		Address's "0x7058aada274d7c560632dec66c7d36ae534a1bea" nonce adjusted by 1: 11 -> 12
  ... 0xe3607f0ea4d62a65c2027edc60fddcc3da23f45b1398c3691fc0df9d7c3627a8
	TX submitted: 0xe3607f0ea4d62a65c2027edc60fddcc3da23f45b1398c3691fc0df9d7c3627a8
  ... 0x46abdba638522f5cfa349398a48d8f85b40fa7ae2d5a8a99ad6a6383e4296c00
	TX submitted: 0x46abdba638522f5cfa349398a48d8f85b40fa7ae2d5a8a99ad6a6383e4296c00
  ... 0x570e72a3162ab6d9a6e2e8a9dc6b899eb7e4d8249e7d86d0720f39afc5bdc661
	TX submitted: 0x570e72a3162ab6d9a6e2e8a9dc6b899eb7e4d8249e7d86d0720f39afc5bdc661
  ... 0x3f6f4879fe6ad94e61d021976b95bf6663d337991616f1c110940180f6b15f38
	TX submitted: 0x3f6f4879fe6ad94e61d021976b95bf6663d337991616f1c110940180f6b15f38
  ... 0xfdfbae196c96a9dae725e86111aaf3f1bb10ba6181ec8ac767fa03d832c219b9
	TX submitted: 0xfdfbae196c96a9dae725e86111aaf3f1bb10ba6181ec8ac767fa03d832c219b9
  ... 0x55614993bd47311c28c9817a0a68c15e147c085a6e486706ff2d839a39fceb08
	TX submitted: 0x55614993bd47311c28c9817a0a68c15e147c085a6e486706ff2d839a39fceb08
  ... 0xb183bc12d5d2f441a156e4b74cd9be43306f0333adecd6f5e3f15192f32fc6bd
	TX submitted: 0xb183bc12d5d2f441a156e4b74cd9be43306f0333adecd6f5e3f15192f32fc6bd
  ... 0xf5e947a7b8c3564b93181389e479bc1d95f4e82756fb701f4572801eb1d64733
	TX submitted: 0xf5e947a7b8c3564b93181389e479bc1d95f4e82756fb701f4572801eb1d64733
  ... 0xfbce160147235e2fa133133261a47937eeb658eafb638ad974862242d47ed22a
	TX submitted: 0xfbce160147235e2fa133133261a47937eeb658eafb638ad974862242d47ed22a
  ... 0x65b39a10c768377a1d55711099a07dcf36a9a0ab451b3898c1560d8207f3dac2
	TX submitted: 0x65b39a10c768377a1d55711099a07dcf36a9a0ab451b3898c1560d8207f3dac2
  ... 0x86ca4d35758c54b3f56bba61a04b71c0c383035635822ede99bb13503634b456
	TX submitted: 0x86ca4d35758c54b3f56bba61a04b71c0c383035635822ede99bb13503634b456
  ... 0x93a208ed1f3e0aa5434f602cb3cf1a07cd7defbb55b1611faaaeb400f982288b
	TX submitted: 0x93a208ed1f3e0aa5434f602cb3cf1a07cd7defbb55b1611faaaeb400f982288b
	User license successfully granted
	User license successfully granted
	User license successfully granted
	User license successfully granted
	User license successfully granted
	User successfully admitted
	User successfully admitted and all ERC20 licenses are granted
	User license successfully granted
	User license successfully granted
	User license successfully granted
	User license successfully granted
	User license successfully granted
	User successfully admitted
	User successfully admitted and all ERC20 licenses are granted
	Token licenses for JcashRegistrar and replenisher successfully configured
	Configure token licenses for JcashRegistrar and replenisher:
	Admit and grant all ERC20 licenses to an user:
		licenseRegistryAddress - 0x58644d3c6b10b09989749033b3fe80521669f40d
		managerAddress - 0x7058aada274d7c560632dec66c7d36ae534a1bea
		userAddress - 0x1fe3825a3012e581843a483df1452fc2fa4f0bad
	Grant user license:
		licenseRegistryAddress - 0x58644d3c6b10b09989749033b3fe80521669f40d
		managerAddress - 0x7058aada274d7c560632dec66c7d36ae534a1bea
		userAddress - 0x1fe3825a3012e581843a483df1452fc2fa4f0bad
		licenseName - transfer_funds
	Grant user license:
		licenseRegistryAddress - 0x58644d3c6b10b09989749033b3fe80521669f40d
		managerAddress - 0x7058aada274d7c560632dec66c7d36ae534a1bea
		userAddress - 0x1fe3825a3012e581843a483df1452fc2fa4f0bad
		licenseName - receive_funds
	Grant user license:
		licenseRegistryAddress - 0x58644d3c6b10b09989749033b3fe80521669f40d
		managerAddress - 0x7058aada274d7c560632dec66c7d36ae534a1bea
		userAddress - 0x1fe3825a3012e581843a483df1452fc2fa4f0bad
		licenseName - grant_approval
	Grant user license:
		licenseRegistryAddress - 0x58644d3c6b10b09989749033b3fe80521669f40d
		managerAddress - 0x7058aada274d7c560632dec66c7d36ae534a1bea
		userAddress - 0x1fe3825a3012e581843a483df1452fc2fa4f0bad
		licenseName - get_approval
	Grant user license:
		licenseRegistryAddress - 0x58644d3c6b10b09989749033b3fe80521669f40d
		managerAddress - 0x7058aada274d7c560632dec66c7d36ae534a1bea
		userAddress - 0x1fe3825a3012e581843a483df1452fc2fa4f0bad
		licenseName - spend_funds
	Admit user:
		licenseRegistryAddress - 0x58644d3c6b10b09989749033b3fe80521669f40d
		managerAddress - 0x7058aada274d7c560632dec66c7d36ae534a1bea
		userAddress - 0x1fe3825a3012e581843a483df1452fc2fa4f0bad
	Admit and grant all ERC20 licenses to an user:
		licenseRegistryAddress - 0x58644d3c6b10b09989749033b3fe80521669f40d
		managerAddress - 0x7058aada274d7c560632dec66c7d36ae534a1bea
		userAddress - 0x6521778a8b891ffd05b9f0cd6b888ee566df3f32
	Grant user license:
		licenseRegistryAddress - 0x58644d3c6b10b09989749033b3fe80521669f40d
		managerAddress - 0x7058aada274d7c560632dec66c7d36ae534a1bea
		userAddress - 0x6521778a8b891ffd05b9f0cd6b888ee566df3f32
		licenseName - transfer_funds
	Grant user license:
		licenseRegistryAddress - 0x58644d3c6b10b09989749033b3fe80521669f40d
		managerAddress - 0x7058aada274d7c560632dec66c7d36ae534a1bea
		userAddress - 0x6521778a8b891ffd05b9f0cd6b888ee566df3f32
		licenseName - receive_funds
	Grant user license:
		licenseRegistryAddress - 0x58644d3c6b10b09989749033b3fe80521669f40d
		managerAddress - 0x7058aada274d7c560632dec66c7d36ae534a1bea
		userAddress - 0x6521778a8b891ffd05b9f0cd6b888ee566df3f32
		licenseName - grant_approval
	Grant user license:
		licenseRegistryAddress - 0x58644d3c6b10b09989749033b3fe80521669f40d
		managerAddress - 0x7058aada274d7c560632dec66c7d36ae534a1bea
		userAddress - 0x6521778a8b891ffd05b9f0cd6b888ee566df3f32
		licenseName - get_approval
	Grant user license:
		licenseRegistryAddress - 0x58644d3c6b10b09989749033b3fe80521669f40d
		managerAddress - 0x7058aada274d7c560632dec66c7d36ae534a1bea
		userAddress - 0x6521778a8b891ffd05b9f0cd6b888ee566df3f32
		licenseName - spend_funds
	Admit user:
		licenseRegistryAddress - 0x58644d3c6b10b09989749033b3fe80521669f40d
		managerAddress - 0x7058aada274d7c560632dec66c7d36ae534a1bea
		userAddress - 0x6521778a8b891ffd05b9f0cd6b888ee566df3f32
		Address's "0x7058aada274d7c560632dec66c7d36ae534a1bea" nonce adjusted by 1: 12 -> 13
		Address's "0x7058aada274d7c560632dec66c7d36ae534a1bea" nonce adjusted by 1: 13 -> 14
		Address's "0x7058aada274d7c560632dec66c7d36ae534a1bea" nonce adjusted by 1: 14 -> 15
		Address's "0x7058aada274d7c560632dec66c7d36ae534a1bea" nonce adjusted by 1: 15 -> 16
		Address's "0x7058aada274d7c560632dec66c7d36ae534a1bea" nonce adjusted by 1: 16 -> 17
		Address's "0x7058aada274d7c560632dec66c7d36ae534a1bea" nonce adjusted by 1: 17 -> 18
		Address's "0x7058aada274d7c560632dec66c7d36ae534a1bea" nonce adjusted by 1: 18 -> 19
		Address's "0x7058aada274d7c560632dec66c7d36ae534a1bea" nonce adjusted by 1: 19 -> 20
		Address's "0x7058aada274d7c560632dec66c7d36ae534a1bea" nonce adjusted by 1: 20 -> 21
		Address's "0x7058aada274d7c560632dec66c7d36ae534a1bea" nonce adjusted by 1: 21 -> 22
		Address's "0x7058aada274d7c560632dec66c7d36ae534a1bea" nonce adjusted by 1: 22 -> 23
		Address's "0x7058aada274d7c560632dec66c7d36ae534a1bea" nonce adjusted by 1: 23 -> 24
  ... 0xc89f661cd38503fa669ffa43b9db3576dfabce557a021d2ed56c8bdc170ef2a4
	TX submitted: 0xc89f661cd38503fa669ffa43b9db3576dfabce557a021d2ed56c8bdc170ef2a4
  ... 0x168e003d7096d4c6ad2d633f485625e6c6eba842dc04252dc6a9e9b1a9aefd98
	TX submitted: 0x168e003d7096d4c6ad2d633f485625e6c6eba842dc04252dc6a9e9b1a9aefd98
  ... 0x708ce6ac2859a4d79b6f928ce7e8bcea5a7ca26b0b154505160f4f4b70dfede1
	TX submitted: 0x708ce6ac2859a4d79b6f928ce7e8bcea5a7ca26b0b154505160f4f4b70dfede1
  ... 0x97f302123c5f25fd2116829fdd8bb3ddd812e81018962fcdab1e33176dd406a5
	TX submitted: 0x97f302123c5f25fd2116829fdd8bb3ddd812e81018962fcdab1e33176dd406a5
  ... 0x93f68cd0343829f712bd67d6932633807e6c650903e0a5af72c02b3333cb64b8
	TX submitted: 0x93f68cd0343829f712bd67d6932633807e6c650903e0a5af72c02b3333cb64b8
  ... 0x72f1a5983d92e527fbe7da6f4f4e4a930a7fdf341e21a986dbb829f391a52243
	TX submitted: 0x72f1a5983d92e527fbe7da6f4f4e4a930a7fdf341e21a986dbb829f391a52243
  ... 0xfd0980bc40701ac9db39724e490705e8ff3aafc5f3527705e26d24dd33cdda77
	TX submitted: 0xfd0980bc40701ac9db39724e490705e8ff3aafc5f3527705e26d24dd33cdda77
  ... 0x5d1b25f7d37e86012fefaaeb02834bd7fe56666f80c829cd65e825b7eb43dffd
	TX submitted: 0x5d1b25f7d37e86012fefaaeb02834bd7fe56666f80c829cd65e825b7eb43dffd
  ... 0xe7cd6ce8c9a5be1eb024e0b45fe37660d0076632fca57b883b5ecb1e22b88e44
	TX submitted: 0xe7cd6ce8c9a5be1eb024e0b45fe37660d0076632fca57b883b5ecb1e22b88e44
  ... 0x579e2b4c39279c4cb8bea804e45358223e69bb59f5e45c904cd614e6c8625b4f
	TX submitted: 0x579e2b4c39279c4cb8bea804e45358223e69bb59f5e45c904cd614e6c8625b4f
  ... 0x4a7d6f1cf768e498acb9782d27ff01df1d2561c13316df7bcb0ec5b422a57ca6
	TX submitted: 0x4a7d6f1cf768e498acb9782d27ff01df1d2561c13316df7bcb0ec5b422a57ca6
  ... 0xa86c159146ddda46abab10f6cd1e08355bb9f70c7aaa747b4158953a8e85bad2
	TX submitted: 0xa86c159146ddda46abab10f6cd1e08355bb9f70c7aaa747b4158953a8e85bad2
	User license successfully granted
	User license successfully granted
	User license successfully granted
	User license successfully granted
	User license successfully granted
	User successfully admitted
	User successfully admitted and all ERC20 licenses are granted
	User license successfully granted
	User license successfully granted
	User license successfully granted
	User license successfully granted
	User license successfully granted
	User successfully admitted
	User successfully admitted and all ERC20 licenses are granted
	Token licenses for JcashRegistrar and replenisher successfully configured
	Configure token licenses for JcashRegistrar and replenisher:
	Admit and grant all ERC20 licenses to an user:
		licenseRegistryAddress - 0xf33b5d9cefff246f24f5a17dc3a34fb2f1f87612
		managerAddress - 0x7058aada274d7c560632dec66c7d36ae534a1bea
		userAddress - 0x1fe3825a3012e581843a483df1452fc2fa4f0bad
	Grant user license:
		licenseRegistryAddress - 0xf33b5d9cefff246f24f5a17dc3a34fb2f1f87612
		managerAddress - 0x7058aada274d7c560632dec66c7d36ae534a1bea
		userAddress - 0x1fe3825a3012e581843a483df1452fc2fa4f0bad
		licenseName - transfer_funds
	Grant user license:
		licenseRegistryAddress - 0xf33b5d9cefff246f24f5a17dc3a34fb2f1f87612
		managerAddress - 0x7058aada274d7c560632dec66c7d36ae534a1bea
		userAddress - 0x1fe3825a3012e581843a483df1452fc2fa4f0bad
		licenseName - receive_funds
	Grant user license:
		licenseRegistryAddress - 0xf33b5d9cefff246f24f5a17dc3a34fb2f1f87612
		managerAddress - 0x7058aada274d7c560632dec66c7d36ae534a1bea
		userAddress - 0x1fe3825a3012e581843a483df1452fc2fa4f0bad
		licenseName - grant_approval
	Grant user license:
		licenseRegistryAddress - 0xf33b5d9cefff246f24f5a17dc3a34fb2f1f87612
		managerAddress - 0x7058aada274d7c560632dec66c7d36ae534a1bea
		userAddress - 0x1fe3825a3012e581843a483df1452fc2fa4f0bad
		licenseName - get_approval
	Grant user license:
		licenseRegistryAddress - 0xf33b5d9cefff246f24f5a17dc3a34fb2f1f87612
		managerAddress - 0x7058aada274d7c560632dec66c7d36ae534a1bea
		userAddress - 0x1fe3825a3012e581843a483df1452fc2fa4f0bad
		licenseName - spend_funds
	Admit user:
		licenseRegistryAddress - 0xf33b5d9cefff246f24f5a17dc3a34fb2f1f87612
		managerAddress - 0x7058aada274d7c560632dec66c7d36ae534a1bea
		userAddress - 0x1fe3825a3012e581843a483df1452fc2fa4f0bad
	Admit and grant all ERC20 licenses to an user:
		licenseRegistryAddress - 0xf33b5d9cefff246f24f5a17dc3a34fb2f1f87612
		managerAddress - 0x7058aada274d7c560632dec66c7d36ae534a1bea
		userAddress - 0x6521778a8b891ffd05b9f0cd6b888ee566df3f32
	Grant user license:
		licenseRegistryAddress - 0xf33b5d9cefff246f24f5a17dc3a34fb2f1f87612
		managerAddress - 0x7058aada274d7c560632dec66c7d36ae534a1bea
		userAddress - 0x6521778a8b891ffd05b9f0cd6b888ee566df3f32
		licenseName - transfer_funds
	Grant user license:
		licenseRegistryAddress - 0xf33b5d9cefff246f24f5a17dc3a34fb2f1f87612
		managerAddress - 0x7058aada274d7c560632dec66c7d36ae534a1bea
		userAddress - 0x6521778a8b891ffd05b9f0cd6b888ee566df3f32
		licenseName - receive_funds
	Grant user license:
		licenseRegistryAddress - 0xf33b5d9cefff246f24f5a17dc3a34fb2f1f87612
		managerAddress - 0x7058aada274d7c560632dec66c7d36ae534a1bea
		userAddress - 0x6521778a8b891ffd05b9f0cd6b888ee566df3f32
		licenseName - grant_approval
	Grant user license:
		licenseRegistryAddress - 0xf33b5d9cefff246f24f5a17dc3a34fb2f1f87612
		managerAddress - 0x7058aada274d7c560632dec66c7d36ae534a1bea
		userAddress - 0x6521778a8b891ffd05b9f0cd6b888ee566df3f32
		licenseName - get_approval
	Grant user license:
		licenseRegistryAddress - 0xf33b5d9cefff246f24f5a17dc3a34fb2f1f87612
		managerAddress - 0x7058aada274d7c560632dec66c7d36ae534a1bea
		userAddress - 0x6521778a8b891ffd05b9f0cd6b888ee566df3f32
		licenseName - spend_funds
	Admit user:
		licenseRegistryAddress - 0xf33b5d9cefff246f24f5a17dc3a34fb2f1f87612
		managerAddress - 0x7058aada274d7c560632dec66c7d36ae534a1bea
		userAddress - 0x6521778a8b891ffd05b9f0cd6b888ee566df3f32
		Address's "0x7058aada274d7c560632dec66c7d36ae534a1bea" nonce adjusted by 1: 24 -> 25
		Address's "0x7058aada274d7c560632dec66c7d36ae534a1bea" nonce adjusted by 1: 25 -> 26
		Address's "0x7058aada274d7c560632dec66c7d36ae534a1bea" nonce adjusted by 1: 26 -> 27
		Address's "0x7058aada274d7c560632dec66c7d36ae534a1bea" nonce adjusted by 1: 27 -> 28
		Address's "0x7058aada274d7c560632dec66c7d36ae534a1bea" nonce adjusted by 1: 28 -> 29
		Address's "0x7058aada274d7c560632dec66c7d36ae534a1bea" nonce adjusted by 1: 29 -> 30
		Address's "0x7058aada274d7c560632dec66c7d36ae534a1bea" nonce adjusted by 1: 30 -> 31
		Address's "0x7058aada274d7c560632dec66c7d36ae534a1bea" nonce adjusted by 1: 31 -> 32
		Address's "0x7058aada274d7c560632dec66c7d36ae534a1bea" nonce adjusted by 1: 32 -> 33
		Address's "0x7058aada274d7c560632dec66c7d36ae534a1bea" nonce adjusted by 1: 33 -> 34
		Address's "0x7058aada274d7c560632dec66c7d36ae534a1bea" nonce adjusted by 1: 34 -> 35
		Address's "0x7058aada274d7c560632dec66c7d36ae534a1bea" nonce adjusted by 1: 35 -> 36
  ... 0x23a489884e9270e35ed58006a61a76df4250f684ccdcfc6edf8b3fbe6df58e5c
	TX submitted: 0x23a489884e9270e35ed58006a61a76df4250f684ccdcfc6edf8b3fbe6df58e5c
  ... 0x2304af6d98575bf676a8e962a3044752b146654a687067aaa1e5d36471871128
	TX submitted: 0x2304af6d98575bf676a8e962a3044752b146654a687067aaa1e5d36471871128
  ... 0x1d7ef2ce40be17abf67a48cec6732dec3d0e1d4a9a8ce84aa1eb9b55738b979c
	TX submitted: 0x1d7ef2ce40be17abf67a48cec6732dec3d0e1d4a9a8ce84aa1eb9b55738b979c
  ... 0xf9524adcc75e463b275cf509eea797709bdd85707e0ffbbfa99c929ba8f04ae8
	TX submitted: 0xf9524adcc75e463b275cf509eea797709bdd85707e0ffbbfa99c929ba8f04ae8
  ... 0x9945df2e3b89ad752be732cf94b5830c71deef5afcc0d64dea56604509d1b319
	TX submitted: 0x9945df2e3b89ad752be732cf94b5830c71deef5afcc0d64dea56604509d1b319
  ... 0xaa2c1214bc06480290b4012966ac98e793101765b23ff2e58e289744caf26d4b
	TX submitted: 0xaa2c1214bc06480290b4012966ac98e793101765b23ff2e58e289744caf26d4b
  ... 0xc04418543e9958090ff47db2399126e2a7fbd60f2d16e6d035c9245b756d717f
	TX submitted: 0xc04418543e9958090ff47db2399126e2a7fbd60f2d16e6d035c9245b756d717f
  ... 0xac423676b2215e081e54a2d5d2019979d63ce63acea52e28063adc76fce3c8b5
	TX submitted: 0xac423676b2215e081e54a2d5d2019979d63ce63acea52e28063adc76fce3c8b5
  ... 0x94f57919d2d1e87fd6fa9b1713f4870d897ad2cb7c88b067abee5546997ec434
	TX submitted: 0x94f57919d2d1e87fd6fa9b1713f4870d897ad2cb7c88b067abee5546997ec434
  ... 0x6a6b1b6e888048f104461b2b1d466069d92abc60db3eda2b691f3d6e4d659bd7
	TX submitted: 0x6a6b1b6e888048f104461b2b1d466069d92abc60db3eda2b691f3d6e4d659bd7
  ... 0x4ebced4ce9dff81a3d8ac1b28573d8b042d28c086e5e97f823dbe29d63c6f27e
	TX submitted: 0x4ebced4ce9dff81a3d8ac1b28573d8b042d28c086e5e97f823dbe29d63c6f27e
  ... 0x79f8f2d6794c528032d28c38b502c31f4f68151df37ddda120dafffba139d142
	TX submitted: 0x79f8f2d6794c528032d28c38b502c31f4f68151df37ddda120dafffba139d142
	User license successfully granted
	User license successfully granted
	User license successfully granted
	User license successfully granted
	User license successfully granted
	User successfully admitted
	User successfully admitted and all ERC20 licenses are granted
	User license successfully granted
	User license successfully granted
	User license successfully granted
	User license successfully granted
	User license successfully granted
	User successfully admitted
	User successfully admitted and all ERC20 licenses are granted
	Token licenses for JcashRegistrar and replenisher successfully configured
	Configure token licenses for JcashRegistrar and replenisher:
	Admit and grant all ERC20 licenses to an user:
		licenseRegistryAddress - 0xf9bb522147013475a4842043aa214bb577a77839
		managerAddress - 0x7058aada274d7c560632dec66c7d36ae534a1bea
		userAddress - 0x1fe3825a3012e581843a483df1452fc2fa4f0bad
	Grant user license:
		licenseRegistryAddress - 0xf9bb522147013475a4842043aa214bb577a77839
		managerAddress - 0x7058aada274d7c560632dec66c7d36ae534a1bea
		userAddress - 0x1fe3825a3012e581843a483df1452fc2fa4f0bad
		licenseName - transfer_funds
	Grant user license:
		licenseRegistryAddress - 0xf9bb522147013475a4842043aa214bb577a77839
		managerAddress - 0x7058aada274d7c560632dec66c7d36ae534a1bea
		userAddress - 0x1fe3825a3012e581843a483df1452fc2fa4f0bad
		licenseName - receive_funds
	Grant user license:
		licenseRegistryAddress - 0xf9bb522147013475a4842043aa214bb577a77839
		managerAddress - 0x7058aada274d7c560632dec66c7d36ae534a1bea
		userAddress - 0x1fe3825a3012e581843a483df1452fc2fa4f0bad
		licenseName - grant_approval
	Grant user license:
		licenseRegistryAddress - 0xf9bb522147013475a4842043aa214bb577a77839
		managerAddress - 0x7058aada274d7c560632dec66c7d36ae534a1bea
		userAddress - 0x1fe3825a3012e581843a483df1452fc2fa4f0bad
		licenseName - get_approval
	Grant user license:
		licenseRegistryAddress - 0xf9bb522147013475a4842043aa214bb577a77839
		managerAddress - 0x7058aada274d7c560632dec66c7d36ae534a1bea
		userAddress - 0x1fe3825a3012e581843a483df1452fc2fa4f0bad
		licenseName - spend_funds
	Admit user:
		licenseRegistryAddress - 0xf9bb522147013475a4842043aa214bb577a77839
		managerAddress - 0x7058aada274d7c560632dec66c7d36ae534a1bea
		userAddress - 0x1fe3825a3012e581843a483df1452fc2fa4f0bad
	Admit and grant all ERC20 licenses to an user:
		licenseRegistryAddress - 0xf9bb522147013475a4842043aa214bb577a77839
		managerAddress - 0x7058aada274d7c560632dec66c7d36ae534a1bea
		userAddress - 0x6521778a8b891ffd05b9f0cd6b888ee566df3f32
	Grant user license:
		licenseRegistryAddress - 0xf9bb522147013475a4842043aa214bb577a77839
		managerAddress - 0x7058aada274d7c560632dec66c7d36ae534a1bea
		userAddress - 0x6521778a8b891ffd05b9f0cd6b888ee566df3f32
		licenseName - transfer_funds
	Grant user license:
		licenseRegistryAddress - 0xf9bb522147013475a4842043aa214bb577a77839
		managerAddress - 0x7058aada274d7c560632dec66c7d36ae534a1bea
		userAddress - 0x6521778a8b891ffd05b9f0cd6b888ee566df3f32
		licenseName - receive_funds
	Grant user license:
		licenseRegistryAddress - 0xf9bb522147013475a4842043aa214bb577a77839
		managerAddress - 0x7058aada274d7c560632dec66c7d36ae534a1bea
		userAddress - 0x6521778a8b891ffd05b9f0cd6b888ee566df3f32
		licenseName - grant_approval
	Grant user license:
		licenseRegistryAddress - 0xf9bb522147013475a4842043aa214bb577a77839
		managerAddress - 0x7058aada274d7c560632dec66c7d36ae534a1bea
		userAddress - 0x6521778a8b891ffd05b9f0cd6b888ee566df3f32
		licenseName - get_approval
	Grant user license:
		licenseRegistryAddress - 0xf9bb522147013475a4842043aa214bb577a77839
		managerAddress - 0x7058aada274d7c560632dec66c7d36ae534a1bea
		userAddress - 0x6521778a8b891ffd05b9f0cd6b888ee566df3f32
		licenseName - spend_funds
	Admit user:
		licenseRegistryAddress - 0xf9bb522147013475a4842043aa214bb577a77839
		managerAddress - 0x7058aada274d7c560632dec66c7d36ae534a1bea
		userAddress - 0x6521778a8b891ffd05b9f0cd6b888ee566df3f32
		Address's "0x7058aada274d7c560632dec66c7d36ae534a1bea" nonce adjusted by 1: 36 -> 37
		Address's "0x7058aada274d7c560632dec66c7d36ae534a1bea" nonce adjusted by 1: 37 -> 38
		Address's "0x7058aada274d7c560632dec66c7d36ae534a1bea" nonce adjusted by 1: 38 -> 39
		Address's "0x7058aada274d7c560632dec66c7d36ae534a1bea" nonce adjusted by 1: 39 -> 40
		Address's "0x7058aada274d7c560632dec66c7d36ae534a1bea" nonce adjusted by 1: 40 -> 41
		Address's "0x7058aada274d7c560632dec66c7d36ae534a1bea" nonce adjusted by 1: 41 -> 42
		Address's "0x7058aada274d7c560632dec66c7d36ae534a1bea" nonce adjusted by 1: 42 -> 43
		Address's "0x7058aada274d7c560632dec66c7d36ae534a1bea" nonce adjusted by 1: 43 -> 44
		Address's "0x7058aada274d7c560632dec66c7d36ae534a1bea" nonce adjusted by 1: 44 -> 45
		Address's "0x7058aada274d7c560632dec66c7d36ae534a1bea" nonce adjusted by 1: 45 -> 46
		Address's "0x7058aada274d7c560632dec66c7d36ae534a1bea" nonce adjusted by 1: 46 -> 47
		Address's "0x7058aada274d7c560632dec66c7d36ae534a1bea" nonce adjusted by 1: 47 -> 48
  ... 0xd8e73b56d7ea4e459cf7cf4abfb7e246159d2d9a4113349908890109963d1b3e
	TX submitted: 0xd8e73b56d7ea4e459cf7cf4abfb7e246159d2d9a4113349908890109963d1b3e
  ... 0xa586897c9aa9fd7860683f46cd7a108a9bbb4ec850204933d463fffb5fd1021d
	TX submitted: 0xa586897c9aa9fd7860683f46cd7a108a9bbb4ec850204933d463fffb5fd1021d
  ... 0x321525d31fc702719d4b420d3ad831d1a1008639d8c9d98585ef2e182c0d967e
	TX submitted: 0x321525d31fc702719d4b420d3ad831d1a1008639d8c9d98585ef2e182c0d967e
  ... 0xa90260fff8090e437baf06fb9be202c2578b81dc89239e54a4d398449b70ad07
	TX submitted: 0xa90260fff8090e437baf06fb9be202c2578b81dc89239e54a4d398449b70ad07
  ... 0x2985a3ea4053587bf772be85fd654c982342c1809cecc0f8a6bb5a12ddfe1759
	TX submitted: 0x2985a3ea4053587bf772be85fd654c982342c1809cecc0f8a6bb5a12ddfe1759
  ... 0xfe9fe3e235098eeb573998fd68054bdcd6619a5abaf3819c4d702171422631b2
	TX submitted: 0xfe9fe3e235098eeb573998fd68054bdcd6619a5abaf3819c4d702171422631b2
  ... 0xd5cb0b34bad24e7c7f5301bcbe00b7ef655581de5a23fa9e75d1f7deb4da2c2e
	TX submitted: 0xd5cb0b34bad24e7c7f5301bcbe00b7ef655581de5a23fa9e75d1f7deb4da2c2e
  ... 0x45deb15401316d78224013b4b650a4518095b1ba7f60c0bbc3a96c9ba4e5b9bf
	TX submitted: 0x45deb15401316d78224013b4b650a4518095b1ba7f60c0bbc3a96c9ba4e5b9bf
  ... 0x5adffd0c6fd3c5fd6db6f0c61db3d99bf456c95b836a59ca7063b6510f854548
	TX submitted: 0x5adffd0c6fd3c5fd6db6f0c61db3d99bf456c95b836a59ca7063b6510f854548
  ... 0x019b9f14ac3dcc5d9aca4a2ccba3635bf769eff496c9fb4b5e5ffa00673acf25
	TX submitted: 0x019b9f14ac3dcc5d9aca4a2ccba3635bf769eff496c9fb4b5e5ffa00673acf25
  ... 0x0ffb604f299d58c85236929526a0ec2f5e5c58089ddb74dbd59f5055c2938988
	TX submitted: 0x0ffb604f299d58c85236929526a0ec2f5e5c58089ddb74dbd59f5055c2938988
  ... 0x25071e3340dae262486b55c7340bb92e1a67174ae6e118e527b1bed0f869a3f6
	TX submitted: 0x25071e3340dae262486b55c7340bb92e1a67174ae6e118e527b1bed0f869a3f6
	User license successfully granted
	User license successfully granted
	User license successfully granted
	User license successfully granted
	User license successfully granted
	User license successfully granted
	User successfully admitted
	User successfully admitted and all ERC20 licenses are granted
	User license successfully granted
	User license successfully granted
	User license successfully granted
	User license successfully granted
	User successfully admitted
	User successfully admitted and all ERC20 licenses are granted
	Token licenses for JcashRegistrar and replenisher successfully configured
	Configure token licenses for JcashRegistrar and replenisher:
	Admit and grant all ERC20 licenses to an user:
		licenseRegistryAddress - 0xe2831143a275c7e05ada4af87a85c38531cdffc7
		managerAddress - 0x7058aada274d7c560632dec66c7d36ae534a1bea
		userAddress - 0x1fe3825a3012e581843a483df1452fc2fa4f0bad
	Grant user license:
		licenseRegistryAddress - 0xe2831143a275c7e05ada4af87a85c38531cdffc7
		managerAddress - 0x7058aada274d7c560632dec66c7d36ae534a1bea
		userAddress - 0x1fe3825a3012e581843a483df1452fc2fa4f0bad
		licenseName - transfer_funds
	Grant user license:
		licenseRegistryAddress - 0xe2831143a275c7e05ada4af87a85c38531cdffc7
		managerAddress - 0x7058aada274d7c560632dec66c7d36ae534a1bea
		userAddress - 0x1fe3825a3012e581843a483df1452fc2fa4f0bad
		licenseName - receive_funds
	Grant user license:
		licenseRegistryAddress - 0xe2831143a275c7e05ada4af87a85c38531cdffc7
		managerAddress - 0x7058aada274d7c560632dec66c7d36ae534a1bea
		userAddress - 0x1fe3825a3012e581843a483df1452fc2fa4f0bad
		licenseName - grant_approval
	Grant user license:
		licenseRegistryAddress - 0xe2831143a275c7e05ada4af87a85c38531cdffc7
		managerAddress - 0x7058aada274d7c560632dec66c7d36ae534a1bea
		userAddress - 0x1fe3825a3012e581843a483df1452fc2fa4f0bad
		licenseName - get_approval
	Grant user license:
		licenseRegistryAddress - 0xe2831143a275c7e05ada4af87a85c38531cdffc7
		managerAddress - 0x7058aada274d7c560632dec66c7d36ae534a1bea
		userAddress - 0x1fe3825a3012e581843a483df1452fc2fa4f0bad
		licenseName - spend_funds
	Admit user:
		licenseRegistryAddress - 0xe2831143a275c7e05ada4af87a85c38531cdffc7
		managerAddress - 0x7058aada274d7c560632dec66c7d36ae534a1bea
		userAddress - 0x1fe3825a3012e581843a483df1452fc2fa4f0bad
	Admit and grant all ERC20 licenses to an user:
		licenseRegistryAddress - 0xe2831143a275c7e05ada4af87a85c38531cdffc7
		managerAddress - 0x7058aada274d7c560632dec66c7d36ae534a1bea
		userAddress - 0x6521778a8b891ffd05b9f0cd6b888ee566df3f32
	Grant user license:
		licenseRegistryAddress - 0xe2831143a275c7e05ada4af87a85c38531cdffc7
		managerAddress - 0x7058aada274d7c560632dec66c7d36ae534a1bea
		userAddress - 0x6521778a8b891ffd05b9f0cd6b888ee566df3f32
		licenseName - transfer_funds
	Grant user license:
		licenseRegistryAddress - 0xe2831143a275c7e05ada4af87a85c38531cdffc7
		managerAddress - 0x7058aada274d7c560632dec66c7d36ae534a1bea
		userAddress - 0x6521778a8b891ffd05b9f0cd6b888ee566df3f32
		licenseName - receive_funds
	Grant user license:
		licenseRegistryAddress - 0xe2831143a275c7e05ada4af87a85c38531cdffc7
		managerAddress - 0x7058aada274d7c560632dec66c7d36ae534a1bea
		userAddress - 0x6521778a8b891ffd05b9f0cd6b888ee566df3f32
		licenseName - grant_approval
	Grant user license:
		licenseRegistryAddress - 0xe2831143a275c7e05ada4af87a85c38531cdffc7
		managerAddress - 0x7058aada274d7c560632dec66c7d36ae534a1bea
		userAddress - 0x6521778a8b891ffd05b9f0cd6b888ee566df3f32
		licenseName - get_approval
	Grant user license:
		licenseRegistryAddress - 0xe2831143a275c7e05ada4af87a85c38531cdffc7
		managerAddress - 0x7058aada274d7c560632dec66c7d36ae534a1bea
		userAddress - 0x6521778a8b891ffd05b9f0cd6b888ee566df3f32
		licenseName - spend_funds
	Admit user:
		licenseRegistryAddress - 0xe2831143a275c7e05ada4af87a85c38531cdffc7
		managerAddress - 0x7058aada274d7c560632dec66c7d36ae534a1bea
		userAddress - 0x6521778a8b891ffd05b9f0cd6b888ee566df3f32
		Address's "0x7058aada274d7c560632dec66c7d36ae534a1bea" nonce adjusted by 1: 48 -> 49
		Address's "0x7058aada274d7c560632dec66c7d36ae534a1bea" nonce adjusted by 1: 49 -> 50
		Address's "0x7058aada274d7c560632dec66c7d36ae534a1bea" nonce adjusted by 1: 50 -> 51
		Address's "0x7058aada274d7c560632dec66c7d36ae534a1bea" nonce adjusted by 1: 51 -> 52
		Address's "0x7058aada274d7c560632dec66c7d36ae534a1bea" nonce adjusted by 1: 52 -> 53
		Address's "0x7058aada274d7c560632dec66c7d36ae534a1bea" nonce adjusted by 1: 53 -> 54
		Address's "0x7058aada274d7c560632dec66c7d36ae534a1bea" nonce adjusted by 1: 54 -> 55
		Address's "0x7058aada274d7c560632dec66c7d36ae534a1bea" nonce adjusted by 1: 55 -> 56
		Address's "0x7058aada274d7c560632dec66c7d36ae534a1bea" nonce adjusted by 1: 56 -> 57
		Address's "0x7058aada274d7c560632dec66c7d36ae534a1bea" nonce adjusted by 1: 57 -> 58
		Address's "0x7058aada274d7c560632dec66c7d36ae534a1bea" nonce adjusted by 1: 58 -> 59
		Address's "0x7058aada274d7c560632dec66c7d36ae534a1bea" nonce adjusted by 1: 59 -> 60
  ... 0x022f202bb7ea9371dd78fc43eb6677a489d42f852473179cd5379593677ed4bf
	TX submitted: 0x022f202bb7ea9371dd78fc43eb6677a489d42f852473179cd5379593677ed4bf
  ... 0x0a3d6f3f27710b6f782f3ee64de8acf5aaa9d2586fbf98349ed82bfaacb8f8a8
	TX submitted: 0x0a3d6f3f27710b6f782f3ee64de8acf5aaa9d2586fbf98349ed82bfaacb8f8a8
  ... 0x8c4c434ef78792095f288357b25002a4a29d08f59fb0a99c97fcee16c995a6c6
	TX submitted: 0x8c4c434ef78792095f288357b25002a4a29d08f59fb0a99c97fcee16c995a6c6
  ... 0x981c7a5b218cdff7f2828d9447f113bf75233f1fae883f7828ec8c3fd502005d
	TX submitted: 0x981c7a5b218cdff7f2828d9447f113bf75233f1fae883f7828ec8c3fd502005d
  ... 0xe7d894bf1aab54bcadb119c29a9237da8a80bbae5a18b209a98a6a48d04a990a
	TX submitted: 0xe7d894bf1aab54bcadb119c29a9237da8a80bbae5a18b209a98a6a48d04a990a
  ... 0xcfa73cabb7d5ccba19520b3f877519f609d9965f18e4eeb1737fef5b8ba8c95a
	TX submitted: 0xcfa73cabb7d5ccba19520b3f877519f609d9965f18e4eeb1737fef5b8ba8c95a
  ... 0xbeed27927b25fdd8780a322d68d28596d37b62ec3bccd110127d9f278461c786
	TX submitted: 0xbeed27927b25fdd8780a322d68d28596d37b62ec3bccd110127d9f278461c786
  ... 0xb4855acbbb3558d32173acd70b0d8a54d37a73c5ef3e8db5fee29d40eeaef61a
	TX submitted: 0xb4855acbbb3558d32173acd70b0d8a54d37a73c5ef3e8db5fee29d40eeaef61a
  ... 0xba6f2266e92061eeeb6ba033e43ca44193684aa73564244ed5a088e5f2e79a57
	TX submitted: 0xba6f2266e92061eeeb6ba033e43ca44193684aa73564244ed5a088e5f2e79a57
  ... 0x4867d0401a397e619a6e4df66805d1581c9f8507d565d9d46ed8ee9ad8baf518
	TX submitted: 0x4867d0401a397e619a6e4df66805d1581c9f8507d565d9d46ed8ee9ad8baf518
  ... 0x379619be4fec7f8c14be4c952512c973ce9aed17a97efd16f6c8533ead06c819
	TX submitted: 0x379619be4fec7f8c14be4c952512c973ce9aed17a97efd16f6c8533ead06c819
  ... 0xccd8ca5bacfe46574e3dd87958defd52c28baa85b81411cf93b1faf858d6f274
	TX submitted: 0xccd8ca5bacfe46574e3dd87958defd52c28baa85b81411cf93b1faf858d6f274
	User license successfully granted
	User license successfully granted
	User license successfully granted
	User license successfully granted
	User license successfully granted
	User license successfully granted
	User successfully admitted
	User successfully admitted and all ERC20 licenses are granted
	User license successfully granted
	User license successfully granted
	User license successfully granted
	User license successfully granted
	User successfully admitted
	User successfully admitted and all ERC20 licenses are granted
	Token licenses for JcashRegistrar and replenisher successfully configured
	Verify JNT manager
	Verify contract params
		ERROR: JNT controller "0xda25e5b939643a51375eee932aed11b92a9bc003" configured for the contract "0x1fe3825a3012e581843a483df1452fc2fa4f0bad" does not match expected value "0xDA25e5B939643a51375eEe932aeD11b92A9Bc003"
	Verify that JcashRegistrar is allowed to charge JNT
  Migration 8 finished
Error encountered, bailing. Network state unknown. Review successful transactions manually.
Error: Failed to verify deployed JcashRegistrar
    at _callee14$ (/home/user/dev/project/jibrel/jibrel-contracts/jsroutines/migrations/index.js:314:11)
    at tryCatch (/home/user/dev/project/jibrel/jibrel-contracts/node_modules/regenerator-runtime/runtime.js:65:40)
    at Generator.invoke [as _invoke] (/home/user/dev/project/jibrel/jibrel-contracts/node_modules/regenerator-runtime/runtime.js:303:22)
    at Generator.prototype.(anonymous function) [as next] (/home/user/dev/project/jibrel/jibrel-contracts/node_modules/regenerator-runtime/runtime.js:117:21)
    at step (/home/user/dev/project/jibrel/jibrel-contracts/jsroutines/migrations/index.js:28:191)
    at /home/user/dev/project/jibrel/jibrel-contracts/jsroutines/migrations/index.js:28:361
    at <anonymous>


